#
# There is insufficient memory for the Java Runtime Environment to continue.
# Native memory allocation (malloc) failed to allocate 1524336 bytes for Chunk::new
# Possible reasons:
#   The system is out of physical RAM or swap space
#   The process is running with CompressedOops enabled, and the Java Heap may be blocking the growth of the native heap
# Possible solutions:
#   Reduce memory load on the system
#   Increase physical memory or swap space
#   Check if swap backing store is full
#   Decrease Java heap size (-Xmx/-Xms)
#   Decrease number of Java threads
#   Decrease Java thread stack sizes (-Xss)
#   Set larger code cache with -XX:ReservedCodeCacheSize=
#   JVM is running with Unscaled Compressed Oops mode in which the Java heap is
#     placed in the first 4GB address space. The Java Heap base address is the
#     maximum limit for the native heap growth. Please use -XX:HeapBaseMinAddress
#     to set the Java Heap base and to place the Java Heap above 4GB virtual address.
# This output file may be truncated or incomplete.
#
#  Out of Memory Error (arena.cpp:168), pid=4196, tid=17236
#
# JRE version: Java(TM) SE Runtime Environment (21.0.8+12) (build 21.0.8+12-LTS-250)
# Java VM: Java HotSpot(TM) 64-Bit Server VM (21.0.8+12-LTS-250, mixed mode, sharing, tiered, compressed oops, compressed class ptrs, g1 gc, windows-amd64)
# No core dump will be written. Minidumps are not enabled by default on client versions of Windows
#

---------------  S U M M A R Y ------------

Command Line: --add-opens=java.base/java.util=ALL-UNNAMED --add-opens=java.base/java.lang=ALL-UNNAMED --add-opens=java.base/java.lang.invoke=ALL-UNNAMED --add-opens=java.prefs/java.util.prefs=ALL-UNNAMED --add-opens=java.base/java.nio.charset=ALL-UNNAMED --add-opens=java.base/java.net=ALL-UNNAMED --add-opens=java.base/java.util.concurrent.atomic=ALL-UNNAMED -Xmx1536m -Dfile.encoding=utf8 -Duser.country=IN -Duser.language=en -Duser.variant -javaagent:C:\Users\Excel\.gradle\wrapper\dists\gradle-8.6-bin\afr5mpiioh2wthjmwnkmdsd5w\gradle-8.6\lib\agents\gradle-instrumentation-agent-8.6.jar org.gradle.launcher.daemon.bootstrap.GradleDaemon 8.6

Host: AMD Ryzen 5 5500U with Radeon Graphics         , 12 cores, 5G,  Windows 11 , 64 bit Build 26100 (10.0.26100.7705)
Time: Mon Feb  2 18:53:11 2026 India Standard Time elapsed time: 6.598071 seconds (0d 0h 0m 6s)

---------------  T H R E A D  ---------------

Current thread (0x000001b63dbac5a0):  JavaThread "C2 CompilerThread1" daemon [_thread_in_native, id=17236, stack(0x0000001785600000,0x0000001785700000) (1024K)]


Current CompileTask:
C2:   6598 2799   !   4       java.net.URLClassLoader::findClass (47 bytes)

Stack: [0x0000001785600000,0x0000001785700000]
Native frames: (J=compiled Java code, j=interpreted, Vv=VM code, C=native code)
V  [jvm.dll+0x6cc179]
V  [jvm.dll+0x8584c1]
V  [jvm.dll+0x85a9ee]
V  [jvm.dll+0x85b0c3]
V  [jvm.dll+0x27ebf6]
V  [jvm.dll+0xc4f4d]
V  [jvm.dll+0xc5483]
V  [jvm.dll+0x3b6a82]
V  [jvm.dll+0x1e0363]
V  [jvm.dll+0x2477c2]
V  [jvm.dll+0x246c4f]
V  [jvm.dll+0x1c7a3e]
V  [jvm.dll+0x256359]
V  [jvm.dll+0x2548ea]
V  [jvm.dll+0x3efef6]
V  [jvm.dll+0x80279b]
V  [jvm.dll+0x6ca85d]
C  [ucrtbase.dll+0x37b0]
C  [KERNEL32.DLL+0x2e8d7]
C  [ntdll.dll+0x8c40c]


---------------  P R O C E S S  ---------------

Threads class SMR info:
_java_thread_list=0x000001b6052d7da0, length=26, elements={
0x000001b61f012e80, 0x000001b63d7033a0, 0x000001b63d703df0, 0x000001b63d7085a0,
0x000001b63d70a000, 0x000001b63d70ccf0, 0x000001b63d70d740, 0x000001b63d70e4c0,
0x000001b63d710f60, 0x000001b63d6d3bc0, 0x000001b63da45a30, 0x000001b63dbac5a0,
0x000001b604cdf540, 0x000001b604ad94f0, 0x000001b604d01650, 0x000001b6042a2960,
0x000001b604412f30, 0x000001b6050525b0, 0x000001b604fb1a20, 0x000001b6050907d0,
0x000001b604d4cec0, 0x000001b604d4b480, 0x000001b604d4e270, 0x000001b604d4bb10,
0x000001b604d4d550, 0x000001b604d4c1a0
}

Java Threads: ( => current thread )
  0x000001b61f012e80 JavaThread "main"                              [_thread_blocked, id=2496, stack(0x0000001784400000,0x0000001784500000) (1024K)]
  0x000001b63d7033a0 JavaThread "Reference Handler"          daemon [_thread_blocked, id=13768, stack(0x0000001784c00000,0x0000001784d00000) (1024K)]
  0x000001b63d703df0 JavaThread "Finalizer"                  daemon [_thread_blocked, id=15720, stack(0x0000001784d00000,0x0000001784e00000) (1024K)]
  0x000001b63d7085a0 JavaThread "Signal Dispatcher"          daemon [_thread_blocked, id=9132, stack(0x0000001784e00000,0x0000001784f00000) (1024K)]
  0x000001b63d70a000 JavaThread "Attach Listener"            daemon [_thread_blocked, id=17636, stack(0x0000001784f00000,0x0000001785000000) (1024K)]
  0x000001b63d70ccf0 JavaThread "Service Thread"             daemon [_thread_blocked, id=17624, stack(0x0000001785000000,0x0000001785100000) (1024K)]
  0x000001b63d70d740 JavaThread "Monitor Deflation Thread"   daemon [_thread_blocked, id=3208, stack(0x0000001785100000,0x0000001785200000) (1024K)]
  0x000001b63d70e4c0 JavaThread "C2 CompilerThread0"         daemon [_thread_in_native, id=21832, stack(0x0000001785200000,0x0000001785300000) (1024K)]
  0x000001b63d710f60 JavaThread "C1 CompilerThread0"         daemon [_thread_blocked, id=10140, stack(0x0000001785300000,0x0000001785400000) (1024K)]
  0x000001b63d6d3bc0 JavaThread "Common-Cleaner"             daemon [_thread_blocked, id=15860, stack(0x0000001785400000,0x0000001785500000) (1024K)]
  0x000001b63da45a30 JavaThread "Notification Thread"        daemon [_thread_blocked, id=2376, stack(0x0000001785500000,0x0000001785600000) (1024K)]
=>0x000001b63dbac5a0 JavaThread "C2 CompilerThread1"         daemon [_thread_in_native, id=17236, stack(0x0000001785600000,0x0000001785700000) (1024K)]
  0x000001b604cdf540 JavaThread "Daemon health stats"               [_thread_blocked, id=18340, stack(0x0000001785b00000,0x0000001785c00000) (1024K)]
  0x000001b604ad94f0 JavaThread "Incoming local TCP Connector on port 49328"        [_thread_in_native, id=20520, stack(0x0000001785c00000,0x0000001785d00000) (1024K)]
  0x000001b604d01650 JavaThread "Daemon periodic checks"            [_thread_blocked, id=2472, stack(0x0000001785d00000,0x0000001785e00000) (1024K)]
  0x000001b6042a2960 JavaThread "Daemon"                            [_thread_blocked, id=15424, stack(0x0000001785e00000,0x0000001785f00000) (1024K)]
  0x000001b604412f30 JavaThread "Handler for socket connection from /127.0.0.1:49328 to /127.0.0.1:49329"        [_thread_in_native, id=15880, stack(0x0000001785f00000,0x0000001786000000) (1024K)]
  0x000001b6050525b0 JavaThread "Cancel handler"                    [_thread_blocked, id=18544, stack(0x0000001786000000,0x0000001786100000) (1024K)]
  0x000001b604fb1a20 JavaThread "Daemon worker"                     [_thread_in_vm, id=13352, stack(0x0000001786100000,0x0000001786200000) (1024K)]
  0x000001b6050907d0 JavaThread "Asynchronous log dispatcher for DefaultDaemonConnection: socket connection from /127.0.0.1:49328 to /127.0.0.1:49329"        [_thread_blocked, id=12088, stack(0x0000001786200000,0x0000001786300000) (1024K)]
  0x000001b604d4cec0 JavaThread "Stdin handler"                     [_thread_blocked, id=5004, stack(0x0000001786300000,0x0000001786400000) (1024K)]
  0x000001b604d4b480 JavaThread "Daemon client event forwarder"        [_thread_blocked, id=12384, stack(0x0000001786400000,0x0000001786500000) (1024K)]
  0x000001b604d4e270 JavaThread "Cache worker for journal cache (C:\Users\Excel\.gradle\caches\journal-1)"        [_thread_blocked, id=1984, stack(0x0000001786a00000,0x0000001786b00000) (1024K)]
  0x000001b604d4bb10 JavaThread "File lock request listener"        [_thread_in_native, id=18232, stack(0x0000001786b00000,0x0000001786c00000) (1024K)]
  0x000001b604d4d550 JavaThread "Cache worker for file hash cache (C:\Users\Excel\.gradle\caches\8.6\fileHashes)"        [_thread_blocked, id=20788, stack(0x0000001786c00000,0x0000001786d00000) (1024K)]
  0x000001b604d4c1a0 JavaThread "File lock release action executor"        [_thread_blocked, id=16344, stack(0x0000001786d00000,0x0000001786e00000) (1024K)]
Total: 26

Other Threads:
  0x000001b63d6e7fe0 VMThread "VM Thread"                           [id=22188, stack(0x0000001784b00000,0x0000001784c00000) (1024K)]
  0x000001b63d6d2c50 WatcherThread "VM Periodic Task Thread"        [id=7124, stack(0x0000001784a00000,0x0000001784b00000) (1024K)]
  0x000001b62132a8c0 WorkerThread "GC Thread#0"                     [id=8312, stack(0x0000001784500000,0x0000001784600000) (1024K)]
  0x000001b67f7f17f0 WorkerThread "GC Thread#1"                     [id=19376, stack(0x0000001785700000,0x0000001785800000) (1024K)]
  0x000001b6040aafa0 WorkerThread "GC Thread#2"                     [id=16640, stack(0x0000001785800000,0x0000001785900000) (1024K)]
  0x000001b67f1ed940 WorkerThread "GC Thread#3"                     [id=19132, stack(0x0000001785900000,0x0000001785a00000) (1024K)]
  0x000001b67f1edce0 WorkerThread "GC Thread#4"                     [id=15340, stack(0x0000001785a00000,0x0000001785b00000) (1024K)]
  0x000001b6052bf870 WorkerThread "GC Thread#5"                     [id=5068, stack(0x0000001786500000,0x0000001786600000) (1024K)]
  0x000001b6052bfc10 WorkerThread "GC Thread#6"                     [id=17384, stack(0x0000001786600000,0x0000001786700000) (1024K)]
  0x000001b6052c03b0 WorkerThread "GC Thread#7"                     [id=4880, stack(0x0000001786700000,0x0000001786800000) (1024K)]
  0x000001b6052bba60 WorkerThread "GC Thread#8"                     [id=20380, stack(0x0000001786800000,0x0000001786900000) (1024K)]
  0x000001b6052bc8e0 WorkerThread "GC Thread#9"                     [id=10960, stack(0x0000001786900000,0x0000001786a00000) (1024K)]
  0x000001b6213347a0 ConcurrentGCThread "G1 Main Marker"            [id=21760, stack(0x0000001784600000,0x0000001784700000) (1024K)]
  0x000001b61f0ceb40 WorkerThread "G1 Conc#0"                       [id=21680, stack(0x0000001784700000,0x0000001784800000) (1024K)]
  0x000001b63d5a40e0 ConcurrentGCThread "G1 Refine#0"               [id=22432, stack(0x0000001784800000,0x0000001784900000) (1024K)]
  0x000001b63d5a4a60 ConcurrentGCThread "G1 Service"                [id=7944, stack(0x0000001784900000,0x0000001784a00000) (1024K)]
Total: 16

Threads with active compile tasks:
C2 CompilerThread0     6839 2809       4       java.net.URLClassLoader$1::run (5 bytes)
C2 CompilerThread1     6839 2799   !   4       java.net.URLClassLoader::findClass (47 bytes)
Total: 2

VM state: not at safepoint (normal execution)

VM Mutex/Monitor currently owned by a thread: None

Heap address: 0x00000000a0000000, size: 1536 MB, Compressed Oops mode: 32-bit

CDS archive(s) mapped at: [0x000001b63e000000-0x000001b63ec90000-0x000001b63ec90000), size 13172736, SharedBaseAddress: 0x000001b63e000000, ArchiveRelocationMode: 1.
Compressed class space mapped at: 0x000001b63f000000-0x000001b67f000000, reserved size: 1073741824
Narrow klass base: 0x000001b63e000000, Narrow klass shift: 0, Narrow klass range: 0x100000000

GC Precious Log:
 CardTable entry size: 512
 Card Set container configuration: InlinePtr #cards 5 size 8 Array Of Cards #cards 12 size 40 Howl #buckets 4 coarsen threshold 1843 Howl Bitmap #cards 512 size 80 coarsen threshold 460 Card regions per heap region 1 cards per card region 2048
 CPUs: 12 total, 12 available
 Memory: 6005M
 Large Page Support: Disabled
 NUMA Support: Disabled
 Compressed Oops: Enabled (32-bit)
 Heap Region Size: 1M
 Heap Min Capacity: 8M
 Heap Initial Capacity: 94M
 Heap Max Capacity: 1536M
 Pre-touch: Disabled
 Parallel Workers: 10
 Concurrent Workers: 3
 Concurrent Refinement Workers: 10
 Periodic GC: Disabled

Heap:
 garbage-first heap   total 96256K, used 66197K [0x00000000a0000000, 0x0000000100000000)
  region size 1024K, 54 young (55296K), 7 survivors (7168K)
 Metaspace       used 20553K, committed 21184K, reserved 1114112K
  class space    used 2958K, committed 3264K, reserved 1048576K

Heap Regions: E=young(eden), S=young(survivor), O=old, HS=humongous(starts), HC=humongous(continues), CS=collection set, F=free, TAMS=top-at-mark-start, PB=parsable bottom
|   0|0x00000000a0000000, 0x00000000a0100000, 0x00000000a0100000|100%|HS|  |TAMS 0x00000000a0000000| PB 0x00000000a0000000| Complete 
|   1|0x00000000a0100000, 0x00000000a0200000, 0x00000000a0200000|100%|HC|  |TAMS 0x00000000a0100000| PB 0x00000000a0100000| Complete 
|   2|0x00000000a0200000, 0x00000000a0300000, 0x00000000a0300000|100%|HC|  |TAMS 0x00000000a0200000| PB 0x00000000a0200000| Complete 
|   3|0x00000000a0300000, 0x00000000a0400000, 0x00000000a0400000|100%|HC|  |TAMS 0x00000000a0300000| PB 0x00000000a0300000| Complete 
|   4|0x00000000a0400000, 0x00000000a0500000, 0x00000000a0500000|100%| O|  |TAMS 0x00000000a0400000| PB 0x00000000a0400000| Untracked 
|   5|0x00000000a0500000, 0x00000000a0600000, 0x00000000a0600000|100%| O|  |TAMS 0x00000000a0500000| PB 0x00000000a0500000| Untracked 
|   6|0x00000000a0600000, 0x00000000a0700000, 0x00000000a0700000|100%| O|  |TAMS 0x00000000a0600000| PB 0x00000000a0600000| Untracked 
|   7|0x00000000a0700000, 0x00000000a0800000, 0x00000000a0800000|100%| O|  |TAMS 0x00000000a0700000| PB 0x00000000a0700000| Untracked 
|   8|0x00000000a0800000, 0x00000000a0900000, 0x00000000a0900000|100%| O|  |TAMS 0x00000000a0800000| PB 0x00000000a0800000| Untracked 
|   9|0x00000000a0900000, 0x00000000a0a00000, 0x00000000a0a00000|100%| O|  |TAMS 0x00000000a0900000| PB 0x00000000a0900000| Untracked 
|  10|0x00000000a0a00000, 0x00000000a0b00000, 0x00000000a0b00000|100%| O|  |TAMS 0x00000000a0a00000| PB 0x00000000a0a00000| Untracked 
|  11|0x00000000a0b00000, 0x00000000a0b00000, 0x00000000a0c00000|  0%| F|  |TAMS 0x00000000a0b00000| PB 0x00000000a0b00000| Untracked 
|  12|0x00000000a0c00000, 0x00000000a0d00000, 0x00000000a0d00000|100%| O|  |TAMS 0x00000000a0c00000| PB 0x00000000a0c00000| Untracked 
|  13|0x00000000a0d00000, 0x00000000a0da55b0, 0x00000000a0e00000| 64%| O|  |TAMS 0x00000000a0d00000| PB 0x00000000a0d00000| Untracked 
|  14|0x00000000a0e00000, 0x00000000a0e00000, 0x00000000a0f00000|  0%| F|  |TAMS 0x00000000a0e00000| PB 0x00000000a0e00000| Untracked 
|  15|0x00000000a0f00000, 0x00000000a0f00000, 0x00000000a1000000|  0%| F|  |TAMS 0x00000000a0f00000| PB 0x00000000a0f00000| Untracked 
|  16|0x00000000a1000000, 0x00000000a1000000, 0x00000000a1100000|  0%| F|  |TAMS 0x00000000a1000000| PB 0x00000000a1000000| Untracked 
|  17|0x00000000a1100000, 0x00000000a1100000, 0x00000000a1200000|  0%| F|  |TAMS 0x00000000a1100000| PB 0x00000000a1100000| Untracked 
|  18|0x00000000a1200000, 0x00000000a1200000, 0x00000000a1300000|  0%| F|  |TAMS 0x00000000a1200000| PB 0x00000000a1200000| Untracked 
|  19|0x00000000a1300000, 0x00000000a1300000, 0x00000000a1400000|  0%| F|  |TAMS 0x00000000a1300000| PB 0x00000000a1300000| Untracked 
|  20|0x00000000a1400000, 0x00000000a1400000, 0x00000000a1500000|  0%| F|  |TAMS 0x00000000a1400000| PB 0x00000000a1400000| Untracked 
|  21|0x00000000a1500000, 0x00000000a1500000, 0x00000000a1600000|  0%| F|  |TAMS 0x00000000a1500000| PB 0x00000000a1500000| Untracked 
|  22|0x00000000a1600000, 0x00000000a1600000, 0x00000000a1700000|  0%| F|  |TAMS 0x00000000a1600000| PB 0x00000000a1600000| Untracked 
|  23|0x00000000a1700000, 0x00000000a1700000, 0x00000000a1800000|  0%| F|  |TAMS 0x00000000a1700000| PB 0x00000000a1700000| Untracked 
|  24|0x00000000a1800000, 0x00000000a1800000, 0x00000000a1900000|  0%| F|  |TAMS 0x00000000a1800000| PB 0x00000000a1800000| Untracked 
|  25|0x00000000a1900000, 0x00000000a1900000, 0x00000000a1a00000|  0%| F|  |TAMS 0x00000000a1900000| PB 0x00000000a1900000| Untracked 
|  26|0x00000000a1a00000, 0x00000000a1a00000, 0x00000000a1b00000|  0%| F|  |TAMS 0x00000000a1a00000| PB 0x00000000a1a00000| Untracked 
|  27|0x00000000a1b00000, 0x00000000a1b00000, 0x00000000a1c00000|  0%| F|  |TAMS 0x00000000a1b00000| PB 0x00000000a1b00000| Untracked 
|  28|0x00000000a1c00000, 0x00000000a1c00000, 0x00000000a1d00000|  0%| F|  |TAMS 0x00000000a1c00000| PB 0x00000000a1c00000| Untracked 
|  29|0x00000000a1d00000, 0x00000000a1d00000, 0x00000000a1e00000|  0%| F|  |TAMS 0x00000000a1d00000| PB 0x00000000a1d00000| Untracked 
|  30|0x00000000a1e00000, 0x00000000a1e00000, 0x00000000a1f00000|  0%| F|  |TAMS 0x00000000a1e00000| PB 0x00000000a1e00000| Untracked 
|  31|0x00000000a1f00000, 0x00000000a2000000, 0x00000000a2000000|100%| S|CS|TAMS 0x00000000a1f00000| PB 0x00000000a1f00000| Complete 
|  32|0x00000000a2000000, 0x00000000a2100000, 0x00000000a2100000|100%| S|CS|TAMS 0x00000000a2000000| PB 0x00000000a2000000| Complete 
|  33|0x00000000a2100000, 0x00000000a2200000, 0x00000000a2200000|100%| S|CS|TAMS 0x00000000a2100000| PB 0x00000000a2100000| Complete 
|  34|0x00000000a2200000, 0x00000000a2300000, 0x00000000a2300000|100%| S|CS|TAMS 0x00000000a2200000| PB 0x00000000a2200000| Complete 
|  35|0x00000000a2300000, 0x00000000a2400000, 0x00000000a2400000|100%| S|CS|TAMS 0x00000000a2300000| PB 0x00000000a2300000| Complete 
|  36|0x00000000a2400000, 0x00000000a2500000, 0x00000000a2500000|100%| S|CS|TAMS 0x00000000a2400000| PB 0x00000000a2400000| Complete 
|  37|0x00000000a2500000, 0x00000000a2600000, 0x00000000a2600000|100%| S|CS|TAMS 0x00000000a2500000| PB 0x00000000a2500000| Complete 
|  38|0x00000000a2600000, 0x00000000a2600000, 0x00000000a2700000|  0%| F|  |TAMS 0x00000000a2600000| PB 0x00000000a2600000| Untracked 
|  39|0x00000000a2700000, 0x00000000a2700000, 0x00000000a2800000|  0%| F|  |TAMS 0x00000000a2700000| PB 0x00000000a2700000| Untracked 
|  40|0x00000000a2800000, 0x00000000a2800000, 0x00000000a2900000|  0%| F|  |TAMS 0x00000000a2800000| PB 0x00000000a2800000| Untracked 
|  41|0x00000000a2900000, 0x00000000a2900000, 0x00000000a2a00000|  0%| F|  |TAMS 0x00000000a2900000| PB 0x00000000a2900000| Untracked 
|  42|0x00000000a2a00000, 0x00000000a2a00000, 0x00000000a2b00000|  0%| F|  |TAMS 0x00000000a2a00000| PB 0x00000000a2a00000| Untracked 
|  43|0x00000000a2b00000, 0x00000000a2b00000, 0x00000000a2c00000|  0%| F|  |TAMS 0x00000000a2b00000| PB 0x00000000a2b00000| Untracked 
|  44|0x00000000a2c00000, 0x00000000a2c00000, 0x00000000a2d00000|  0%| F|  |TAMS 0x00000000a2c00000| PB 0x00000000a2c00000| Untracked 
|  45|0x00000000a2d00000, 0x00000000a2d00000, 0x00000000a2e00000|  0%| F|  |TAMS 0x00000000a2d00000| PB 0x00000000a2d00000| Untracked 
|  46|0x00000000a2e00000, 0x00000000a2e00000, 0x00000000a2f00000|  0%| F|  |TAMS 0x00000000a2e00000| PB 0x00000000a2e00000| Untracked 
|  47|0x00000000a2f00000, 0x00000000a2f52b50, 0x00000000a3000000| 32%| E|  |TAMS 0x00000000a2f00000| PB 0x00000000a2f00000| Complete 
|  48|0x00000000a3000000, 0x00000000a3100000, 0x00000000a3100000|100%| E|CS|TAMS 0x00000000a3000000| PB 0x00000000a3000000| Complete 
|  49|0x00000000a3100000, 0x00000000a3200000, 0x00000000a3200000|100%| E|CS|TAMS 0x00000000a3100000| PB 0x00000000a3100000| Complete 
|  50|0x00000000a3200000, 0x00000000a3300000, 0x00000000a3300000|100%| E|CS|TAMS 0x00000000a3200000| PB 0x00000000a3200000| Complete 
|  51|0x00000000a3300000, 0x00000000a3400000, 0x00000000a3400000|100%| E|CS|TAMS 0x00000000a3300000| PB 0x00000000a3300000| Complete 
|  52|0x00000000a3400000, 0x00000000a3500000, 0x00000000a3500000|100%| E|CS|TAMS 0x00000000a3400000| PB 0x00000000a3400000| Complete 
|  53|0x00000000a3500000, 0x00000000a3600000, 0x00000000a3600000|100%| E|CS|TAMS 0x00000000a3500000| PB 0x00000000a3500000| Complete 
|  54|0x00000000a3600000, 0x00000000a3700000, 0x00000000a3700000|100%| E|CS|TAMS 0x00000000a3600000| PB 0x00000000a3600000| Complete 
|  55|0x00000000a3700000, 0x00000000a3800000, 0x00000000a3800000|100%| E|CS|TAMS 0x00000000a3700000| PB 0x00000000a3700000| Complete 
|  56|0x00000000a3800000, 0x00000000a3900000, 0x00000000a3900000|100%| E|CS|TAMS 0x00000000a3800000| PB 0x00000000a3800000| Complete 
|  57|0x00000000a3900000, 0x00000000a3a00000, 0x00000000a3a00000|100%| E|CS|TAMS 0x00000000a3900000| PB 0x00000000a3900000| Complete 
|  58|0x00000000a3a00000, 0x00000000a3b00000, 0x00000000a3b00000|100%| E|CS|TAMS 0x00000000a3a00000| PB 0x00000000a3a00000| Complete 
|  59|0x00000000a3b00000, 0x00000000a3c00000, 0x00000000a3c00000|100%| E|CS|TAMS 0x00000000a3b00000| PB 0x00000000a3b00000| Complete 
|  60|0x00000000a3c00000, 0x00000000a3d00000, 0x00000000a3d00000|100%| E|CS|TAMS 0x00000000a3c00000| PB 0x00000000a3c00000| Complete 
|  61|0x00000000a3d00000, 0x00000000a3e00000, 0x00000000a3e00000|100%| E|CS|TAMS 0x00000000a3d00000| PB 0x00000000a3d00000| Complete 
|  62|0x00000000a3e00000, 0x00000000a3f00000, 0x00000000a3f00000|100%| E|CS|TAMS 0x00000000a3e00000| PB 0x00000000a3e00000| Complete 
|  63|0x00000000a3f00000, 0x00000000a4000000, 0x00000000a4000000|100%| E|CS|TAMS 0x00000000a3f00000| PB 0x00000000a3f00000| Complete 
|  64|0x00000000a4000000, 0x00000000a4100000, 0x00000000a4100000|100%| E|  |TAMS 0x00000000a4000000| PB 0x00000000a4000000| Complete 
|  65|0x00000000a4100000, 0x00000000a4200000, 0x00000000a4200000|100%| E|CS|TAMS 0x00000000a4100000| PB 0x00000000a4100000| Complete 
|  66|0x00000000a4200000, 0x00000000a4300000, 0x00000000a4300000|100%| E|CS|TAMS 0x00000000a4200000| PB 0x00000000a4200000| Complete 
|  67|0x00000000a4300000, 0x00000000a4400000, 0x00000000a4400000|100%| E|CS|TAMS 0x00000000a4300000| PB 0x00000000a4300000| Complete 
|  68|0x00000000a4400000, 0x00000000a4500000, 0x00000000a4500000|100%| E|CS|TAMS 0x00000000a4400000| PB 0x00000000a4400000| Complete 
|  69|0x00000000a4500000, 0x00000000a4600000, 0x00000000a4600000|100%| E|CS|TAMS 0x00000000a4500000| PB 0x00000000a4500000| Complete 
|  70|0x00000000a4600000, 0x00000000a4700000, 0x00000000a4700000|100%| E|CS|TAMS 0x00000000a4600000| PB 0x00000000a4600000| Complete 
|  71|0x00000000a4700000, 0x00000000a4800000, 0x00000000a4800000|100%| E|CS|TAMS 0x00000000a4700000| PB 0x00000000a4700000| Complete 
|  72|0x00000000a4800000, 0x00000000a4900000, 0x00000000a4900000|100%| E|CS|TAMS 0x00000000a4800000| PB 0x00000000a4800000| Complete 
|  73|0x00000000a4900000, 0x00000000a4a00000, 0x00000000a4a00000|100%| E|CS|TAMS 0x00000000a4900000| PB 0x00000000a4900000| Complete 
|  74|0x00000000a4a00000, 0x00000000a4b00000, 0x00000000a4b00000|100%| E|CS|TAMS 0x00000000a4a00000| PB 0x00000000a4a00000| Complete 
|  75|0x00000000a4b00000, 0x00000000a4c00000, 0x00000000a4c00000|100%| E|CS|TAMS 0x00000000a4b00000| PB 0x00000000a4b00000| Complete 
|  76|0x00000000a4c00000, 0x00000000a4d00000, 0x00000000a4d00000|100%| E|CS|TAMS 0x00000000a4c00000| PB 0x00000000a4c00000| Complete 
|  77|0x00000000a4d00000, 0x00000000a4e00000, 0x00000000a4e00000|100%| E|CS|TAMS 0x00000000a4d00000| PB 0x00000000a4d00000| Complete 
|  78|0x00000000a4e00000, 0x00000000a4f00000, 0x00000000a4f00000|100%| E|CS|TAMS 0x00000000a4e00000| PB 0x00000000a4e00000| Complete 
|  79|0x00000000a4f00000, 0x00000000a5000000, 0x00000000a5000000|100%| E|CS|TAMS 0x00000000a4f00000| PB 0x00000000a4f00000| Complete 
|  80|0x00000000a5000000, 0x00000000a5100000, 0x00000000a5100000|100%| E|CS|TAMS 0x00000000a5000000| PB 0x00000000a5000000| Complete 
|  81|0x00000000a5100000, 0x00000000a5200000, 0x00000000a5200000|100%| E|CS|TAMS 0x00000000a5100000| PB 0x00000000a5100000| Complete 
|  82|0x00000000a5200000, 0x00000000a5300000, 0x00000000a5300000|100%| E|CS|TAMS 0x00000000a5200000| PB 0x00000000a5200000| Complete 
|  83|0x00000000a5300000, 0x00000000a5400000, 0x00000000a5400000|100%| E|CS|TAMS 0x00000000a5300000| PB 0x00000000a5300000| Complete 
|  84|0x00000000a5400000, 0x00000000a5500000, 0x00000000a5500000|100%| E|CS|TAMS 0x00000000a5400000| PB 0x00000000a5400000| Complete 
|  85|0x00000000a5500000, 0x00000000a5600000, 0x00000000a5600000|100%| E|CS|TAMS 0x00000000a5500000| PB 0x00000000a5500000| Complete 
|  86|0x00000000a5600000, 0x00000000a5700000, 0x00000000a5700000|100%| E|CS|TAMS 0x00000000a5600000| PB 0x00000000a5600000| Complete 
|  87|0x00000000a5700000, 0x00000000a5800000, 0x00000000a5800000|100%| E|CS|TAMS 0x00000000a5700000| PB 0x00000000a5700000| Complete 
|  88|0x00000000a5800000, 0x00000000a5900000, 0x00000000a5900000|100%| E|CS|TAMS 0x00000000a5800000| PB 0x00000000a5800000| Complete 
|  89|0x00000000a5900000, 0x00000000a5a00000, 0x00000000a5a00000|100%| E|CS|TAMS 0x00000000a5900000| PB 0x00000000a5900000| Complete 
|  90|0x00000000a5a00000, 0x00000000a5b00000, 0x00000000a5b00000|100%| E|CS|TAMS 0x00000000a5a00000| PB 0x00000000a5a00000| Complete 
|  91|0x00000000a5b00000, 0x00000000a5c00000, 0x00000000a5c00000|100%| E|CS|TAMS 0x00000000a5b00000| PB 0x00000000a5b00000| Complete 
|  92|0x00000000a5c00000, 0x00000000a5d00000, 0x00000000a5d00000|100%| E|CS|TAMS 0x00000000a5c00000| PB 0x00000000a5c00000| Complete 
|  93|0x00000000a5d00000, 0x00000000a5e00000, 0x00000000a5e00000|100%| E|CS|TAMS 0x00000000a5d00000| PB 0x00000000a5d00000| Complete 

Card table byte_map: [0x000001b638fb0000,0x000001b6392b0000] _byte_map_base: 0x000001b638ab0000

Marking Bits: (CMBitMap*) 0x000001b62132aed0
 Bits: [0x000001b6392b0000, 0x000001b63aab0000)

Polling page: 0x000001b61f1b0000

Metaspace:

Usage:
  Non-class:     17.19 MB used.
      Class:      2.89 MB used.
       Both:     20.08 MB used.

Virtual space:
  Non-class space:       64.00 MB reserved,      17.50 MB ( 27%) committed,  1 nodes.
      Class space:        1.00 GB reserved,       3.19 MB ( <1%) committed,  1 nodes.
             Both:        1.06 GB reserved,      20.69 MB (  2%) committed. 

Chunk freelists:
   Non-Class:  13.81 MB
       Class:  12.84 MB
        Both:  26.66 MB

MaxMetaspaceSize: unlimited
CompressedClassSpaceSize: 1.00 GB
Initial GC threshold: 21.00 MB
Current GC threshold: 21.00 MB
CDS: on
 - commit_granule_bytes: 65536.
 - commit_granule_words: 8192.
 - virtual_space_node_default_size: 8388608.
 - enlarge_chunks_in_place: 1.
 - use_allocation_guard: 0.


Internal statistics:

num_allocs_failed_limit: 0.
num_arena_births: 934.
num_arena_deaths: 0.
num_vsnodes_births: 2.
num_vsnodes_deaths: 0.
num_space_committed: 331.
num_space_uncommitted: 0.
num_chunks_returned_to_freelist: 0.
num_chunks_taken_from_freelist: 1726.
num_chunk_merges: 0.
num_chunk_splits: 1133.
num_chunks_enlarged: 746.
num_inconsistent_stats: 0.

CodeHeap 'non-profiled nmethods': size=120000Kb used=1482Kb max_used=1482Kb free=118517Kb
 bounds [0x000001b631230000, 0x000001b6314a0000, 0x000001b638760000]
CodeHeap 'profiled nmethods': size=120000Kb used=5871Kb max_used=5871Kb free=114128Kb
 bounds [0x000001b629760000, 0x000001b629d20000, 0x000001b630c90000]
CodeHeap 'non-nmethods': size=5760Kb used=1491Kb max_used=1538Kb free=4268Kb
 bounds [0x000001b630c90000, 0x000001b630f00000, 0x000001b631230000]
 total_blobs=3501 nmethods=2930 adapters=475
 compilation: enabled
              stopped_count=0, restarted_count=0
 full_count=0

Compilation events (20 events):
Event: 5.557 Thread 0x000001b63d710f60 2931       3       java.lang.ClassLoader::getParent (32 bytes)
Event: 5.558 Thread 0x000001b63d710f60 nmethod 2931 0x000001b629d15010 code [0x000001b629d151c0, 0x000001b629d15420]
Event: 5.565 Thread 0x000001b63d710f60 2932       3       java.lang.invoke.MethodHandles$Lookup::getDirectMethod (18 bytes)
Event: 5.565 Thread 0x000001b63d710f60 nmethod 2932 0x000001b629d15510 code [0x000001b629d156c0, 0x000001b629d15810]
Event: 5.574 Thread 0x000001b63d710f60 2933       3       java.util.LinkedHashMap::keysToArray (7 bytes)
Event: 5.574 Thread 0x000001b63d710f60 nmethod 2933 0x000001b629d15910 code [0x000001b629d15ac0, 0x000001b629d15c00]
Event: 5.574 Thread 0x000001b63d710f60 2934       3       java.lang.reflect.Proxy$ProxyBuilder::addElementTypes (33 bytes)
Event: 5.575 Thread 0x000001b63d710f60 nmethod 2934 0x000001b629d15c90 code [0x000001b629d15ea0, 0x000001b629d16560]
Event: 5.577 Thread 0x000001b63d710f60 2935       3       java.lang.invoke.InvokerBytecodeGenerator::emitArrayOp (113 bytes)
Event: 5.578 Thread 0x000001b63d710f60 nmethod 2935 0x000001b629d16810 code [0x000001b629d16a60, 0x000001b629d17250]
Event: 5.580 Thread 0x000001b63d710f60 2936       3       java.lang.invoke.LambdaFormEditor::makeArgumentCombinationForm (508 bytes)
Event: 5.582 Thread 0x000001b63d710f60 nmethod 2936 0x000001b629d17610 code [0x000001b629d17a40, 0x000001b629d198d0]
Event: 5.587 Thread 0x000001b63d710f60 2937       3       java.lang.AbstractStringBuilder::appendChars (130 bytes)
Event: 5.588 Thread 0x000001b63d710f60 nmethod 2937 0x000001b629d1a990 code [0x000001b629d1aba0, 0x000001b629d1b120]
Event: 5.588 Thread 0x000001b63d710f60 2939       2       java.util.ArrayDeque::elementAt (4 bytes)
Event: 5.588 Thread 0x000001b63d710f60 nmethod 2939 0x000001b629d1b390 code [0x000001b629d1b520, 0x000001b629d1b630]
Event: 5.588 Thread 0x000001b63d710f60 2938       1       com.google.common.io.LineReader::access$000 (5 bytes)
Event: 5.588 Thread 0x000001b63d710f60 nmethod 2938 0x000001b6313a2690 code [0x000001b6313a2820, 0x000001b6313a28d0]
Event: 6.145 Thread 0x000001b63d710f60 2941       3       java.util.concurrent.locks.ReentrantLock$NonfairSync::tryAcquire (27 bytes)
Event: 6.146 Thread 0x000001b63d710f60 nmethod 2941 0x000001b629d1b710 code [0x000001b629d1b8e0, 0x000001b629d1bb68]

GC Heap History (6 events):
Event: 1.135 GC heap before
{Heap before GC invocations=0 (full 0):
 garbage-first heap   total 96256K, used 26624K [0x00000000a0000000, 0x0000000100000000)
  region size 1024K, 23 young (23552K), 0 survivors (0K)
 Metaspace       used 3206K, committed 3392K, reserved 1114112K
  class space    used 405K, committed 448K, reserved 1048576K
}
Event: 1.144 GC heap after
{Heap after GC invocations=1 (full 0):
 garbage-first heap   total 96256K, used 10720K [0x00000000a0000000, 0x0000000100000000)
  region size 1024K, 3 young (3072K), 3 survivors (3072K)
 Metaspace       used 3206K, committed 3392K, reserved 1114112K
  class space    used 405K, committed 448K, reserved 1048576K
}
Event: 2.030 GC heap before
{Heap before GC invocations=1 (full 0):
 garbage-first heap   total 96256K, used 38368K [0x00000000a0000000, 0x0000000100000000)
  region size 1024K, 31 young (31744K), 3 survivors (3072K)
 Metaspace       used 4129K, committed 4352K, reserved 1114112K
  class space    used 496K, committed 640K, reserved 1048576K
}
Event: 2.035 GC heap after
{Heap after GC invocations=2 (full 0):
 garbage-first heap   total 96256K, used 11492K [0x00000000a0000000, 0x0000000100000000)
  region size 1024K, 1 young (1024K), 1 survivors (1024K)
 Metaspace       used 4129K, committed 4352K, reserved 1114112K
  class space    used 496K, committed 640K, reserved 1048576K
}
Event: 4.160 GC heap before
{Heap before GC invocations=2 (full 0):
 garbage-first heap   total 96256K, used 68836K [0x00000000a0000000, 0x0000000100000000)
  region size 1024K, 56 young (57344K), 1 survivors (1024K)
 Metaspace       used 13552K, committed 13952K, reserved 1114112K
  class space    used 1835K, committed 1984K, reserved 1048576K
}
Event: 4.168 GC heap after
{Heap after GC invocations=3 (full 0):
 garbage-first heap   total 96256K, used 20117K [0x00000000a0000000, 0x0000000100000000)
  region size 1024K, 7 young (7168K), 7 survivors (7168K)
 Metaspace       used 13552K, committed 13952K, reserved 1114112K
  class space    used 1835K, committed 1984K, reserved 1048576K
}

Dll operation events (15 events):
Event: 0.019 Loaded shared library C:\Program Files\Java\jdk-21\bin\java.dll
Event: 0.071 Loaded shared library C:\Program Files\Java\jdk-21\bin\jsvml.dll
Event: 0.146 Loaded shared library C:\Program Files\Java\jdk-21\bin\zip.dll
Event: 0.151 Loaded shared library C:\Program Files\Java\jdk-21\bin\instrument.dll
Event: 0.156 Loaded shared library C:\Program Files\Java\jdk-21\bin\net.dll
Event: 0.160 Loaded shared library C:\Program Files\Java\jdk-21\bin\nio.dll
Event: 0.166 Loaded shared library C:\Program Files\Java\jdk-21\bin\zip.dll
Event: 0.466 Loaded shared library C:\Program Files\Java\jdk-21\bin\jimage.dll
Event: 0.561 Loaded shared library C:\Program Files\Java\jdk-21\bin\verify.dll
Event: 0.896 Loaded shared library C:\Users\Excel\.gradle\native\c067742578af261105cb4f569cf0c3c89f3d7b1fecec35dd04571415982c5e48\windows-amd64\native-platform.dll
Event: 0.905 Loaded shared library C:\Users\Excel\.gradle\native\38dada09dfb8b06ba9b0570ebf7e218e3eb74d4ef43ca46872605cf95ebc2f47\windows-amd64\native-platform-file-events.dll
Event: 2.774 Loaded shared library C:\Program Files\Java\jdk-21\bin\management.dll
Event: 2.781 Loaded shared library C:\Program Files\Java\jdk-21\bin\management_ext.dll
Event: 3.205 Loaded shared library C:\Program Files\Java\jdk-21\bin\extnet.dll
Event: 3.413 Loaded shared library C:\Program Files\Java\jdk-21\bin\sunmscapi.dll

Deoptimization events (20 events):
Event: 4.807 Thread 0x000001b604fb1a20 DEOPT PACKING pc=0x000001b629b5f5c1 sp=0x00000017861fc760
Event: 4.808 Thread 0x000001b604fb1a20 DEOPT UNPACKING pc=0x000001b630ce4e42 sp=0x00000017861fbc70 mode 0
Event: 4.900 Thread 0x000001b604fb1a20 DEOPT PACKING pc=0x000001b629b5f31f sp=0x00000017861fbcf0
Event: 4.900 Thread 0x000001b604fb1a20 DEOPT UNPACKING pc=0x000001b630ce4e42 sp=0x00000017861fb1f0 mode 0
Event: 4.950 Thread 0x000001b604fb1a20 DEOPT PACKING pc=0x000001b629b5f5e2 sp=0x00000017861fbf60
Event: 4.950 Thread 0x000001b604fb1a20 DEOPT UNPACKING pc=0x000001b630ce4e42 sp=0x00000017861fb470 mode 0
Event: 4.951 Thread 0x000001b604fb1a20 DEOPT PACKING pc=0x000001b629ca6960 sp=0x00000017861fbe90
Event: 4.951 Thread 0x000001b604fb1a20 DEOPT UNPACKING pc=0x000001b630ce4e42 sp=0x00000017861fb470 mode 0
Event: 4.972 Thread 0x000001b604fb1a20 DEOPT PACKING pc=0x000001b629b5f5e2 sp=0x00000017861fabb0
Event: 4.972 Thread 0x000001b604fb1a20 DEOPT UNPACKING pc=0x000001b630ce4e42 sp=0x00000017861fa0c0 mode 0
Event: 4.977 Thread 0x000001b604fb1a20 Uncommon trap: trap_request=0xffffffcc fr.pc=0x000001b63137affc relative=0x000000000000033c
Event: 4.977 Thread 0x000001b604fb1a20 Uncommon trap: reason=intrinsic_or_type_checked_inlining action=make_not_entrant pc=0x000001b63137affc method=java.util.Arrays.copyOf([Ljava/lang/Object;ILjava/lang/Class;)[Ljava/lang/Object; @ 35 c2
Event: 4.977 Thread 0x000001b604fb1a20 DEOPT PACKING pc=0x000001b63137affc sp=0x00000017861fcff0
Event: 4.977 Thread 0x000001b604fb1a20 DEOPT UNPACKING pc=0x000001b630ce46a2 sp=0x00000017861fcf80 mode 2
Event: 4.979 Thread 0x000001b604fb1a20 DEOPT PACKING pc=0x000001b629b5f5c1 sp=0x00000017861fbd70
Event: 4.979 Thread 0x000001b604fb1a20 DEOPT UNPACKING pc=0x000001b630ce4e42 sp=0x00000017861fb280 mode 0
Event: 5.383 Thread 0x000001b604fb1a20 Uncommon trap: trap_request=0xffffff45 fr.pc=0x000001b6313435c8 relative=0x00000000000001e8
Event: 5.384 Thread 0x000001b604fb1a20 Uncommon trap: reason=unstable_if action=reinterpret pc=0x000001b6313435c8 method=java.util.HashMap.getNode(Ljava/lang/Object;)Ljava/util/HashMap$Node; @ 131 c2
Event: 5.384 Thread 0x000001b604fb1a20 DEOPT PACKING pc=0x000001b6313435c8 sp=0x00000017861fb5e0
Event: 5.384 Thread 0x000001b604fb1a20 DEOPT UNPACKING pc=0x000001b630ce46a2 sp=0x00000017861fb500 mode 2

Classes loaded (20 events):
Event: 4.751 Loading class java/nio/charset/CharacterCodingException
Event: 4.751 Loading class java/nio/charset/CharacterCodingException done
Event: 4.830 Loading class java/util/function/LongFunction
Event: 4.831 Loading class java/util/function/LongFunction done
Event: 4.888 Loading class java/security/InvalidKeyException
Event: 4.888 Loading class java/security/KeyException
Event: 4.888 Loading class java/security/KeyException done
Event: 4.888 Loading class java/security/InvalidKeyException done
Event: 5.034 Loading class java/lang/ThreadLocal$SuppliedThreadLocal
Event: 5.035 Loading class java/lang/ThreadLocal$SuppliedThreadLocal done
Event: 5.295 Loading class javax/xml/parsers/ParserConfigurationException
Event: 5.295 Loading class javax/xml/parsers/ParserConfigurationException done
Event: 5.295 Loading class org/xml/sax/SAXException
Event: 5.296 Loading class org/xml/sax/SAXException done
Event: 5.296 Loading class javax/xml/xpath/XPathExpressionException
Event: 5.296 Loading class javax/xml/xpath/XPathException
Event: 5.296 Loading class javax/xml/xpath/XPathException done
Event: 5.296 Loading class javax/xml/xpath/XPathExpressionException done
Event: 5.296 Loading class org/xml/sax/ErrorHandler
Event: 5.296 Loading class org/xml/sax/ErrorHandler done

Classes unloaded (0 events):
No events

Classes redefined (0 events):
No events

Internal exceptions (20 events):
Event: 4.572 Thread 0x000001b604fb1a20 Exception <a 'java/lang/NoSuchMethodError'{0x00000000a4f871a8}: 'java.lang.Object java.lang.invoke.DirectMethodHandle$Holder.invokeStatic(java.lang.Object, java.lang.Object, java.lang.Object, java.lang.Object, java.lang.Object, java.lang.Object, java.lang.Object, java.lang.Object, java.lang.Object, java.lang.Object, java.lang.Object, java.lang.Object, java.lang.Object, java.lang.Object, java.lang.Object, java.lang.Object, java.lang.Object, java.lang.Object, java.lang.Object, java.lang.Object, java.lang.Obj
Event: 4.575 Thread 0x000001b604fb1a20 Exception <a 'java/lang/NoSuchMethodError'{0x00000000a4fb5098}: 'java.lang.Object java.lang.invoke.DirectMethodHandle$Holder.invokeStatic(java.lang.Object, java.lang.Object, java.lang.Object, java.lang.Object, java.lang.Object, java.lang.Object, java.lang.Object, java.lang.Object, java.lang.Object, java.lang.Object, java.lang.Object, java.lang.Object, java.lang.Object, java.lang.Object, java.lang.Object, java.lang.Object, java.lang.Object, java.lang.Object, java.lang.Object, java.lang.Object, java.lang.Obj
Event: 4.577 Thread 0x000001b604fb1a20 Exception <a 'java/lang/NoSuchMethodError'{0x00000000a4fe3ca8}: 'java.lang.Object java.lang.invoke.DirectMethodHandle$Holder.invokeStatic(java.lang.Object, java.lang.Object, java.lang.Object, java.lang.Object, java.lang.Object, java.lang.Object, java.lang.Object, java.lang.Object, java.lang.Object, java.lang.Object, java.lang.Object, java.lang.Object, java.lang.Object, java.lang.Object, java.lang.Object, java.lang.Object, java.lang.Object, java.lang.Object, java.lang.Object, java.lang.Object, java.lang.Obj
Event: 4.580 Thread 0x000001b604fb1a20 Exception <a 'java/lang/NoSuchMethodError'{0x00000000a4e138d0}: 'java.lang.Object java.lang.invoke.DirectMethodHandle$Holder.invokeStatic(java.lang.Object, java.lang.Object, java.lang.Object, java.lang.Object, java.lang.Object, java.lang.Object, java.lang.Object, java.lang.Object, java.lang.Object, java.lang.Object, java.lang.Object, java.lang.Object, java.lang.Object, java.lang.Object, java.lang.Object, java.lang.Object, java.lang.Object, java.lang.Object, java.lang.Object, java.lang.Object, java.lang.Obj
Event: 4.583 Thread 0x000001b604fb1a20 Exception <a 'java/lang/NoSuchMethodError'{0x00000000a4e44920}: 'java.lang.Object java.lang.invoke.DirectMethodHandle$Holder.invokeStatic(java.lang.Object, java.lang.Object, java.lang.Object, java.lang.Object, java.lang.Object, java.lang.Object, java.lang.Object, java.lang.Object, java.lang.Object, java.lang.Object, java.lang.Object, java.lang.Object, java.lang.Object, java.lang.Object, java.lang.Object, java.lang.Object, java.lang.Object, java.lang.Object, java.lang.Object, java.lang.Object, java.lang.Obj
Event: 4.635 Thread 0x000001b604fb1a20 Exception <a 'java/lang/IncompatibleClassChangeError'{0x00000000a4d7d8c0}: Found class java.lang.Object, but interface was expected> (0x00000000a4d7d8c0) 
thrown [s\open\src\hotspot\share\interpreter\linkResolver.cpp, line 840]
Event: 4.746 Thread 0x000001b604d4b480 Exception <a 'java/lang/NoSuchMethodError'{0x00000000a4a71730}: static Lorg/gradle/internal/build/event/types/DefaultOperationStartedProgressEvent;.<clinit>()V> (0x00000000a4a71730) 
thrown [s\open\src\hotspot\share\prims\jni.cpp, line 1111]
Event: 4.746 Thread 0x000001b604d4b480 Exception <a 'java/lang/NoSuchMethodError'{0x00000000a4a738b8}: static Lorg/gradle/internal/build/event/types/AbstractProgressEvent;.<clinit>()V> (0x00000000a4a738b8) 
thrown [s\open\src\hotspot\share\prims\jni.cpp, line 1111]
Event: 4.748 Thread 0x000001b604d4b480 Exception <a 'java/lang/NoSuchMethodError'{0x00000000a4a7c7f8}: static Lorg/gradle/internal/build/event/types/DefaultOperationDescriptor;.<clinit>()V> (0x00000000a4a7c7f8) 
thrown [s\open\src\hotspot\share\prims\jni.cpp, line 1111]
Event: 4.750 Thread 0x000001b604d4b480 Exception <a 'java/lang/NoSuchMethodError'{0x00000000a4afe8f0}: 'long java.lang.invoke.DirectMethodHandle$Holder.invokeSpecial(java.lang.Object, java.lang.Object)'> (0x00000000a4afe8f0) 
thrown [s\open\src\hotspot\share\interpreter\linkResolver.cpp, line 773]
Event: 4.750 Thread 0x000001b604d4b480 Exception <a 'java/lang/NoSuchMethodError'{0x00000000a4901d68}: 'long java.lang.invoke.Invokers$Holder.invokeExact_MT(java.lang.Object, java.lang.Object)'> (0x00000000a4901d68) 
thrown [s\open\src\hotspot\share\interpreter\linkResolver.cpp, line 773]
Event: 4.753 Thread 0x000001b604d4b480 Exception <a 'java/lang/NoSuchMethodError'{0x00000000a4918c18}: static Lorg/gradle/internal/operations/OperationIdentifier;.<clinit>()V> (0x00000000a4918c18) 
thrown [s\open\src\hotspot\share\prims\jni.cpp, line 1111]
Event: 4.983 Thread 0x000001b604fb1a20 Exception <a 'java/lang/IncompatibleClassChangeError'{0x00000000a43c9018}: Found class java.lang.Object, but interface was expected> (0x00000000a43c9018) 
thrown [s\open\src\hotspot\share\interpreter\linkResolver.cpp, line 840]
Event: 4.995 Thread 0x000001b604fb1a20 Exception <a 'java/lang/NoSuchMethodError'{0x00000000a4201658}: 'java.lang.Object java.lang.invoke.DirectMethodHandle$Holder.newInvokeSpecial(java.lang.Object, java.lang.Object, java.lang.Object, java.lang.Object, java.lang.Object, java.lang.Object, java.lang.Object, java.lang.Object, java.lang.Object, java.lang.Object, java.lang.Object, java.lang.Object, java.lang.Object, java.lang.Object)'> (0x00000000a4201658) 
thrown [s\open\src\hotspot\share\interpreter\linkResolver.cpp, line 773]
Event: 4.996 Thread 0x000001b604fb1a20 Exception <a 'java/lang/NoSuchMethodError'{0x00000000a4206d18}: 'java.lang.Object java.lang.invoke.DirectMethodHandle$Holder.invokeSpecial(java.lang.Object, java.lang.Object, java.lang.Object, java.lang.Object, java.lang.Object, java.lang.Object, java.lang.Object, java.lang.Object, java.lang.Object, java.lang.Object, java.lang.Object, java.lang.Object, java.lang.Object, java.lang.Object, java.lang.Object)'> (0x00000000a4206d18) 
thrown [s\open\src\hotspot\share\interpreter\linkResolver.cpp, line 773]
Event: 4.996 Thread 0x000001b604fb1a20 Exception <a 'java/lang/NoSuchMethodError'{0x00000000a420b668}: 'java.lang.Object java.lang.invoke.DelegatingMethodHandle$Holder.reinvoke_L(java.lang.Object, java.lang.Object, java.lang.Object, java.lang.Object, java.lang.Object, java.lang.Object, java.lang.Object, java.lang.Object, java.lang.Object, java.lang.Object, java.lang.Object, java.lang.Object, java.lang.Object, java.lang.Object)'> (0x00000000a420b668) 
thrown [s\open\src\hotspot\share\interpreter\linkResolver.cpp, line 773]
Event: 5.031 Thread 0x000001b604fb1a20 Exception <a 'java/lang/NoSuchMethodError'{0x00000000a41439f0}: 'java.lang.Object java.lang.invoke.DirectMethodHandle$Holder.newInvokeSpecial(java.lang.Object, java.lang.Object, java.lang.Object, java.lang.Object, java.lang.Object, java.lang.Object, java.lang.Object)'> (0x00000000a41439f0) 
thrown [s\open\src\hotspot\share\interpreter\linkResolver.cpp, line 773]
Event: 5.191 Thread 0x000001b604fb1a20 Exception <a 'java/lang/NoSuchMethodError'{0x00000000a3c40988}: 'java.lang.Object java.lang.invoke.DirectMethodHandle$Holder.invokeSpecial(java.lang.Object, java.lang.Object, java.lang.Object, java.lang.Object, java.lang.Object, java.lang.Object, java.lang.Object, java.lang.Object, java.lang.Object, java.lang.Object, java.lang.Object, java.lang.Object, java.lang.Object, java.lang.Object, java.lang.Object, java.lang.Object, java.lang.Object, java.lang.Object, java.lang.Object, java.lang.Object, java.lang.Ob
Event: 5.437 Thread 0x000001b604fb1a20 Exception <a 'java/lang/NoSuchMethodError'{0x00000000a35b11b0}: 'java.lang.Object java.lang.invoke.DirectMethodHandle$Holder.invokeVirtual(java.lang.Object, java.lang.Object, java.lang.Object, java.lang.Object, java.lang.Object, java.lang.Object, java.lang.Object, java.lang.Object, java.lang.Object, java.lang.Object, java.lang.Object, java.lang.Object, java.lang.Object, java.lang.Object, java.lang.Object, java.lang.Object, java.lang.Object, java.lang.Object, java.lang.Object, java.lang.Object, java.lang.Ob
Event: 5.511 Thread 0x000001b604fb1a20 Exception <a 'java/lang/NoSuchMethodError'{0x00000000a33b9528}: 'java.lang.Object java.lang.invoke.DirectMethodHandle$Holder.invokeVirtual(java.lang.Object, java.lang.Object, java.lang.Object, java.lang.Object, java.lang.Object, java.lang.Object, java.lang.Object, java.lang.Object, java.lang.Object, java.lang.Object, java.lang.Object)'> (0x00000000a33b9528) 
thrown [s\open\src\hotspot\share\interpreter\linkResolver.cpp, line 773]

ZGC Phase Switch (0 events):
No events

VM Operations (20 events):
Event: 3.421 Executing VM operation: HandshakeAllThreads (Deoptimize)
Event: 3.421 Executing VM operation: HandshakeAllThreads (Deoptimize) done
Event: 3.954 Executing VM operation: HandshakeAllThreads (Deoptimize)
Event: 3.954 Executing VM operation: HandshakeAllThreads (Deoptimize) done
Event: 4.075 Executing VM operation: ICBufferFull
Event: 4.076 Executing VM operation: ICBufferFull done
Event: 4.160 Executing VM operation: G1CollectForAllocation (G1 Evacuation Pause)
Event: 4.168 Executing VM operation: G1CollectForAllocation (G1 Evacuation Pause) done
Event: 4.222 Executing VM operation: HandshakeAllThreads (Deoptimize)
Event: 4.222 Executing VM operation: HandshakeAllThreads (Deoptimize) done
Event: 4.594 Executing VM operation: HandshakeAllThreads (Deoptimize)
Event: 4.594 Executing VM operation: HandshakeAllThreads (Deoptimize) done
Event: 4.595 Executing VM operation: HandshakeAllThreads (Deoptimize)
Event: 4.595 Executing VM operation: HandshakeAllThreads (Deoptimize) done
Event: 4.761 Executing VM operation: HandshakeAllThreads (Deoptimize)
Event: 4.761 Executing VM operation: HandshakeAllThreads (Deoptimize) done
Event: 5.421 Executing VM operation: ICBufferFull
Event: 5.421 Executing VM operation: ICBufferFull done
Event: 6.426 Executing VM operation: Cleanup
Event: 6.426 Executing VM operation: Cleanup done

Events (20 events):
Event: 0.068 Thread 0x000001b63d70d740 Thread added: 0x000001b63d70d740
Event: 0.068 Thread 0x000001b63d70e4c0 Thread added: 0x000001b63d70e4c0
Event: 0.068 Thread 0x000001b63d710f60 Thread added: 0x000001b63d710f60
Event: 0.108 Thread 0x000001b63d6d3bc0 Thread added: 0x000001b63d6d3bc0
Event: 0.189 Thread 0x000001b63da45a30 Thread added: 0x000001b63da45a30
Event: 0.499 Thread 0x000001b63dbac5a0 Thread added: 0x000001b63dbac5a0
Event: 2.845 Thread 0x000001b604cdf540 Thread added: 0x000001b604cdf540
Event: 3.265 Thread 0x000001b604ad94f0 Thread added: 0x000001b604ad94f0
Event: 3.378 Thread 0x000001b604d01650 Thread added: 0x000001b604d01650
Event: 3.461 Thread 0x000001b6042a2960 Thread added: 0x000001b6042a2960
Event: 3.464 Thread 0x000001b604412f30 Thread added: 0x000001b604412f30
Event: 3.512 Thread 0x000001b6050525b0 Thread added: 0x000001b6050525b0
Event: 3.522 Thread 0x000001b604fb1a20 Thread added: 0x000001b604fb1a20
Event: 3.538 Thread 0x000001b6050907d0 Thread added: 0x000001b6050907d0
Event: 3.544 Thread 0x000001b604d4cec0 Thread added: 0x000001b604d4cec0
Event: 3.550 Thread 0x000001b604d4b480 Thread added: 0x000001b604d4b480
Event: 4.223 Thread 0x000001b604d4e270 Thread added: 0x000001b604d4e270
Event: 4.239 Thread 0x000001b604d4bb10 Thread added: 0x000001b604d4bb10
Event: 4.301 Thread 0x000001b604d4d550 Thread added: 0x000001b604d4d550
Event: 4.407 Thread 0x000001b604d4c1a0 Thread added: 0x000001b604d4c1a0


Dynamic libraries:
0x00007ff63d7d0000 - 0x00007ff63d7e0000 	C:\Program Files\Java\jdk-21\bin\java.exe
0x00007ffe47620000 - 0x00007ffe47888000 	C:\WINDOWS\SYSTEM32\ntdll.dll
0x00007ffe46cc0000 - 0x00007ffe46d89000 	C:\WINDOWS\System32\KERNEL32.DLL
0x00007ffe44c20000 - 0x00007ffe45011000 	C:\WINDOWS\System32\KERNELBASE.dll
0x00007ffe40640000 - 0x00007ffe406de000 	C:\WINDOWS\SYSTEM32\apphelp.dll
0x00007ffe44080000 - 0x00007ffe441cb000 	C:\WINDOWS\System32\ucrtbase.dll
0x00007ffe23390000 - 0x00007ffe233ab000 	C:\Program Files\Java\jdk-21\bin\VCRUNTIME140.dll
0x00007ffe233b0000 - 0x00007ffe233c9000 	C:\Program Files\Java\jdk-21\bin\jli.dll
0x00007ffe46720000 - 0x00007ffe467d4000 	C:\WINDOWS\System32\ADVAPI32.dll
0x00007ffe456d0000 - 0x00007ffe45779000 	C:\WINDOWS\System32\msvcrt.dll
0x00007ffe473c0000 - 0x00007ffe47466000 	C:\WINDOWS\System32\sechost.dll
0x00007ffe47280000 - 0x00007ffe47398000 	C:\WINDOWS\System32\RPCRT4.dll
0x00007ffe453c0000 - 0x00007ffe45586000 	C:\WINDOWS\System32\USER32.dll
0x00007ffe43300000 - 0x00007ffe43593000 	C:\WINDOWS\WinSxS\amd64_microsoft.windows.common-controls_6595b64144ccf1df_6.0.26100.7705_none_3e06597ae3363b04\COMCTL32.dll
0x00007ffe43fc0000 - 0x00007ffe43fe7000 	C:\WINDOWS\System32\win32u.dll
0x00007ffe46da0000 - 0x00007ffe46dcb000 	C:\WINDOWS\System32\GDI32.dll
0x00007ffe441d0000 - 0x00007ffe442fb000 	C:\WINDOWS\System32\gdi32full.dll
0x00007ffe44b70000 - 0x00007ffe44c13000 	C:\WINDOWS\System32\msvcp_win.dll
0x00007ffe3c970000 - 0x00007ffe3c97b000 	C:\WINDOWS\SYSTEM32\VERSION.dll
0x00007ffe458d0000 - 0x00007ffe45901000 	C:\WINDOWS\System32\IMM32.DLL
0x00007ffe274d0000 - 0x00007ffe274dc000 	C:\Program Files\Java\jdk-21\bin\vcruntime140_1.dll
0x00007ffe23300000 - 0x00007ffe2338e000 	C:\Program Files\Java\jdk-21\bin\msvcp140.dll
0x00007ffe220c0000 - 0x00007ffe22ddd000 	C:\Program Files\Java\jdk-21\bin\server\jvm.dll
0x00007ffe45910000 - 0x00007ffe45984000 	C:\WINDOWS\System32\WS2_32.dll
0x00007ffe43d60000 - 0x00007ffe43dbe000 	C:\WINDOWS\SYSTEM32\POWRPROF.dll
0x00007ffe40f20000 - 0x00007ffe40f55000 	C:\WINDOWS\SYSTEM32\WINMM.dll
0x00007ffe43d40000 - 0x00007ffe43d54000 	C:\WINDOWS\SYSTEM32\UMPDC.dll
0x00007ffe423c0000 - 0x00007ffe423db000 	C:\WINDOWS\SYSTEM32\kernel.appcore.dll
0x00007ffe23920000 - 0x00007ffe2392a000 	C:\Program Files\Java\jdk-21\bin\jimage.dll
0x00007ffe436d0000 - 0x00007ffe43912000 	C:\WINDOWS\SYSTEM32\DBGHELP.DLL
0x00007ffe46ef0000 - 0x00007ffe47276000 	C:\WINDOWS\System32\combase.dll
0x00007ffe45780000 - 0x00007ffe45857000 	C:\WINDOWS\System32\OLEAUT32.dll
0x00007ffe435a0000 - 0x00007ffe435db000 	C:\WINDOWS\SYSTEM32\dbgcore.DLL
0x00007ffe45020000 - 0x00007ffe450c5000 	C:\WINDOWS\System32\bcryptPrimitives.dll
0x00007ffe33e10000 - 0x00007ffe33e1f000 	C:\Program Files\Java\jdk-21\bin\instrument.dll
0x00007ffe230e0000 - 0x00007ffe230ff000 	C:\Program Files\Java\jdk-21\bin\java.dll
0x00007ffe45f30000 - 0x00007ffe46681000 	C:\WINDOWS\System32\SHELL32.dll
0x00007ffe450d0000 - 0x00007ffe4523a000 	C:\WINDOWS\System32\wintypes.dll
0x00007ffe44300000 - 0x00007ffe44b62000 	C:\WINDOWS\System32\windows.storage.dll
0x00007ffe45e30000 - 0x00007ffe45f26000 	C:\WINDOWS\System32\SHCORE.dll
0x00007ffe45860000 - 0x00007ffe458c7000 	C:\WINDOWS\System32\shlwapi.dll
0x00007ffe43e20000 - 0x00007ffe43e49000 	C:\WINDOWS\SYSTEM32\profapi.dll
0x00007ffe21de0000 - 0x00007ffe21eb7000 	C:\Program Files\Java\jdk-21\bin\jsvml.dll
0x00007ffe21b20000 - 0x00007ffe21b38000 	C:\Program Files\Java\jdk-21\bin\zip.dll
0x00007ffe234a0000 - 0x00007ffe234b0000 	C:\Program Files\Java\jdk-21\bin\net.dll
0x00007ffe39410000 - 0x00007ffe39537000 	C:\WINDOWS\SYSTEM32\WINHTTP.dll
0x00007ffe42ac0000 - 0x00007ffe42b2b000 	C:\WINDOWS\system32\mswsock.dll
0x00007ffe21b40000 - 0x00007ffe21b56000 	C:\Program Files\Java\jdk-21\bin\nio.dll
0x00007ffe1e970000 - 0x00007ffe1e980000 	C:\Program Files\Java\jdk-21\bin\verify.dll
0x00007ffe10ca0000 - 0x00007ffe10cc7000 	C:\Users\Excel\.gradle\native\c067742578af261105cb4f569cf0c3c89f3d7b1fecec35dd04571415982c5e48\windows-amd64\native-platform.dll
0x00007ffdd7990000 - 0x00007ffdd7ad4000 	C:\Users\Excel\.gradle\native\38dada09dfb8b06ba9b0570ebf7e218e3eb74d4ef43ca46872605cf95ebc2f47\windows-amd64\native-platform-file-events.dll
0x00007ffe278e0000 - 0x00007ffe278ea000 	C:\Program Files\Java\jdk-21\bin\management.dll
0x00007ffe278d0000 - 0x00007ffe278db000 	C:\Program Files\Java\jdk-21\bin\management_ext.dll
0x00007ffe46d90000 - 0x00007ffe46d98000 	C:\WINDOWS\System32\PSAPI.DLL
0x00007ffe43a20000 - 0x00007ffe43a3b000 	C:\WINDOWS\SYSTEM32\CRYPTSP.dll
0x00007ffe42380000 - 0x00007ffe423b9000 	C:\WINDOWS\system32\rsaenh.dll
0x00007ffe42b70000 - 0x00007ffe42b9b000 	C:\WINDOWS\SYSTEM32\USERENV.dll
0x00007ffe43df0000 - 0x00007ffe43e1a000 	C:\WINDOWS\SYSTEM32\bcrypt.dll
0x00007ffe42d80000 - 0x00007ffe42d8c000 	C:\WINDOWS\SYSTEM32\CRYPTBASE.dll
0x00007ffe41dc0000 - 0x00007ffe41df4000 	C:\WINDOWS\SYSTEM32\IPHLPAPI.DLL
0x00007ffe46dd0000 - 0x00007ffe46dda000 	C:\WINDOWS\System32\NSI.dll
0x00007ffe23420000 - 0x00007ffe23429000 	C:\Program Files\Java\jdk-21\bin\extnet.dll
0x00007ffe1e960000 - 0x00007ffe1e96e000 	C:\Program Files\Java\jdk-21\bin\sunmscapi.dll
0x00007ffe45240000 - 0x00007ffe453b7000 	C:\WINDOWS\System32\CRYPT32.dll
0x00007ffe42f00000 - 0x00007ffe42f30000 	C:\WINDOWS\SYSTEM32\ncrypt.dll
0x00007ffe42eb0000 - 0x00007ffe42eef000 	C:\WINDOWS\SYSTEM32\NTASN1.dll
0x00007ffe278f0000 - 0x00007ffe278f8000 	C:\WINDOWS\system32\wshunix.dll

dbghelp: loaded successfully - version: 4.0.5 - missing functions: none
symbol engine: initialized successfully - sym options: 0x614 - pdb path: .;C:\Program Files\Java\jdk-21\bin;C:\WINDOWS\SYSTEM32;C:\WINDOWS\WinSxS\amd64_microsoft.windows.common-controls_6595b64144ccf1df_6.0.26100.7705_none_3e06597ae3363b04;C:\Program Files\Java\jdk-21\bin\server;C:\Users\Excel\.gradle\native\c067742578af261105cb4f569cf0c3c89f3d7b1fecec35dd04571415982c5e48\windows-amd64;C:\Users\Excel\.gradle\native\38dada09dfb8b06ba9b0570ebf7e218e3eb74d4ef43ca46872605cf95ebc2f47\windows-amd64

VM Arguments:
jvm_args: --add-opens=java.base/java.util=ALL-UNNAMED --add-opens=java.base/java.lang=ALL-UNNAMED --add-opens=java.base/java.lang.invoke=ALL-UNNAMED --add-opens=java.prefs/java.util.prefs=ALL-UNNAMED --add-opens=java.base/java.nio.charset=ALL-UNNAMED --add-opens=java.base/java.net=ALL-UNNAMED --add-opens=java.base/java.util.concurrent.atomic=ALL-UNNAMED -Xmx1536m -Dfile.encoding=utf8 -Duser.country=IN -Duser.language=en -Duser.variant -javaagent:C:\Users\Excel\.gradle\wrapper\dists\gradle-8.6-bin\afr5mpiioh2wthjmwnkmdsd5w\gradle-8.6\lib\agents\gradle-instrumentation-agent-8.6.jar 
java_command: org.gradle.launcher.daemon.bootstrap.GradleDaemon 8.6
java_class_path (initial): C:\Users\Excel\.gradle\wrapper\dists\gradle-8.6-bin\afr5mpiioh2wthjmwnkmdsd5w\gradle-8.6\lib\gradle-launcher-8.6.jar
Launcher Type: SUN_STANDARD

[Global flags]
     intx CICompilerCount                          = 4                                         {product} {ergonomic}
     uint ConcGCThreads                            = 3                                         {product} {ergonomic}
     uint G1ConcRefinementThreads                  = 10                                        {product} {ergonomic}
   size_t G1HeapRegionSize                         = 1048576                                   {product} {ergonomic}
    uintx GCDrainStackTargetSize                   = 64                                        {product} {ergonomic}
   size_t InitialHeapSize                          = 98566144                                  {product} {ergonomic}
   size_t MarkStackSize                            = 4194304                                   {product} {ergonomic}
   size_t MaxHeapSize                              = 1610612736                                {product} {command line}
   size_t MaxNewSize                               = 965738496                                 {product} {ergonomic}
   size_t MinHeapDeltaBytes                        = 1048576                                   {product} {ergonomic}
   size_t MinHeapSize                              = 8388608                                   {product} {ergonomic}
    uintx NonNMethodCodeHeapSize                   = 5839372                                {pd product} {ergonomic}
    uintx NonProfiledCodeHeapSize                  = 122909434                              {pd product} {ergonomic}
    uintx ProfiledCodeHeapSize                     = 122909434                              {pd product} {ergonomic}
    uintx ReservedCodeCacheSize                    = 251658240                              {pd product} {ergonomic}
     bool SegmentedCodeCache                       = true                                      {product} {ergonomic}
   size_t SoftMaxHeapSize                          = 1610612736                             {manageable} {ergonomic}
     bool UseCompressedOops                        = true                           {product lp64_product} {ergonomic}
     bool UseG1GC                                  = true                                      {product} {ergonomic}
     bool UseLargePagesIndividualAllocation        = false                                  {pd product} {ergonomic}

Logging:
Log output configuration:
 #0: stdout all=warning uptime,level,tags foldmultilines=false
 #1: stderr all=off uptime,level,tags foldmultilines=false

Environment Variables:
PATH=C:\Program Files\Common Files\Oracle\Java\javapath;C:\WINDOWS\system32;C:\WINDOWS;C:\WINDOWS\System32\Wbem;C:\WINDOWS\System32\WindowsPowerShell\v1.0\;C:\WINDOWS\System32\OpenSSH\;C:\Program Files\dotnet\;C:\Program Files\nodejs\;C:\Program Files\Git\cmd;C:\Program Files\Docker\Docker\resources\bin;C:\Program Files\MySQL\MySQL Shell 8.0\bin\;C:\WINDOWS\system32;C:\WINDOWS;C:\WINDOWS\System32\Wbem;C:\WINDOWS\System32\WindowsPowerShell\v1.0\;C:\WINDOWS\System32\OpenSSH\;C:\Program Files\dotnet\;C:\Program Files\nodejs\;C:\Program Files\Git\cmd;C:\Users\Excel\AppData\Local\Programs\Python\Python310\Scripts\;C:\Users\Excel\AppData\Local\Programs\Python\Python310\;C:\Users\Excel\AppData\Local\Programs\Python\Launcher\;C:\Users\Excel\AppData\Local\Microsoft\WindowsApps;C:\Users\Excel\AppData\Local\Programs\Microsoft VS Code\bin;C:\Users\Excel\AppData\Local\Microsoft\WinGet\Packages\Schniz.fnm_Microsoft.Winget.Source_8wekyb3d8bbwe;C:\Users\Excel\AppData\Roaming\npm;C:\platform-tools;E:\Notes\CSE\Final_Year_Project\Project_Code\platform-tools;C:\ADB;E:\Notes\CSE\Final_Year_Project\Project_Code\platform-tools;C:\flutter\bin;C:\Program Files\Java\jdk-24;C:\maven-mvnd-1.0.2-windows-amd64;C:\Program Files\JetBrains\IntelliJ IDEA 2025.1.3\bin;;C:\Program Files\JetBrains\IntelliJ IDEA Community Edition 2025.1.3\bin;;C:\Users\Excel\AppData\Local\Programs\cursor\resources\app\bin;C:\Users\Excel\AppData\Local\GitHubDesktop\bin;C:\ProgramData\Excel\GitHubDesktop\bin
USERNAME=Excel
OS=Windows_NT
PROCESSOR_IDENTIFIER=AMD64 Family 23 Model 104 Stepping 1, AuthenticAMD
TMP=C:\Users\Excel\AppData\Local\Temp
TEMP=C:\Users\Excel\AppData\Local\Temp




Periodic native trim disabled

---------------  S Y S T E M  ---------------

OS:
 Windows 11 , 64 bit Build 26100 (10.0.26100.7705)
OS uptime: 0 days 10:02 hours
Hyper-V role detected

CPU: total 12 (initial active 12) (12 cores per cpu, 2 threads per core) family 23 model 104 stepping 1 microcode 0x8608102, cx8, cmov, fxsr, ht, mmx, 3dnowpref, sse, sse2, sse3, ssse3, sse4a, sse4.1, sse4.2, popcnt, lzcnt, tsc, tscinvbit, avx, avx2, aes, clmul, bmi1, bmi2, adx, sha, fma, vzeroupper, clflush, clflushopt, hv, rdtscp, rdpid, f16c
Processor Information for all 12 processors :
  Max Mhz: 2100, Current Mhz: 2100, Mhz Limit: 2100

Memory: 4k page, system-wide physical 6005M (490M free)
TotalPageFile size 22389M (AvailPageFile size 647M)
current process WorkingSet (physical memory assigned to process): 211M, peak: 212M
current process commit charge ("private bytes"): 273M, peak: 275M

vm_info: Java HotSpot(TM) 64-Bit Server VM (21.0.8+12-LTS-250) for windows-amd64 JRE (21.0.8+12-LTS-250), built on 2025-06-27T08:11:22Z by "mach5one" with MS VC++ 17.6 (VS2022)

END.
