#
# There is insufficient memory for the Java Runtime Environment to continue.
# Native memory allocation (malloc) failed to allocate 523056 bytes. Error detail: Chunk::new
# Possible reasons:
#   The system is out of physical RAM or swap space
#   This process is running with CompressedOops enabled, and the Java Heap may be blocking the growth of the native heap
# Possible solutions:
#   Reduce memory load on the system
#   Increase physical memory or swap space
#   Check if swap backing store is full
#   Decrease Java heap size (-Xmx/-Xms)
#   Decrease number of Java threads
#   Decrease Java thread stack sizes (-Xss)
#   Set larger code cache with -XX:ReservedCodeCacheSize=
#   JVM is running with Unscaled Compressed Oops mode in which the Java heap is
#     placed in the first 4GB address space. The Java Heap base address is the
#     maximum limit for the native heap growth. Please use -XX:HeapBaseMinAddress
#     to set the Java Heap base and to place the Java Heap above 4GB virtual address.
# This output file may be truncated or incomplete.
#
#  Out of Memory Error (arena.cpp:168), pid=19356, tid=6064
#
# JRE version: OpenJDK Runtime Environment Temurin-21.0.10+7 (21.0.10+7) (build 21.0.10+7-LTS)
# Java VM: OpenJDK 64-Bit Server VM Temurin-21.0.10+7 (21.0.10+7-LTS, mixed mode, sharing, tiered, compressed oops, compressed class ptrs, parallel gc, windows-amd64)
# No core dump will be written. Minidumps are not enabled by default on client versions of Windows
#

---------------  S U M M A R Y ------------

Command Line: --add-modules=ALL-SYSTEM --add-opens=java.base/java.util=ALL-UNNAMED --add-opens=java.base/java.lang=ALL-UNNAMED --add-opens=java.base/sun.nio.fs=ALL-UNNAMED -Declipse.application=org.eclipse.jdt.ls.core.id1 -Dosgi.bundles.defaultStartLevel=4 -Declipse.product=org.eclipse.jdt.ls.core.product -Djava.import.generatesMetadataFilesAtProjectRoot=false -DDetectVMInstallationsJob.disabled=true -Dfile.encoding=utf8 -XX:+UseParallelGC -XX:GCTimeRatio=4 -XX:AdaptiveSizePolicyWeight=90 -Dsun.zip.disableMemoryMapping=true -Xmx2G -Xms100m -Xlog:disable -javaagent:c:\Users\Excel\.vscode\extensions\redhat.java-1.53.2026020509-win32-x64\lombok\lombok-1.18.39-4050.jar -XX:+HeapDumpOnOutOfMemoryError -XX:HeapDumpPath=c:\Users\Excel\AppData\Roaming\Code\User\workspaceStorage\eca9d6bf24d4b24d38765ba8130712a1\redhat.java -Daether.dependencyCollector.impl=bf -XX:+UnlockDiagnosticVMOptions -XX:+AllowArchivingWithJavaAgent -XX:+AutoCreateSharedArchive -XX:SharedArchiveFile=c:\Users\Excel\AppData\Roaming\Code\User\globalStorage\redhat.java\1.53.2026020509\jdtls.jsa c:\Users\Excel\.vscode\extensions\redhat.java-1.53.2026020509-win32-x64\server\plugins\org.eclipse.equinox.launcher_1.7.100.v20251111-0406.jar -configuration c:\Users\Excel\AppData\Roaming\Code\User\globalStorage\redhat.java\1.53.2026020509\config_win -data c:\Users\Excel\AppData\Roaming\Code\User\workspaceStorage\eca9d6bf24d4b24d38765ba8130712a1\redhat.java\jdt_ws --pipe=\\.\pipe\lsp-9dfbd5f830f21ccc8f12b4ef65add12e-sock

Host: AMD Ryzen 5 5500U with Radeon Graphics         , 12 cores, 5G,  Windows 11 , 64 bit Build 26100 (10.0.26100.7705)
Time: Sun Feb  8 13:06:03 2026 India Standard Time elapsed time: 59.931989 seconds (0d 0h 0m 59s)

---------------  T H R E A D  ---------------

Current thread (0x000001b19fc7c190):  JavaThread "C2 CompilerThread1" daemon [_thread_in_native, id=6064, stack(0x0000006141500000,0x0000006141600000) (1024K)]


Current CompileTask:
C2:59932 9095       4       org.eclipse.jdt.internal.core.JavaModelCache::getInfo (156 bytes)

Stack: [0x0000006141500000,0x0000006141600000]
Native frames: (J=compiled Java code, j=interpreted, Vv=VM code, C=native code)
V  [jvm.dll+0x6d7a39]
V  [jvm.dll+0x8b4b26]
V  [jvm.dll+0x8b70de]
V  [jvm.dll+0x8b77c3]
V  [jvm.dll+0x284346]
V  [jvm.dll+0xc66ed]
V  [jvm.dll+0xc6c31]
V  [jvm.dll+0x3bec01]
V  [jvm.dll+0x38b162]
V  [jvm.dll+0x38a5aa]
V  [jvm.dll+0x24c560]
V  [jvm.dll+0x24bb40]
V  [jvm.dll+0x1cb34e]
V  [jvm.dll+0x25b85d]
V  [jvm.dll+0x259dea]
V  [jvm.dll+0x3f857e]
V  [jvm.dll+0x85f59d]
V  [jvm.dll+0x6d626d]
C  [ucrtbase.dll+0x37b0]
C  [KERNEL32.DLL+0x2e8d7]
C  [ntdll.dll+0x8c40c]


---------------  P R O C E S S  ---------------

Threads class SMR info:
_java_thread_list=0x000001b19f6ae080, length=59, elements={
0x000001b139ebece0, 0x000001b15258b840, 0x000001b139f65b50, 0x000001b139f69820,
0x000001b139f6a280, 0x000001b139f6ace0, 0x000001b139f6b740, 0x000001b139f6c580,
0x000001b198af6840, 0x000001b198d2f940, 0x000001b19e010060, 0x000001b19e7d9370,
0x000001b19e2f35f0, 0x000001b198b0e620, 0x000001b19e4ad8f0, 0x000001b198c2ca60,
0x000001b19e6e90e0, 0x000001b19eabb0b0, 0x000001b19ea3d8b0, 0x000001b19ea3df40,
0x000001b19ea3f2f0, 0x000001b19ea40010, 0x000001b19ea3f980, 0x000001b19ea3cb90,
0x000001b19ea3e5d0, 0x000001b19ea3d220, 0x000001b19ea3ec60, 0x000001b19e6133e0,
0x000001b19e6105f0, 0x000001b19e60ff60, 0x000001b19e612030, 0x000001b19e6119a0,
0x000001b19e610c80, 0x000001b19e6126c0, 0x000001b19e611310, 0x000001b19e612d50,
0x000001b19ebde4b0, 0x000001b19ebdca70, 0x000001b19ebdb030, 0x000001b19ebdeb40,
0x000001b19ebdb6c0, 0x000001b19ebdd100, 0x000001b19ebdde20, 0x000001b19ebdd790,
0x000001b19ebdf1d0, 0x000001b19ebe1930, 0x000001b19ebdf860, 0x000001b19ebe0c10,
0x000001b19ebe1fc0, 0x000001b19ebe2650, 0x000001b19ebe0580, 0x000001b1a1268d30,
0x000001b1a126b490, 0x000001b1a126bb20, 0x000001b1a126c1b0, 0x000001b1a126a0e0,
0x000001b1a1269a50, 0x000001b19fc7c190, 0x000001b19fc7cf30
}

Java Threads: ( => current thread )
  0x000001b139ebece0 JavaThread "main"                              [_thread_blocked, id=20172, stack(0x000000613cd00000,0x000000613ce00000) (1024K)]
  0x000001b15258b840 JavaThread "Reference Handler"          daemon [_thread_blocked, id=13316, stack(0x000000613d100000,0x000000613d200000) (1024K)]
  0x000001b139f65b50 JavaThread "Finalizer"                  daemon [_thread_blocked, id=17712, stack(0x000000613d200000,0x000000613d300000) (1024K)]
  0x000001b139f69820 JavaThread "Signal Dispatcher"          daemon [_thread_blocked, id=4160, stack(0x000000613d300000,0x000000613d400000) (1024K)]
  0x000001b139f6a280 JavaThread "Attach Listener"            daemon [_thread_blocked, id=7764, stack(0x000000613d400000,0x000000613d500000) (1024K)]
  0x000001b139f6ace0 JavaThread "Service Thread"             daemon [_thread_blocked, id=20460, stack(0x000000613d500000,0x000000613d600000) (1024K)]
  0x000001b139f6b740 JavaThread "Monitor Deflation Thread"   daemon [_thread_blocked, id=10092, stack(0x000000613d600000,0x000000613d700000) (1024K)]
  0x000001b139f6c580 JavaThread "C2 CompilerThread0"         daemon [_thread_in_native, id=19668, stack(0x000000613d700000,0x000000613d800000) (1024K)]
  0x000001b198af6840 JavaThread "C1 CompilerThread0"         daemon [_thread_blocked, id=6940, stack(0x000000613d800000,0x000000613d900000) (1024K)]
  0x000001b198d2f940 JavaThread "Common-Cleaner"             daemon [_thread_blocked, id=19232, stack(0x000000613d900000,0x000000613da00000) (1024K)]
  0x000001b19e010060 JavaThread "Notification Thread"        daemon [_thread_blocked, id=13860, stack(0x000000613da00000,0x000000613db00000) (1024K)]
  0x000001b19e7d9370 JavaThread "Active Thread: Equinox Container: ad1274e3-4495-4e46-9518-23925f73f1a3"        [_thread_blocked, id=21192, stack(0x000000613e100000,0x000000613e200000) (1024K)]
  0x000001b19e2f35f0 JavaThread "Refresh Thread: Equinox Container: ad1274e3-4495-4e46-9518-23925f73f1a3" daemon [_thread_blocked, id=15856, stack(0x000000613e300000,0x000000613e400000) (1024K)]
  0x000001b198b0e620 JavaThread "Framework Event Dispatcher: Equinox Container: ad1274e3-4495-4e46-9518-23925f73f1a3" daemon [_thread_blocked, id=16984, stack(0x000000613e400000,0x000000613e500000) (1024K)]
  0x000001b19e4ad8f0 JavaThread "Start Level: Equinox Container: ad1274e3-4495-4e46-9518-23925f73f1a3" daemon [_thread_blocked, id=6048, stack(0x000000613e500000,0x000000613e600000) (1024K)]
  0x000001b198c2ca60 JavaThread "Bundle File Closer"         daemon [_thread_blocked, id=16600, stack(0x000000613e900000,0x000000613ea00000) (1024K)]
  0x000001b19e6e90e0 JavaThread "SCR Component Actor"        daemon [_thread_blocked, id=20452, stack(0x000000613e600000,0x000000613e700000) (1024K)]
  0x000001b19eabb0b0 JavaThread "Worker-JM"                         [_thread_blocked, id=20620, stack(0x000000613ea00000,0x000000613eb00000) (1024K)]
  0x000001b19ea3d8b0 JavaThread "JNA Cleaner"                daemon [_thread_blocked, id=15376, stack(0x000000613eb00000,0x000000613ec00000) (1024K)]
  0x000001b19ea3df40 JavaThread "Worker-0"                          [_thread_blocked, id=3800, stack(0x000000613ec00000,0x000000613ed00000) (1024K)]
  0x000001b19ea3f2f0 JavaThread "Worker-1"                          [_thread_blocked, id=7712, stack(0x000000613ed00000,0x000000613ee00000) (1024K)]
  0x000001b19ea40010 JavaThread "Java indexing"              daemon [_thread_blocked, id=20964, stack(0x000000613ee00000,0x000000613ef00000) (1024K)]
  0x000001b19ea3f980 JavaThread "Worker-2: Initialize workspace"        [_thread_in_vm, id=16980, stack(0x000000613ef00000,0x000000613f000000) (1024K)]
  0x000001b19ea3cb90 JavaThread "Worker-3"                          [_thread_blocked, id=1832, stack(0x000000613f200000,0x000000613f300000) (1024K)]
  0x000001b19ea3e5d0 JavaThread "Worker-4"                          [_thread_blocked, id=15400, stack(0x000000613f300000,0x000000613f400000) (1024K)]
  0x000001b19ea3d220 JavaThread "Worker-5"                          [_thread_blocked, id=20880, stack(0x000000613f400000,0x000000613f500000) (1024K)]
  0x000001b19ea3ec60 JavaThread "Thread-1"                   daemon [_thread_in_native, id=17132, stack(0x000000613f500000,0x000000613f600000) (1024K)]
  0x000001b19e6133e0 JavaThread "Thread-2"                   daemon [_thread_in_native, id=1956, stack(0x000000613f600000,0x000000613f700000) (1024K)]
  0x000001b19e6105f0 JavaThread "Thread-3"                   daemon [_thread_in_native, id=14192, stack(0x000000613f700000,0x000000613f800000) (1024K)]
  0x000001b19e60ff60 JavaThread "Thread-4"                   daemon [_thread_in_native, id=15872, stack(0x000000613f800000,0x000000613f900000) (1024K)]
  0x000001b19e612030 JavaThread "Thread-5"                   daemon [_thread_in_native, id=568, stack(0x000000613f900000,0x000000613fa00000) (1024K)]
  0x000001b19e6119a0 JavaThread "Thread-6"                   daemon [_thread_in_native, id=9096, stack(0x000000613fa00000,0x000000613fb00000) (1024K)]
  0x000001b19e610c80 JavaThread "Thread-7"                   daemon [_thread_in_native, id=6876, stack(0x000000613fb00000,0x000000613fc00000) (1024K)]
  0x000001b19e6126c0 JavaThread "Thread-8"                   daemon [_thread_in_native, id=3256, stack(0x000000613fc00000,0x000000613fd00000) (1024K)]
  0x000001b19e611310 JavaThread "Thread-9"                   daemon [_thread_in_native, id=16276, stack(0x000000613fd00000,0x000000613fe00000) (1024K)]
  0x000001b19e612d50 JavaThread "Thread-10"                  daemon [_thread_in_native, id=8992, stack(0x000000613fe00000,0x000000613ff00000) (1024K)]
  0x000001b19ebde4b0 JavaThread "Thread-11"                  daemon [_thread_in_native, id=20524, stack(0x000000613ff00000,0x0000006140000000) (1024K)]
  0x000001b19ebdca70 JavaThread "Thread-12"                  daemon [_thread_in_native, id=14912, stack(0x0000006140000000,0x0000006140100000) (1024K)]
  0x000001b19ebdb030 JavaThread "Thread-13"                  daemon [_thread_in_native, id=20952, stack(0x0000006140100000,0x0000006140200000) (1024K)]
  0x000001b19ebdeb40 JavaThread "pool-2-thread-1"                   [_thread_blocked, id=13628, stack(0x0000006140200000,0x0000006140300000) (1024K)]
  0x000001b19ebdb6c0 JavaThread "WorkspaceEventsHandler"            [_thread_blocked, id=7960, stack(0x0000006140300000,0x0000006140400000) (1024K)]
  0x000001b19ebdd100 JavaThread "pool-1-thread-1"                   [_thread_blocked, id=412, stack(0x0000006140400000,0x0000006140500000) (1024K)]
  0x000001b19ebdde20 JavaThread "ForkJoinPool.commonPool-worker-1" daemon [_thread_blocked, id=15632, stack(0x0000006140500000,0x0000006140600000) (1024K)]
  0x000001b19ebdd790 JavaThread "ForkJoinPool.commonPool-worker-2" daemon [_thread_blocked, id=16848, stack(0x0000006140600000,0x0000006140700000) (1024K)]
  0x000001b19ebdf1d0 JavaThread "ForkJoinPool.commonPool-worker-3" daemon [_thread_blocked, id=15912, stack(0x0000006140700000,0x0000006140800000) (1024K)]
  0x000001b19ebe1930 JavaThread "Timer-0"                           [_thread_blocked, id=21156, stack(0x0000006140800000,0x0000006140900000) (1024K)]
  0x000001b19ebdf860 JavaThread "Exec process"                      [_thread_blocked, id=19952, stack(0x0000006140b00000,0x0000006140c00000) (1024K)]
  0x000001b19ebe0c10 JavaThread "Exec process Thread 2"             [_thread_blocked, id=16004, stack(0x0000006140c00000,0x0000006140d00000) (1024K)]
  0x000001b19ebe1fc0 JavaThread "Exec process Thread 3"             [_thread_blocked, id=18252, stack(0x0000006140d00000,0x0000006140e00000) (1024K)]
  0x000001b19ebe2650 JavaThread "Timer-1"                           [_thread_blocked, id=18840, stack(0x0000006140900000,0x0000006140a00000) (1024K)]
  0x000001b19ebe0580 JavaThread "Timer-2"                           [_thread_blocked, id=17140, stack(0x0000006140a00000,0x0000006140b00000) (1024K)]
  0x000001b1a1268d30 JavaThread "Timer-3"                           [_thread_blocked, id=9152, stack(0x0000006141000000,0x0000006141100000) (1024K)]
  0x000001b1a126b490 JavaThread "Timer-4"                           [_thread_blocked, id=19392, stack(0x0000006141100000,0x0000006141200000) (1024K)]
  0x000001b1a126bb20 JavaThread "Timer-5"                           [_thread_blocked, id=3352, stack(0x0000006140f00000,0x0000006141000000) (1024K)]
  0x000001b1a126c1b0 JavaThread "Timer-6"                           [_thread_blocked, id=12544, stack(0x0000006141400000,0x0000006141500000) (1024K)]
  0x000001b1a126a0e0 JavaThread "ForkJoinPool.commonPool-worker-4" daemon [_thread_blocked, id=21392, stack(0x0000006141200000,0x0000006141300000) (1024K)]
  0x000001b1a1269a50 JavaThread "ForkJoinPool.commonPool-worker-5" daemon [_thread_blocked, id=17152, stack(0x0000006141300000,0x0000006141400000) (1024K)]
=>0x000001b19fc7c190 JavaThread "C2 CompilerThread1"         daemon [_thread_in_native, id=6064, stack(0x0000006141500000,0x0000006141600000) (1024K)]
  0x000001b19fc7cf30 JavaThread "C2 CompilerThread2"         daemon [_thread_in_native, id=20116, stack(0x0000006141600000,0x0000006141700000) (1024K)]
Total: 59

Other Threads:
  0x000001b152574560 VMThread "VM Thread"                           [id=18936, stack(0x000000613d000000,0x000000613d100000) (1024K)]
  0x000001b15246ca00 WatcherThread "VM Periodic Task Thread"        [id=14024, stack(0x000000613cf00000,0x000000613d000000) (1024K)]
  0x000001b139edcf50 WorkerThread "GC Thread#0"                     [id=20516, stack(0x000000613ce00000,0x000000613cf00000) (1024K)]
  0x000001b19e26a1d0 WorkerThread "GC Thread#1"                     [id=20836, stack(0x000000613db00000,0x000000613dc00000) (1024K)]
  0x000001b19e2bc8c0 WorkerThread "GC Thread#2"                     [id=9100, stack(0x000000613dc00000,0x000000613dd00000) (1024K)]
  0x000001b19e2bcc70 WorkerThread "GC Thread#3"                     [id=5108, stack(0x000000613dd00000,0x000000613de00000) (1024K)]
  0x000001b19e206de0 WorkerThread "GC Thread#4"                     [id=16148, stack(0x000000613de00000,0x000000613df00000) (1024K)]
  0x000001b19e207190 WorkerThread "GC Thread#5"                     [id=15680, stack(0x000000613df00000,0x000000613e000000) (1024K)]
  0x000001b19e207540 WorkerThread "GC Thread#6"                     [id=20700, stack(0x000000613e000000,0x000000613e100000) (1024K)]
  0x000001b19e2f3240 WorkerThread "GC Thread#7"                     [id=17360, stack(0x000000613e200000,0x000000613e300000) (1024K)]
  0x000001b19e4fb910 WorkerThread "GC Thread#8"                     [id=4464, stack(0x000000613e700000,0x000000613e800000) (1024K)]
  0x000001b19e98f280 WorkerThread "GC Thread#9"                     [id=16376, stack(0x000000613e800000,0x000000613e900000) (1024K)]
Total: 12

Threads with active compile tasks:
C2 CompilerThread0  60968 9090  s    4       org.eclipse.jdt.internal.core.JavaModelManager::getInfo (39 bytes)
C2 CompilerThread1  60969 9095       4       org.eclipse.jdt.internal.core.JavaModelCache::getInfo (156 bytes)
C2 CompilerThread2  60969 9141       4       java.util.Arrays::hashCode (56 bytes)
Total: 3

VM state: not at safepoint (normal execution)

VM Mutex/Monitor currently owned by a thread: None

Heap address: 0x0000000080000000, size: 2048 MB, Compressed Oops mode: 32-bit

CDS archive(s) mapped at: [0x000001b153000000-0x000001b153ba0000-0x000001b157fa0000), size 83492864, SharedBaseAddress: 0x000001b153000000, ArchiveRelocationMode: 1.
Compressed class space mapped at: 0x000001b158000000-0x000001b198000000, reserved size: 1073741824
Narrow klass base: 0x000001b153000000, Narrow klass shift: 0, Narrow klass range: 0x100000000

GC Precious Log:
 CardTable entry size: 512
 CPUs: 12 total, 12 available
 Memory: 6005M
 Large Page Support: Disabled
 NUMA Support: Disabled
 Compressed Oops: Enabled (32-bit)
 Alignments: Space 512K, Generation 512K, Heap 2M
 Heap Min Capacity: 100M
 Heap Initial Capacity: 100M
 Heap Max Capacity: 2G
 Pre-touch: Disabled
 Parallel Workers: 10

Heap:
 PSYoungGen      total 20992K, used 5511K [0x00000000d5580000, 0x00000000d6b80000, 0x0000000100000000)
  eden space 20480K, 24% used [0x00000000d5580000,0x00000000d5a63b68,0x00000000d6980000)
  from space 512K, 98% used [0x00000000d6b00000,0x00000000d6b7e1c8,0x00000000d6b80000)
  to   space 1024K, 0% used [0x00000000d6980000,0x00000000d6980000,0x00000000d6a80000)
 ParOldGen       total 68608K, used 54752K [0x0000000080000000, 0x0000000084300000, 0x00000000d5580000)
  object space 68608K, 79% used [0x0000000080000000,0x0000000083578300,0x0000000084300000)
 Metaspace       used 20908K, committed 21952K, reserved 1114112K
  class space    used 2084K, committed 2496K, reserved 1048576K

Card table byte_map: [0x000001b14d8d0000,0x000001b14dce0000] _byte_map_base: 0x000001b14d4d0000

Marking Bits: (ParMarkBitMap*) 0x00007ffed13d3450
 Begin Bits: [0x000001b14df90000, 0x000001b14ff90000)
 End Bits:   [0x000001b14ff90000, 0x000001b151f90000)

Polling page: 0x000001b139f80000

Metaspace:

Usage:
  Non-class:     18.38 MB used.
      Class:      2.04 MB used.
       Both:     20.42 MB used.

Virtual space:
  Non-class space:       64.00 MB reserved,      19.00 MB ( 30%) committed,  1 nodes.
      Class space:        1.00 GB reserved,       2.44 MB ( <1%) committed,  1 nodes.
             Both:        1.06 GB reserved,      21.44 MB (  2%) committed. 

Chunk freelists:
   Non-Class:  12.97 MB
       Class:  13.47 MB
        Both:  26.44 MB

MaxMetaspaceSize: unlimited
CompressedClassSpaceSize: 1.00 GB
Initial GC threshold: 21.00 MB
Current GC threshold: 35.00 MB
CDS: on
 - commit_granule_bytes: 65536.
 - commit_granule_words: 8192.
 - virtual_space_node_default_size: 8388608.
 - enlarge_chunks_in_place: 1.
 - use_allocation_guard: 0.


Internal statistics:

num_allocs_failed_limit: 3.
num_arena_births: 916.
num_arena_deaths: 22.
num_vsnodes_births: 2.
num_vsnodes_deaths: 0.
num_space_committed: 343.
num_space_uncommitted: 0.
num_chunks_returned_to_freelist: 29.
num_chunks_taken_from_freelist: 1962.
num_chunk_merges: 7.
num_chunk_splits: 1208.
num_chunks_enlarged: 693.
num_inconsistent_stats: 0.

CodeHeap 'non-profiled nmethods': size=120000Kb used=5759Kb max_used=5759Kb free=114240Kb
 bounds [0x000001b1461c0000, 0x000001b146760000, 0x000001b14d6f0000]
CodeHeap 'profiled nmethods': size=120000Kb used=18708Kb max_used=18708Kb free=101291Kb
 bounds [0x000001b13e6f0000, 0x000001b13f940000, 0x000001b145c20000]
CodeHeap 'non-nmethods': size=5760Kb used=1401Kb max_used=1455Kb free=4358Kb
 bounds [0x000001b145c20000, 0x000001b145e90000, 0x000001b1461c0000]
CodeCache: size=245760Kb, used=25868Kb, max_used=25922Kb, free=219889Kb
 total_blobs=9832, nmethods=9127, adapters=611, full_count=0
Compilation: enabled, stopped_count=0, restarted_count=0

Compilation events (20 events):
Event: 57.908 Thread 0x000001b198af6840 nmethod 9122 0x000001b13f918e90 code [0x000001b13f919040, 0x000001b13f9191b0]
Event: 57.908 Thread 0x000001b198af6840 9123       3       com.sun.org.apache.xerces.internal.util.XMLAttributesImpl::removeAllAttributes (6 bytes)
Event: 57.908 Thread 0x000001b198af6840 nmethod 9123 0x000001b13f919290 code [0x000001b13f919420, 0x000001b13f919530]
Event: 57.908 Thread 0x000001b198af6840 9124       3       com.sun.org.apache.xerces.internal.impl.XMLDocumentFragmentScannerImpl$ElementStack::popElement (59 bytes)
Event: 57.909 Thread 0x000001b198af6840 nmethod 9124 0x000001b13f919590 code [0x000001b13f919740, 0x000001b13f919980]
Event: 57.909 Thread 0x000001b19fc7cf30 nmethod 9103 0x000001b14675ac90 code [0x000001b14675ae20, 0x000001b14675afb8]
Event: 57.909 Thread 0x000001b198af6840 9121       3       org.eclipse.osgi.internal.loader.BundleLoader::compoundEnumerations (97 bytes)
Event: 57.909 Thread 0x000001b19fc7cf30 9104       4       org.eclipse.jdt.internal.core.util.Util::equalArrays (64 bytes)
Event: 57.910 Thread 0x000001b198af6840 nmethod 9121 0x000001b13f919b10 code [0x000001b13f919e60, 0x000001b13f91b848]
Event: 57.910 Thread 0x000001b198af6840 9126       3       org.eclipse.jdt.internal.launching.environments.EnvironmentsManager::getDefault (20 bytes)
Event: 57.911 Thread 0x000001b198af6840 nmethod 9126 0x000001b13f91c010 code [0x000001b13f91c1c0, 0x000001b13f91c3c0]
Event: 57.911 Thread 0x000001b198af6840 9125       3       com.sun.org.apache.xerces.internal.dom.NodeImpl::isIdAttribute (29 bytes)
Event: 57.911 Thread 0x000001b198af6840 nmethod 9125 0x000001b13f91c490 code [0x000001b13f91c620, 0x000001b13f91c788]
Event: 57.911 Thread 0x000001b198af6840 9127       1       org.eclipse.jdt.internal.launching.RuntimeClasspathEntry::getClasspathEntry (5 bytes)
Event: 57.912 Thread 0x000001b198af6840 nmethod 9127 0x000001b14675b110 code [0x000001b14675b2a0, 0x000001b14675b368]
Event: 57.913 Thread 0x000001b198af6840 9128 %     3       org.eclipse.jdt.internal.compiler.classfmt.ModuleInfo::readModuleAttribute @ 851 (1166 bytes)
Event: 57.916 Thread 0x000001b19fc7cf30 nmethod 9104 0x000001b14675b410 code [0x000001b14675b5c0, 0x000001b14675b930]
Event: 57.917 Thread 0x000001b19fc7cf30 9116       4       org.eclipse.jdt.internal.core.util.HashtableOfArrayToObject::getKey (66 bytes)
Event: 57.920 Thread 0x000001b198af6840 nmethod 9128% 0x000001b13f91c810 code [0x000001b13f91cf00, 0x000001b13f923608]
Event: 57.922 Thread 0x000001b198af6840 9131   !   3       org.eclipse.jdt.internal.core.NameLookup::findType (673 bytes)

GC Heap History (20 events):
Event: 48.661 GC heap before
{Heap before GC invocations=44 (full 0):
 PSYoungGen      total 22016K, used 22003K [0x00000000d5580000, 0x00000000d7080000, 0x0000000100000000)
  eden space 20480K, 100% used [0x00000000d5580000,0x00000000d6980000,0x00000000d6980000)
  from space 1536K, 99% used [0x00000000d6a00000,0x00000000d6b7ceb0,0x00000000d6b80000)
  to   space 3584K, 0% used [0x00000000d6d00000,0x00000000d6d00000,0x00000000d7080000)
 ParOldGen       total 68608K, used 59623K [0x0000000080000000, 0x0000000084300000, 0x00000000d5580000)
  object space 68608K, 86% used [0x0000000080000000,0x0000000083a39d88,0x0000000084300000)
 Metaspace       used 19919K, committed 20864K, reserved 1114112K
  class space    used 1976K, committed 2368K, reserved 1048576K
}
Event: 48.664 GC heap after
{Heap after GC invocations=44 (full 0):
 PSYoungGen      total 22016K, used 1088K [0x00000000d5580000, 0x00000000d6e80000, 0x0000000100000000)
  eden space 20480K, 0% used [0x00000000d5580000,0x00000000d5580000,0x00000000d6980000)
  from space 1536K, 70% used [0x00000000d6d00000,0x00000000d6e10000,0x00000000d6e80000)
  to   space 2048K, 0% used [0x00000000d6a80000,0x00000000d6a80000,0x00000000d6c80000)
 ParOldGen       total 68608K, used 60962K [0x0000000080000000, 0x0000000084300000, 0x00000000d5580000)
  object space 68608K, 88% used [0x0000000080000000,0x0000000083b889f8,0x0000000084300000)
 Metaspace       used 19919K, committed 20864K, reserved 1114112K
  class space    used 1976K, committed 2368K, reserved 1048576K
}
Event: 48.791 GC heap before
{Heap before GC invocations=45 (full 0):
 PSYoungGen      total 22016K, used 21568K [0x00000000d5580000, 0x00000000d6e80000, 0x0000000100000000)
  eden space 20480K, 100% used [0x00000000d5580000,0x00000000d6980000,0x00000000d6980000)
  from space 1536K, 70% used [0x00000000d6d00000,0x00000000d6e10000,0x00000000d6e80000)
  to   space 2048K, 0% used [0x00000000d6a80000,0x00000000d6a80000,0x00000000d6c80000)
 ParOldGen       total 68608K, used 60962K [0x0000000080000000, 0x0000000084300000, 0x00000000d5580000)
  object space 68608K, 88% used [0x0000000080000000,0x0000000083b889f8,0x0000000084300000)
 Metaspace       used 19983K, committed 20928K, reserved 1114112K
  class space    used 1977K, committed 2368K, reserved 1048576K
}
Event: 48.793 GC heap after
{Heap after GC invocations=45 (full 0):
 PSYoungGen      total 22016K, used 1319K [0x00000000d5580000, 0x00000000d6d80000, 0x0000000100000000)
  eden space 20480K, 0% used [0x00000000d5580000,0x00000000d5580000,0x00000000d6980000)
  from space 1536K, 85% used [0x00000000d6a80000,0x00000000d6bc9e20,0x00000000d6c00000)
  to   space 1536K, 0% used [0x00000000d6c00000,0x00000000d6c00000,0x00000000d6d80000)
 ParOldGen       total 68608K, used 61890K [0x0000000080000000, 0x0000000084300000, 0x00000000d5580000)
  object space 68608K, 90% used [0x0000000080000000,0x0000000083c70a08,0x0000000084300000)
 Metaspace       used 19983K, committed 20928K, reserved 1114112K
  class space    used 1977K, committed 2368K, reserved 1048576K
}
Event: 48.910 GC heap before
{Heap before GC invocations=46 (full 0):
 PSYoungGen      total 22016K, used 21799K [0x00000000d5580000, 0x00000000d6d80000, 0x0000000100000000)
  eden space 20480K, 100% used [0x00000000d5580000,0x00000000d6980000,0x00000000d6980000)
  from space 1536K, 85% used [0x00000000d6a80000,0x00000000d6bc9e20,0x00000000d6c00000)
  to   space 1536K, 0% used [0x00000000d6c00000,0x00000000d6c00000,0x00000000d6d80000)
 ParOldGen       total 68608K, used 61890K [0x0000000080000000, 0x0000000084300000, 0x00000000d5580000)
  object space 68608K, 90% used [0x0000000080000000,0x0000000083c70a08,0x0000000084300000)
 Metaspace       used 19983K, committed 20928K, reserved 1114112K
  class space    used 1977K, committed 2368K, reserved 1048576K
}
Event: 48.911 GC heap after
{Heap after GC invocations=46 (full 0):
 PSYoungGen      total 21504K, used 971K [0x00000000d5580000, 0x00000000d6d00000, 0x0000000100000000)
  eden space 20480K, 0% used [0x00000000d5580000,0x00000000d5580000,0x00000000d6980000)
  from space 1024K, 94% used [0x00000000d6c00000,0x00000000d6cf2f20,0x00000000d6d00000)
  to   space 1536K, 0% used [0x00000000d6a00000,0x00000000d6a00000,0x00000000d6b80000)
 ParOldGen       total 68608K, used 62026K [0x0000000080000000, 0x0000000084300000, 0x00000000d5580000)
  object space 68608K, 90% used [0x0000000080000000,0x0000000083c92a08,0x0000000084300000)
 Metaspace       used 19983K, committed 20928K, reserved 1114112K
  class space    used 1977K, committed 2368K, reserved 1048576K
}
Event: 49.124 GC heap before
{Heap before GC invocations=47 (full 0):
 PSYoungGen      total 21504K, used 21444K [0x00000000d5580000, 0x00000000d6d00000, 0x0000000100000000)
  eden space 20480K, 99% used [0x00000000d5580000,0x00000000d697e238,0x00000000d6980000)
  from space 1024K, 94% used [0x00000000d6c00000,0x00000000d6cf2f20,0x00000000d6d00000)
  to   space 1536K, 0% used [0x00000000d6a00000,0x00000000d6a00000,0x00000000d6b80000)
 ParOldGen       total 68608K, used 62026K [0x0000000080000000, 0x0000000084300000, 0x00000000d5580000)
  object space 68608K, 90% used [0x0000000080000000,0x0000000083c92a08,0x0000000084300000)
 Metaspace       used 20146K, committed 21120K, reserved 1114112K
  class space    used 2007K, committed 2368K, reserved 1048576K
}
Event: 49.125 GC heap after
{Heap after GC invocations=47 (full 0):
 PSYoungGen      total 22016K, used 320K [0x00000000d5580000, 0x00000000d6c80000, 0x0000000100000000)
  eden space 20480K, 0% used [0x00000000d5580000,0x00000000d5580000,0x00000000d6980000)
  from space 1536K, 20% used [0x00000000d6a00000,0x00000000d6a50000,0x00000000d6b80000)
  to   space 1024K, 0% used [0x00000000d6b80000,0x00000000d6b80000,0x00000000d6c80000)
 ParOldGen       total 68608K, used 62050K [0x0000000080000000, 0x0000000084300000, 0x00000000d5580000)
  object space 68608K, 90% used [0x0000000080000000,0x0000000083c98a08,0x0000000084300000)
 Metaspace       used 20146K, committed 21120K, reserved 1114112K
  class space    used 2007K, committed 2368K, reserved 1048576K
}
Event: 56.476 GC heap before
{Heap before GC invocations=48 (full 0):
 PSYoungGen      total 22016K, used 20800K [0x00000000d5580000, 0x00000000d6c80000, 0x0000000100000000)
  eden space 20480K, 100% used [0x00000000d5580000,0x00000000d6980000,0x00000000d6980000)
  from space 1536K, 20% used [0x00000000d6a00000,0x00000000d6a50000,0x00000000d6b80000)
  to   space 1024K, 0% used [0x00000000d6b80000,0x00000000d6b80000,0x00000000d6c80000)
 ParOldGen       total 68608K, used 62050K [0x0000000080000000, 0x0000000084300000, 0x00000000d5580000)
  object space 68608K, 90% used [0x0000000080000000,0x0000000083c98a08,0x0000000084300000)
 Metaspace       used 20557K, committed 21504K, reserved 1114112K
  class space    used 2047K, committed 2432K, reserved 1048576K
}
Event: 56.478 GC heap after
{Heap after GC invocations=48 (full 0):
 PSYoungGen      total 21504K, used 992K [0x00000000d5580000, 0x00000000d6c80000, 0x0000000100000000)
  eden space 20480K, 0% used [0x00000000d5580000,0x00000000d5580000,0x00000000d6980000)
  from space 1024K, 96% used [0x00000000d6b80000,0x00000000d6c78010,0x00000000d6c80000)
  to   space 1536K, 0% used [0x00000000d6980000,0x00000000d6980000,0x00000000d6b00000)
 ParOldGen       total 68608K, used 62218K [0x0000000080000000, 0x0000000084300000, 0x00000000d5580000)
  object space 68608K, 90% used [0x0000000080000000,0x0000000083cc2a08,0x0000000084300000)
 Metaspace       used 20557K, committed 21504K, reserved 1114112K
  class space    used 2047K, committed 2432K, reserved 1048576K
}
Event: 57.070 GC heap before
{Heap before GC invocations=49 (full 0):
 PSYoungGen      total 21504K, used 21472K [0x00000000d5580000, 0x00000000d6c80000, 0x0000000100000000)
  eden space 20480K, 100% used [0x00000000d5580000,0x00000000d6980000,0x00000000d6980000)
  from space 1024K, 96% used [0x00000000d6b80000,0x00000000d6c78010,0x00000000d6c80000)
  to   space 1536K, 0% used [0x00000000d6980000,0x00000000d6980000,0x00000000d6b00000)
 ParOldGen       total 68608K, used 62218K [0x0000000080000000, 0x0000000084300000, 0x00000000d5580000)
  object space 68608K, 90% used [0x0000000080000000,0x0000000083cc2a08,0x0000000084300000)
 Metaspace       used 20565K, committed 21504K, reserved 1114112K
  class space    used 2047K, committed 2432K, reserved 1048576K
}
Event: 57.071 GC heap after
{Heap after GC invocations=49 (full 0):
 PSYoungGen      total 22016K, used 256K [0x00000000d5580000, 0x00000000d6c00000, 0x0000000100000000)
  eden space 20480K, 0% used [0x00000000d5580000,0x00000000d5580000,0x00000000d6980000)
  from space 1536K, 16% used [0x00000000d6980000,0x00000000d69c0000,0x00000000d6b00000)
  to   space 1024K, 0% used [0x00000000d6b00000,0x00000000d6b00000,0x00000000d6c00000)
 ParOldGen       total 68608K, used 62950K [0x0000000080000000, 0x0000000084300000, 0x00000000d5580000)
  object space 68608K, 91% used [0x0000000080000000,0x0000000083d79ac0,0x0000000084300000)
 Metaspace       used 20565K, committed 21504K, reserved 1114112K
  class space    used 2047K, committed 2432K, reserved 1048576K
}
Event: 57.232 GC heap before
{Heap before GC invocations=50 (full 0):
 PSYoungGen      total 22016K, used 20736K [0x00000000d5580000, 0x00000000d6c00000, 0x0000000100000000)
  eden space 20480K, 100% used [0x00000000d5580000,0x00000000d6980000,0x00000000d6980000)
  from space 1536K, 16% used [0x00000000d6980000,0x00000000d69c0000,0x00000000d6b00000)
  to   space 1024K, 0% used [0x00000000d6b00000,0x00000000d6b00000,0x00000000d6c00000)
 ParOldGen       total 68608K, used 62950K [0x0000000080000000, 0x0000000084300000, 0x00000000d5580000)
  object space 68608K, 91% used [0x0000000080000000,0x0000000083d79ac0,0x0000000084300000)
 Metaspace       used 20568K, committed 21504K, reserved 1114112K
  class space    used 2047K, committed 2432K, reserved 1048576K
}
Event: 57.233 GC heap after
{Heap after GC invocations=50 (full 0):
 PSYoungGen      total 20992K, used 224K [0x00000000d5580000, 0x00000000d6b80000, 0x0000000100000000)
  eden space 20480K, 0% used [0x00000000d5580000,0x00000000d5580000,0x00000000d6980000)
  from space 512K, 43% used [0x00000000d6b00000,0x00000000d6b38000,0x00000000d6b80000)
  to   space 512K, 0% used [0x00000000d6a80000,0x00000000d6a80000,0x00000000d6b00000)
 ParOldGen       total 68608K, used 63006K [0x0000000080000000, 0x0000000084300000, 0x00000000d5580000)
  object space 68608K, 91% used [0x0000000080000000,0x0000000083d87ac0,0x0000000084300000)
 Metaspace       used 20568K, committed 21504K, reserved 1114112K
  class space    used 2047K, committed 2432K, reserved 1048576K
}
Event: 57.301 GC heap before
{Heap before GC invocations=51 (full 0):
 PSYoungGen      total 20992K, used 10755K [0x00000000d5580000, 0x00000000d6b80000, 0x0000000100000000)
  eden space 20480K, 51% used [0x00000000d5580000,0x00000000d5fc8db0,0x00000000d6980000)
  from space 512K, 43% used [0x00000000d6b00000,0x00000000d6b38000,0x00000000d6b80000)
  to   space 512K, 0% used [0x00000000d6a80000,0x00000000d6a80000,0x00000000d6b00000)
 ParOldGen       total 68608K, used 63006K [0x0000000080000000, 0x0000000084300000, 0x00000000d5580000)
  object space 68608K, 91% used [0x0000000080000000,0x0000000083d87ac0,0x0000000084300000)
 Metaspace       used 20582K, committed 21504K, reserved 1114112K
  class space    used 2051K, committed 2432K, reserved 1048576K
}
Event: 57.301 GC heap after
{Heap after GC invocations=51 (full 0):
 PSYoungGen      total 20992K, used 288K [0x00000000d5580000, 0x00000000d6b80000, 0x0000000100000000)
  eden space 20480K, 0% used [0x00000000d5580000,0x00000000d5580000,0x00000000d6980000)
  from space 512K, 56% used [0x00000000d6a80000,0x00000000d6ac8000,0x00000000d6b00000)
  to   space 512K, 0% used [0x00000000d6b00000,0x00000000d6b00000,0x00000000d6b80000)
 ParOldGen       total 68608K, used 63046K [0x0000000080000000, 0x0000000084300000, 0x00000000d5580000)
  object space 68608K, 91% used [0x0000000080000000,0x0000000083d91ac0,0x0000000084300000)
 Metaspace       used 20582K, committed 21504K, reserved 1114112K
  class space    used 2051K, committed 2432K, reserved 1048576K
}
Event: 57.301 GC heap before
{Heap before GC invocations=52 (full 1):
 PSYoungGen      total 20992K, used 288K [0x00000000d5580000, 0x00000000d6b80000, 0x0000000100000000)
  eden space 20480K, 0% used [0x00000000d5580000,0x00000000d5580000,0x00000000d6980000)
  from space 512K, 56% used [0x00000000d6a80000,0x00000000d6ac8000,0x00000000d6b00000)
  to   space 512K, 0% used [0x00000000d6b00000,0x00000000d6b00000,0x00000000d6b80000)
 ParOldGen       total 68608K, used 63046K [0x0000000080000000, 0x0000000084300000, 0x00000000d5580000)
  object space 68608K, 91% used [0x0000000080000000,0x0000000083d91ac0,0x0000000084300000)
 Metaspace       used 20582K, committed 21504K, reserved 1114112K
  class space    used 2051K, committed 2432K, reserved 1048576K
}
Event: 57.427 GC heap after
{Heap after GC invocations=52 (full 1):
 PSYoungGen      total 20992K, used 0K [0x00000000d5580000, 0x00000000d6b80000, 0x0000000100000000)
  eden space 20480K, 0% used [0x00000000d5580000,0x00000000d5580000,0x00000000d6980000)
  from space 512K, 0% used [0x00000000d6a80000,0x00000000d6a80000,0x00000000d6b00000)
  to   space 512K, 0% used [0x00000000d6b00000,0x00000000d6b00000,0x00000000d6b80000)
 ParOldGen       total 68608K, used 54399K [0x0000000080000000, 0x0000000084300000, 0x00000000d5580000)
  object space 68608K, 79% used [0x0000000080000000,0x000000008351ffa0,0x0000000084300000)
 Metaspace       used 20561K, committed 21504K, reserved 1114112K
  class space    used 2046K, committed 2432K, reserved 1048576K
}
Event: 57.893 GC heap before
{Heap before GC invocations=53 (full 1):
 PSYoungGen      total 20992K, used 20480K [0x00000000d5580000, 0x00000000d6b80000, 0x0000000100000000)
  eden space 20480K, 100% used [0x00000000d5580000,0x00000000d6980000,0x00000000d6980000)
  from space 512K, 0% used [0x00000000d6a80000,0x00000000d6a80000,0x00000000d6b00000)
  to   space 512K, 0% used [0x00000000d6b00000,0x00000000d6b00000,0x00000000d6b80000)
 ParOldGen       total 68608K, used 54399K [0x0000000080000000, 0x0000000084300000, 0x00000000d5580000)
  object space 68608K, 79% used [0x0000000080000000,0x000000008351ffa0,0x0000000084300000)
 Metaspace       used 20873K, committed 21888K, reserved 1114112K
  class space    used 2084K, committed 2496K, reserved 1048576K
}
Event: 57.895 GC heap after
{Heap after GC invocations=53 (full 1):
 PSYoungGen      total 20992K, used 504K [0x00000000d5580000, 0x00000000d6b80000, 0x0000000100000000)
  eden space 20480K, 0% used [0x00000000d5580000,0x00000000d5580000,0x00000000d6980000)
  from space 512K, 98% used [0x00000000d6b00000,0x00000000d6b7e1c8,0x00000000d6b80000)
  to   space 1024K, 0% used [0x00000000d6980000,0x00000000d6980000,0x00000000d6a80000)
 ParOldGen       total 68608K, used 54752K [0x0000000080000000, 0x0000000084300000, 0x00000000d5580000)
  object space 68608K, 79% used [0x0000000080000000,0x0000000083578300,0x0000000084300000)
 Metaspace       used 20873K, committed 21888K, reserved 1114112K
  class space    used 2084K, committed 2496K, reserved 1048576K
}

Dll operation events (15 events):
Event: 0.073 Loaded shared library c:\Users\Excel\.vscode\extensions\redhat.java-1.53.2026020509-win32-x64\jre\21.0.10-win32-x86_64\bin\java.dll
Event: 0.938 Loaded shared library c:\Users\Excel\.vscode\extensions\redhat.java-1.53.2026020509-win32-x64\jre\21.0.10-win32-x86_64\bin\zip.dll
Event: 0.949 Loaded shared library C:\Users\Excel\.vscode\extensions\redhat.java-1.53.2026020509-win32-x64\jre\21.0.10-win32-x86_64\bin\instrument.dll
Event: 0.962 Loaded shared library C:\Users\Excel\.vscode\extensions\redhat.java-1.53.2026020509-win32-x64\jre\21.0.10-win32-x86_64\bin\net.dll
Event: 0.969 Loaded shared library C:\Users\Excel\.vscode\extensions\redhat.java-1.53.2026020509-win32-x64\jre\21.0.10-win32-x86_64\bin\nio.dll
Event: 0.978 Loaded shared library C:\Users\Excel\.vscode\extensions\redhat.java-1.53.2026020509-win32-x64\jre\21.0.10-win32-x86_64\bin\zip.dll
Event: 1.012 Loaded shared library C:\Users\Excel\.vscode\extensions\redhat.java-1.53.2026020509-win32-x64\jre\21.0.10-win32-x86_64\bin\jimage.dll
Event: 1.168 Loaded shared library c:\Users\Excel\.vscode\extensions\redhat.java-1.53.2026020509-win32-x64\jre\21.0.10-win32-x86_64\bin\verify.dll
Event: 21.257 Loaded shared library C:\Users\Excel\AppData\Roaming\Code\User\globalStorage\redhat.java\1.53.2026020509\config_win\org.eclipse.equinox.launcher\org.eclipse.equinox.launcher.win32.win32.x86_64_1.3.0.v20260203-2149\eclipse_11919.dll
Event: 37.640 Loaded shared library C:\Users\Excel\AppData\Local\Temp\jna-67396247\jna14043049537957519697.dll
Event: 44.064 Loaded shared library C:\Users\Excel\.gradle\native\c067742578af261105cb4f569cf0c3c89f3d7b1fecec35dd04571415982c5e48\windows-amd64\native-platform.dll
Event: 45.721 Loaded shared library C:\Users\Excel\.vscode\extensions\redhat.java-1.53.2026020509-win32-x64\jre\21.0.10-win32-x86_64\bin\management.dll
Event: 45.727 Loaded shared library C:\Users\Excel\.vscode\extensions\redhat.java-1.53.2026020509-win32-x64\jre\21.0.10-win32-x86_64\bin\management_ext.dll
Event: 49.071 Loaded shared library C:\Users\Excel\.vscode\extensions\redhat.java-1.53.2026020509-win32-x64\jre\21.0.10-win32-x86_64\bin\extnet.dll
Event: 51.718 Loaded shared library C:\Users\Excel\.vscode\extensions\redhat.java-1.53.2026020509-win32-x64\jre\21.0.10-win32-x86_64\bin\sunmscapi.dll

Deoptimization events (20 events):
Event: 57.862 Thread 0x000001b19ea3f980 Uncommon trap: trap_request=0xffffff45 fr.pc=0x000001b1466233f0 relative=0x0000000000000310
Event: 57.862 Thread 0x000001b19ea3f980 Uncommon trap: reason=unstable_if action=reinterpret pc=0x000001b1466233f0 method=jdk.internal.jimage.ImageStringsReader.stringFromByteBufferMatches(Ljava/nio/ByteBuffer;ILjava/lang/String;I)I @ 59 c2
Event: 57.862 Thread 0x000001b19ea3f980 DEOPT PACKING pc=0x000001b1466233f0 sp=0x000000613effe190
Event: 57.862 Thread 0x000001b19ea3f980 DEOPT UNPACKING pc=0x000001b145c73aa2 sp=0x000000613effe108 mode 2
Event: 57.862 Thread 0x000001b19ea3f980 Uncommon trap: trap_request=0xffffff45 fr.pc=0x000001b146644cf4 relative=0x0000000000000b54
Event: 57.862 Thread 0x000001b19ea3f980 Uncommon trap: reason=unstable_if action=reinterpret pc=0x000001b146644cf4 method=jdk.internal.jrtfs.JrtFileSystem.checkNode(Ljdk/internal/jrtfs/JrtPath;)Ljdk/internal/jimage/ImageReader$Node; @ 16 c2
Event: 57.862 Thread 0x000001b19ea3f980 DEOPT PACKING pc=0x000001b146644cf4 sp=0x000000613effe480
Event: 57.862 Thread 0x000001b19ea3f980 DEOPT UNPACKING pc=0x000001b145c73aa2 sp=0x000000613effe480 mode 2
Event: 57.862 Thread 0x000001b19ea3f980 Uncommon trap: trap_request=0xffffff45 fr.pc=0x000001b14663a878 relative=0x0000000000001178
Event: 57.862 Thread 0x000001b19ea3f980 Uncommon trap: reason=unstable_if action=reinterpret pc=0x000001b14663a878 method=org.eclipse.jdt.internal.core.util.Util.splitOn(CLjava/lang/String;II)[Ljava/lang/String; @ 16 c2
Event: 57.862 Thread 0x000001b19ea3f980 DEOPT PACKING pc=0x000001b14663a878 sp=0x000000613effecd0
Event: 57.862 Thread 0x000001b19ea3f980 DEOPT UNPACKING pc=0x000001b145c73aa2 sp=0x000000613effecc0 mode 2
Event: 57.862 Thread 0x000001b19ea3f980 Uncommon trap: trap_request=0xffffff6e fr.pc=0x000001b146755f18 relative=0x0000000000000398
Event: 57.862 Thread 0x000001b19ea3f980 Uncommon trap: reason=loop_limit_check action=maybe_recompile pc=0x000001b146755f18 method=org.eclipse.jdt.internal.core.util.HashtableOfArrayToObject.hashCode([Ljava/lang/Object;I)I @ 27 c2
Event: 57.863 Thread 0x000001b19ea3f980 DEOPT PACKING pc=0x000001b146755f18 sp=0x000000613effebf0
Event: 57.863 Thread 0x000001b19ea3f980 DEOPT UNPACKING pc=0x000001b145c73aa2 sp=0x000000613effeb78 mode 2
Event: 57.888 Thread 0x000001b19ea3f980 DEOPT PACKING pc=0x000001b13f8944ce sp=0x000000613effe540
Event: 57.888 Thread 0x000001b19ea3f980 DEOPT UNPACKING pc=0x000001b145c74242 sp=0x000000613effdac0 mode 0
Event: 59.929 Thread 0x000001b19ea3f980 DEOPT PACKING pc=0x000001b13f7444e8 sp=0x000000613effe730
Event: 59.929 Thread 0x000001b19ea3f980 DEOPT UNPACKING pc=0x000001b145c74242 sp=0x000000613effdc40 mode 0

Classes loaded (20 events):
Event: 39.745 Loading class com/sun/org/apache/xml/internal/serializer/XMLEntities
Event: 39.745 Loading class com/sun/org/apache/xml/internal/serializer/XMLEntities done
Event: 39.746 Loading class com/sun/org/apache/xml/internal/serializer/XMLEntities_en
Event: 39.746 Loading class com/sun/org/apache/xml/internal/serializer/XMLEntities_en done
Event: 39.746 Loading class com/sun/org/apache/xml/internal/serializer/XMLEntities_en
Event: 39.746 Loading class com/sun/org/apache/xml/internal/serializer/XMLEntities_en done
Event: 39.746 Loading class com/sun/org/apache/xml/internal/serializer/XMLEntities_en_IN
Event: 39.746 Loading class com/sun/org/apache/xml/internal/serializer/XMLEntities_en_IN done
Event: 39.746 Loading class com/sun/org/apache/xml/internal/serializer/XMLEntities_en_IN
Event: 39.746 Loading class com/sun/org/apache/xml/internal/serializer/XMLEntities_en_IN done
Event: 40.248 Loading class jdk/internal/event/ThreadSleepEvent
Event: 40.248 Loading class jdk/internal/event/ThreadSleepEvent done
Event: 45.856 Loading class java/lang/invoke/BoundMethodHandle$Species_LLLLLLLLLL
Event: 45.856 Loading class java/lang/invoke/BoundMethodHandle$Species_LLLLLLLLLL done
Event: 46.030 Loading class jdk/internal/event/ProcessStartEvent
Event: 46.030 Loading class jdk/internal/event/ProcessStartEvent done
Event: 56.127 Loading class sun/net/ConnectionResetException
Event: 56.128 Loading class sun/net/ConnectionResetException done
Event: 56.155 Loading class sun/misc/SharedSecrets
Event: 56.155 Loading class sun/misc/SharedSecrets done

Classes unloaded (11 events):
Event: 57.317 Thread 0x000001b152574560 Unloading class 0x000001b15815c000 'java/lang/invoke/LambdaForm$MH+0x000001b15815c000'
Event: 57.317 Thread 0x000001b152574560 Unloading class 0x000001b15815b800 'java/lang/invoke/LambdaForm$MH+0x000001b15815b800'
Event: 57.317 Thread 0x000001b152574560 Unloading class 0x000001b15815b000 'java/lang/invoke/LambdaForm$MH+0x000001b15815b000'
Event: 57.317 Thread 0x000001b152574560 Unloading class 0x000001b15815a800 'java/lang/invoke/LambdaForm$MH+0x000001b15815a800'
Event: 57.317 Thread 0x000001b152574560 Unloading class 0x000001b158159800 'java/lang/invoke/LambdaForm$MH+0x000001b158159800'
Event: 57.317 Thread 0x000001b152574560 Unloading class 0x000001b158159000 'java/lang/invoke/LambdaForm$MH+0x000001b158159000'
Event: 57.317 Thread 0x000001b152574560 Unloading class 0x000001b158158800 'java/lang/invoke/LambdaForm$MH+0x000001b158158800'
Event: 57.317 Thread 0x000001b152574560 Unloading class 0x000001b1580e8400 'java/lang/invoke/LambdaForm$MH+0x000001b1580e8400'
Event: 57.317 Thread 0x000001b152574560 Unloading class 0x000001b1580e8000 'java/lang/invoke/LambdaForm$MH+0x000001b1580e8000'
Event: 57.317 Thread 0x000001b152574560 Unloading class 0x000001b1580e7c00 'java/lang/invoke/LambdaForm$MH+0x000001b1580e7c00'
Event: 57.317 Thread 0x000001b152574560 Unloading class 0x000001b1580e7800 'java/lang/invoke/LambdaForm$MH+0x000001b1580e7800'

Classes redefined (0 events):
No events

Internal exceptions (20 events):
Event: 57.901 Thread 0x000001b19ea3f980 Exception <a 'sun/nio/fs/WindowsException'{0x00000000d55f1ae8}> (0x00000000d55f1ae8) 
thrown [s\src\hotspot\share\prims\jni.cpp, line 520]
Event: 57.901 Thread 0x000001b19ea3f980 Exception <a 'sun/nio/fs/WindowsException'{0x00000000d55f2118}> (0x00000000d55f2118) 
thrown [s\src\hotspot\share\prims\jni.cpp, line 520]
Event: 57.908 Thread 0x000001b19ea3f980 Exception <a 'sun/nio/fs/WindowsException'{0x00000000d56c8fb0}> (0x00000000d56c8fb0) 
thrown [s\src\hotspot\share\prims\jni.cpp, line 520]
Event: 57.909 Thread 0x000001b19ea3f980 Exception <a 'sun/nio/fs/WindowsException'{0x00000000d56c95e0}> (0x00000000d56c95e0) 
thrown [s\src\hotspot\share\prims\jni.cpp, line 520]
Event: 57.909 Thread 0x000001b19ea3f980 Exception <a 'sun/nio/fs/WindowsException'{0x00000000d56ca078}> (0x00000000d56ca078) 
thrown [s\src\hotspot\share\prims\jni.cpp, line 520]
Event: 57.909 Thread 0x000001b19ea3f980 Exception <a 'sun/nio/fs/WindowsException'{0x00000000d56ca6a8}> (0x00000000d56ca6a8) 
thrown [s\src\hotspot\share\prims\jni.cpp, line 520]
Event: 57.909 Thread 0x000001b19ea3f980 Exception <a 'sun/nio/fs/WindowsException'{0x00000000d56cba68}> (0x00000000d56cba68) 
thrown [s\src\hotspot\share\prims\jni.cpp, line 520]
Event: 57.910 Thread 0x000001b19ea3f980 Exception <a 'sun/nio/fs/WindowsException'{0x00000000d56cc098}> (0x00000000d56cc098) 
thrown [s\src\hotspot\share\prims\jni.cpp, line 520]
Event: 57.917 Thread 0x000001b19ea3f980 Exception <a 'sun/nio/fs/WindowsException'{0x00000000d5798ce0}> (0x00000000d5798ce0) 
thrown [s\src\hotspot\share\prims\jni.cpp, line 520]
Event: 57.917 Thread 0x000001b19ea3f980 Exception <a 'sun/nio/fs/WindowsException'{0x00000000d5799310}> (0x00000000d5799310) 
thrown [s\src\hotspot\share\prims\jni.cpp, line 520]
Event: 57.917 Thread 0x000001b19ea3f980 Exception <a 'sun/nio/fs/WindowsException'{0x00000000d5799da8}> (0x00000000d5799da8) 
thrown [s\src\hotspot\share\prims\jni.cpp, line 520]
Event: 57.918 Thread 0x000001b19ea3f980 Exception <a 'sun/nio/fs/WindowsException'{0x00000000d579a3d8}> (0x00000000d579a3d8) 
thrown [s\src\hotspot\share\prims\jni.cpp, line 520]
Event: 57.920 Thread 0x000001b19ea3f980 Exception <a 'sun/nio/fs/WindowsException'{0x00000000d57ec098}> (0x00000000d57ec098) 
thrown [s\src\hotspot\share\prims\jni.cpp, line 520]
Event: 57.921 Thread 0x000001b19ea3f980 Exception <a 'sun/nio/fs/WindowsException'{0x00000000d57ec6c8}> (0x00000000d57ec6c8) 
thrown [s\src\hotspot\share\prims\jni.cpp, line 520]
Event: 57.927 Thread 0x000001b19ea3f980 Exception <a 'sun/nio/fs/WindowsException'{0x00000000d58a6a70}> (0x00000000d58a6a70) 
thrown [s\src\hotspot\share\prims\jni.cpp, line 520]
Event: 57.927 Thread 0x000001b19ea3f980 Exception <a 'sun/nio/fs/WindowsException'{0x00000000d58a70a0}> (0x00000000d58a70a0) 
thrown [s\src\hotspot\share\prims\jni.cpp, line 520]
Event: 57.928 Thread 0x000001b19ea3f980 Exception <a 'sun/nio/fs/WindowsException'{0x00000000d58a7b38}> (0x00000000d58a7b38) 
thrown [s\src\hotspot\share\prims\jni.cpp, line 520]
Event: 57.928 Thread 0x000001b19ea3f980 Exception <a 'sun/nio/fs/WindowsException'{0x00000000d58a8168}> (0x00000000d58a8168) 
thrown [s\src\hotspot\share\prims\jni.cpp, line 520]
Event: 57.931 Thread 0x000001b19ea3f980 Exception <a 'sun/nio/fs/WindowsException'{0x00000000d58fa1b8}> (0x00000000d58fa1b8) 
thrown [s\src\hotspot\share\prims\jni.cpp, line 520]
Event: 57.931 Thread 0x000001b19ea3f980 Exception <a 'sun/nio/fs/WindowsException'{0x00000000d58fa7e8}> (0x00000000d58fa7e8) 
thrown [s\src\hotspot\share\prims\jni.cpp, line 520]

ZGC Phase Switch (0 events):
No events

VM Operations (20 events):
Event: 56.478 Executing safepoint VM operation: ParallelGCFailedAllocation (Allocation Failure) done
Event: 57.070 Executing safepoint VM operation: ParallelGCFailedAllocation (Allocation Failure)
Event: 57.071 Executing safepoint VM operation: ParallelGCFailedAllocation (Allocation Failure) done
Event: 57.232 Executing safepoint VM operation: ParallelGCFailedAllocation (Allocation Failure)
Event: 57.233 Executing safepoint VM operation: ParallelGCFailedAllocation (Allocation Failure) done
Event: 57.301 Executing safepoint VM operation: CollectForMetadataAllocation (Metadata GC Threshold)
Event: 57.427 Executing safepoint VM operation: CollectForMetadataAllocation (Metadata GC Threshold) done
Event: 57.457 Executing non-safepoint VM operation: HandshakeAllThreads (Deoptimize)
Event: 57.457 Executing non-safepoint VM operation: HandshakeAllThreads (Deoptimize) done
Event: 57.460 Executing non-safepoint VM operation: HandshakeAllThreads (Deoptimize)
Event: 57.461 Executing non-safepoint VM operation: HandshakeAllThreads (Deoptimize) done
Event: 57.472 Executing non-safepoint VM operation: HandshakeAllThreads (Deoptimize)
Event: 57.472 Executing non-safepoint VM operation: HandshakeAllThreads (Deoptimize) done
Event: 57.842 Executing non-safepoint VM operation: HandshakeAllThreads (Deoptimize)
Event: 57.842 Executing non-safepoint VM operation: HandshakeAllThreads (Deoptimize) done
Event: 57.858 Executing non-safepoint VM operation: HandshakeAllThreads (Deoptimize)
Event: 57.858 Executing non-safepoint VM operation: HandshakeAllThreads (Deoptimize) done
Event: 57.893 Executing safepoint VM operation: ParallelGCFailedAllocation (Allocation Failure)
Event: 57.895 Executing safepoint VM operation: ParallelGCFailedAllocation (Allocation Failure) done
Event: 58.895 Executing safepoint VM operation: Cleanup

Memory protections (0 events):
No events

Nmethod flushes (0 events):
No events

Events (20 events):
Event: 56.332 Thread 0x000001b19ea3d220 Thread added: 0x000001b1a1269a50
Event: 56.366 Thread 0x000001b1a1269a50 Thread added: 0x000001b1a126ced0
Event: 56.444 Thread 0x000001b1a1269a50 Thread added: 0x000001b1a126d560
Event: 56.452 Thread 0x000001b1a126d560 Thread added: 0x000001b1a126c840
Event: 56.453 Thread 0x000001b1a126d560 Thread added: 0x000001b1a126a0e0
Event: 56.453 Thread 0x000001b1a126c840 Thread exited: 0x000001b1a126c840
Event: 56.578 Thread 0x000001b19fc7e3a0 Thread exited: 0x000001b19fc7e3a0
Event: 56.681 Thread 0x000001b19fc7dcd0 Thread exited: 0x000001b19fc7dcd0
Event: 56.897 Thread 0x000001b1a126d560 Thread exited: 0x000001b1a126d560
Event: 56.897 Thread 0x000001b1a126a0e0 Thread exited: 0x000001b1a126a0e0
Event: 56.897 Thread 0x000001b1a126ced0 Thread exited: 0x000001b1a126ced0
Event: 56.898 Thread 0x000001b1a1269a50 Thread exited: 0x000001b1a1269a50
Event: 56.920 Thread 0x000001b139f6c580 Thread added: 0x000001b19fc7cf30
Event: 57.467 Thread 0x000001b198af6840 Thread added: 0x000001b19fc7e3a0
Event: 57.680 Thread 0x000001b19fc7e3a0 Thread exited: 0x000001b19fc7e3a0
Event: 57.680 Thread 0x000001b19fc7cf30 Thread exited: 0x000001b19fc7cf30
Event: 57.809 Thread 0x000001b19ebdd790 Thread added: 0x000001b1a126a0e0
Event: 57.809 Thread 0x000001b19ebdf1d0 Thread added: 0x000001b1a1269a50
Event: 57.876 Thread 0x000001b198af6840 Thread added: 0x000001b19fc7c190
Event: 57.906 Thread 0x000001b198af6840 Thread added: 0x000001b19fc7cf30


Dynamic libraries:
0x00007ff645430000 - 0x00007ff64543e000 	c:\Users\Excel\.vscode\extensions\redhat.java-1.53.2026020509-win32-x64\jre\21.0.10-win32-x86_64\bin\java.exe
0x00007fff2f860000 - 0x00007fff2fac8000 	C:\WINDOWS\SYSTEM32\ntdll.dll
0x00007fff2e950000 - 0x00007fff2ea19000 	C:\WINDOWS\System32\KERNEL32.DLL
0x00007fff2d040000 - 0x00007fff2d431000 	C:\WINDOWS\System32\KERNELBASE.dll
0x00007fff2ca90000 - 0x00007fff2cbdb000 	C:\WINDOWS\System32\ucrtbase.dll
0x00007fff08690000 - 0x00007fff086a8000 	c:\Users\Excel\.vscode\extensions\redhat.java-1.53.2026020509-win32-x64\jre\21.0.10-win32-x86_64\bin\jli.dll
0x00007fff086b0000 - 0x00007fff086ce000 	c:\Users\Excel\.vscode\extensions\redhat.java-1.53.2026020509-win32-x64\jre\21.0.10-win32-x86_64\bin\VCRUNTIME140.dll
0x00007fff2dd60000 - 0x00007fff2df26000 	C:\WINDOWS\System32\USER32.dll
0x00007fff192a0000 - 0x00007fff19533000 	C:\WINDOWS\WinSxS\amd64_microsoft.windows.common-controls_6595b64144ccf1df_6.0.26100.7705_none_3e06597ae3363b04\COMCTL32.dll
0x00007fff2ca60000 - 0x00007fff2ca87000 	C:\WINDOWS\System32\win32u.dll
0x00007fff2e870000 - 0x00007fff2e89b000 	C:\WINDOWS\System32\GDI32.dll
0x00007fff2e8a0000 - 0x00007fff2e949000 	C:\WINDOWS\System32\msvcrt.dll
0x00007fff2d4d0000 - 0x00007fff2d5fb000 	C:\WINDOWS\System32\gdi32full.dll
0x00007fff2ced0000 - 0x00007fff2cf73000 	C:\WINDOWS\System32\msvcp_win.dll
0x00007fff2ef80000 - 0x00007fff2efb1000 	C:\WINDOWS\System32\IMM32.DLL
0x00007fff20870000 - 0x00007fff2087c000 	c:\Users\Excel\.vscode\extensions\redhat.java-1.53.2026020509-win32-x64\jre\21.0.10-win32-x86_64\bin\vcruntime140_1.dll
0x00007ffefa360000 - 0x00007ffefa3ed000 	c:\Users\Excel\.vscode\extensions\redhat.java-1.53.2026020509-win32-x64\jre\21.0.10-win32-x86_64\bin\msvcp140.dll
0x00007ffed0710000 - 0x00007ffed14b1000 	c:\Users\Excel\.vscode\extensions\redhat.java-1.53.2026020509-win32-x64\jre\21.0.10-win32-x86_64\bin\server\jvm.dll
0x00007fff2eeb0000 - 0x00007fff2ef64000 	C:\WINDOWS\System32\ADVAPI32.dll
0x00007fff2e640000 - 0x00007fff2e6e6000 	C:\WINDOWS\System32\sechost.dll
0x00007fff2df30000 - 0x00007fff2e048000 	C:\WINDOWS\System32\RPCRT4.dll
0x00007fff2f530000 - 0x00007fff2f5a4000 	C:\WINDOWS\System32\WS2_32.dll
0x00007fff2bfa0000 - 0x00007fff2bffe000 	C:\WINDOWS\SYSTEM32\POWRPROF.dll
0x00007fff2a100000 - 0x00007fff2a135000 	C:\WINDOWS\SYSTEM32\WINMM.dll
0x00007fff25740000 - 0x00007fff2574b000 	C:\WINDOWS\SYSTEM32\VERSION.dll
0x00007fff2bf80000 - 0x00007fff2bf94000 	C:\WINDOWS\SYSTEM32\UMPDC.dll
0x00007fff2aef0000 - 0x00007fff2af0b000 	C:\WINDOWS\SYSTEM32\kernel.appcore.dll
0x00007ffefa350000 - 0x00007ffefa35a000 	c:\Users\Excel\.vscode\extensions\redhat.java-1.53.2026020509-win32-x64\jre\21.0.10-win32-x86_64\bin\jimage.dll
0x00007fff29e00000 - 0x00007fff2a042000 	C:\WINDOWS\SYSTEM32\DBGHELP.DLL
0x00007fff2e2b0000 - 0x00007fff2e636000 	C:\WINDOWS\System32\combase.dll
0x00007fff2e1d0000 - 0x00007fff2e2a7000 	C:\WINDOWS\System32\OLEAUT32.dll
0x00007fff2a0a0000 - 0x00007fff2a0db000 	C:\WINDOWS\SYSTEM32\dbgcore.DLL
0x00007fff2c140000 - 0x00007fff2c1e5000 	C:\WINDOWS\System32\bcryptPrimitives.dll
0x00007fff1c600000 - 0x00007fff1c60f000 	c:\Users\Excel\.vscode\extensions\redhat.java-1.53.2026020509-win32-x64\jre\21.0.10-win32-x86_64\bin\instrument.dll
0x00007ffefa260000 - 0x00007ffefa280000 	c:\Users\Excel\.vscode\extensions\redhat.java-1.53.2026020509-win32-x64\jre\21.0.10-win32-x86_64\bin\java.dll
0x00007fff2d600000 - 0x00007fff2dd51000 	C:\WINDOWS\System32\SHELL32.dll
0x00007fff2cbe0000 - 0x00007fff2cd4a000 	C:\WINDOWS\System32\wintypes.dll
0x00007fff2c1f0000 - 0x00007fff2ca52000 	C:\WINDOWS\System32\windows.storage.dll
0x00007fff2e0a0000 - 0x00007fff2e196000 	C:\WINDOWS\System32\SHCORE.dll
0x00007fff2e780000 - 0x00007fff2e7e7000 	C:\WINDOWS\System32\shlwapi.dll
0x00007fff2c060000 - 0x00007fff2c089000 	C:\WINDOWS\SYSTEM32\profapi.dll
0x00007ffefa240000 - 0x00007ffefa258000 	c:\Users\Excel\.vscode\extensions\redhat.java-1.53.2026020509-win32-x64\jre\21.0.10-win32-x86_64\bin\zip.dll
0x00007ffefa340000 - 0x00007ffefa350000 	C:\Users\Excel\.vscode\extensions\redhat.java-1.53.2026020509-win32-x64\jre\21.0.10-win32-x86_64\bin\net.dll
0x00007fff22680000 - 0x00007fff227a7000 	C:\WINDOWS\SYSTEM32\WINHTTP.dll
0x00007fff2b460000 - 0x00007fff2b4cb000 	C:\WINDOWS\system32\mswsock.dll
0x00007ffefa220000 - 0x00007ffefa236000 	C:\Users\Excel\.vscode\extensions\redhat.java-1.53.2026020509-win32-x64\jre\21.0.10-win32-x86_64\bin\nio.dll
0x00007ffefa130000 - 0x00007ffefa140000 	c:\Users\Excel\.vscode\extensions\redhat.java-1.53.2026020509-win32-x64\jre\21.0.10-win32-x86_64\bin\verify.dll
0x00007ffed6f60000 - 0x00007ffed6fa5000 	C:\Users\Excel\AppData\Roaming\Code\User\globalStorage\redhat.java\1.53.2026020509\config_win\org.eclipse.equinox.launcher\org.eclipse.equinox.launcher.win32.win32.x86_64_1.3.0.v20260203-2149\eclipse_11919.dll
0x00007fff2f5b0000 - 0x00007fff2f747000 	C:\WINDOWS\System32\ole32.dll
0x00007fff2b730000 - 0x00007fff2b74b000 	C:\WINDOWS\SYSTEM32\CRYPTSP.dll
0x00007fff2ae50000 - 0x00007fff2ae89000 	C:\WINDOWS\system32\rsaenh.dll
0x00007fff2b510000 - 0x00007fff2b53b000 	C:\WINDOWS\SYSTEM32\USERENV.dll
0x00007fff2c030000 - 0x00007fff2c05a000 	C:\WINDOWS\SYSTEM32\bcrypt.dll
0x00007fff2b720000 - 0x00007fff2b72c000 	C:\WINDOWS\SYSTEM32\CRYPTBASE.dll
0x00007fff2a8f0000 - 0x00007fff2a924000 	C:\WINDOWS\SYSTEM32\IPHLPAPI.DLL
0x00007fff2e1c0000 - 0x00007fff2e1ca000 	C:\WINDOWS\System32\NSI.dll
0x00007ffed6600000 - 0x00007ffed6649000 	C:\Users\Excel\AppData\Local\Temp\jna-67396247\jna14043049537957519697.dll
0x00007fff2ef70000 - 0x00007fff2ef78000 	C:\WINDOWS\System32\PSAPI.DLL
0x00007fff22d90000 - 0x00007fff22dae000 	C:\WINDOWS\SYSTEM32\dhcpcsvc6.DLL
0x00007fff22930000 - 0x00007fff22953000 	C:\WINDOWS\SYSTEM32\dhcpcsvc.DLL
0x00007fff1c390000 - 0x00007fff1c3b7000 	C:\Users\Excel\.gradle\native\c067742578af261105cb4f569cf0c3c89f3d7b1fecec35dd04571415982c5e48\windows-amd64\native-platform.dll
0x00007ffefa210000 - 0x00007ffefa21a000 	C:\Users\Excel\.vscode\extensions\redhat.java-1.53.2026020509-win32-x64\jre\21.0.10-win32-x86_64\bin\management.dll
0x00007ffefa200000 - 0x00007ffefa20c000 	C:\Users\Excel\.vscode\extensions\redhat.java-1.53.2026020509-win32-x64\jre\21.0.10-win32-x86_64\bin\management_ext.dll
0x00007ffefa1e0000 - 0x00007ffefa1e9000 	C:\Users\Excel\.vscode\extensions\redhat.java-1.53.2026020509-win32-x64\jre\21.0.10-win32-x86_64\bin\extnet.dll
0x00007ffefa1f0000 - 0x00007ffefa1fe000 	C:\Users\Excel\.vscode\extensions\redhat.java-1.53.2026020509-win32-x64\jre\21.0.10-win32-x86_64\bin\sunmscapi.dll
0x00007fff2cd50000 - 0x00007fff2cec7000 	C:\WINDOWS\System32\CRYPT32.dll
0x00007fff2b940000 - 0x00007fff2b970000 	C:\WINDOWS\SYSTEM32\ncrypt.dll
0x00007fff2b8f0000 - 0x00007fff2b92f000 	C:\WINDOWS\SYSTEM32\NTASN1.dll
0x00007fff06440000 - 0x00007fff06448000 	C:\WINDOWS\system32\wshunix.dll

JVMTI agents:
c:\Users\Excel\.vscode\extensions\redhat.java-1.53.2026020509-win32-x64\lombok\lombok-1.18.39-4050.jar path:c:\Users\Excel\.vscode\extensions\redhat.java-1.53.2026020509-win32-x64\jre\21.0.10-win32-x86_64\bin\instrument.dll, loaded, initialized, instrumentlib options:none

dbghelp: loaded successfully - version: 4.0.5 - missing functions: none
symbol engine: initialized successfully - sym options: 0x614 - pdb path: .;c:\Users\Excel\.vscode\extensions\redhat.java-1.53.2026020509-win32-x64\jre\21.0.10-win32-x86_64\bin;C:\WINDOWS\SYSTEM32;C:\WINDOWS\WinSxS\amd64_microsoft.windows.common-controls_6595b64144ccf1df_6.0.26100.7705_none_3e06597ae3363b04;c:\Users\Excel\.vscode\extensions\redhat.java-1.53.2026020509-win32-x64\jre\21.0.10-win32-x86_64\bin\server;C:\Users\Excel\AppData\Roaming\Code\User\globalStorage\redhat.java\1.53.2026020509\config_win\org.eclipse.equinox.launcher\org.eclipse.equinox.launcher.win32.win32.x86_64_1.3.0.v20260203-2149;C:\Users\Excel\AppData\Local\Temp\jna-67396247;C:\Users\Excel\.gradle\native\c067742578af261105cb4f569cf0c3c89f3d7b1fecec35dd04571415982c5e48\windows-amd64

VM Arguments:
jvm_args: --add-modules=ALL-SYSTEM --add-opens=java.base/java.util=ALL-UNNAMED --add-opens=java.base/java.lang=ALL-UNNAMED --add-opens=java.base/sun.nio.fs=ALL-UNNAMED -Declipse.application=org.eclipse.jdt.ls.core.id1 -Dosgi.bundles.defaultStartLevel=4 -Declipse.product=org.eclipse.jdt.ls.core.product -Djava.import.generatesMetadataFilesAtProjectRoot=false -DDetectVMInstallationsJob.disabled=true -Dfile.encoding=utf8 -XX:+UseParallelGC -XX:GCTimeRatio=4 -XX:AdaptiveSizePolicyWeight=90 -Dsun.zip.disableMemoryMapping=true -Xmx2G -Xms100m -Xlog:disable -javaagent:c:\Users\Excel\.vscode\extensions\redhat.java-1.53.2026020509-win32-x64\lombok\lombok-1.18.39-4050.jar -XX:+HeapDumpOnOutOfMemoryError -XX:HeapDumpPath=c:\Users\Excel\AppData\Roaming\Code\User\workspaceStorage\eca9d6bf24d4b24d38765ba8130712a1\redhat.java -Daether.dependencyCollector.impl=bf -XX:+UnlockDiagnosticVMOptions -XX:+AllowArchivingWithJavaAgent -XX:+AutoCreateSharedArchive -XX:SharedArchiveFile=c:\Users\Excel\AppData\Roaming\Code\User\globalStorage\redhat.java\1.53.2026020509\jdtls.jsa 
java_command: c:\Users\Excel\.vscode\extensions\redhat.java-1.53.2026020509-win32-x64\server\plugins\org.eclipse.equinox.launcher_1.7.100.v20251111-0406.jar -configuration c:\Users\Excel\AppData\Roaming\Code\User\globalStorage\redhat.java\1.53.2026020509\config_win -data c:\Users\Excel\AppData\Roaming\Code\User\workspaceStorage\eca9d6bf24d4b24d38765ba8130712a1\redhat.java\jdt_ws --pipe=\\.\pipe\lsp-9dfbd5f830f21ccc8f12b4ef65add12e-sock
java_class_path (initial): c:\Users\Excel\.vscode\extensions\redhat.java-1.53.2026020509-win32-x64\server\plugins\org.eclipse.equinox.launcher_1.7.100.v20251111-0406.jar
Launcher Type: SUN_STANDARD

[Global flags]
    uintx AdaptiveSizePolicyWeight                 = 90                                        {product} {command line}
     bool AllowArchivingWithJavaAgent              = true                             {JVMCI diagnostic} {command line}
     bool AutoCreateSharedArchive                  = false                               {JVMCI product} {command line}
     intx CICompilerCount                          = 4                                         {product} {ergonomic}
    uintx GCTimeRatio                              = 4                                         {product} {command line}
     bool HeapDumpOnOutOfMemoryError               = true                                   {manageable} {command line}
    ccstr HeapDumpPath                             = c:\Users\Excel\AppData\Roaming\Code\User\workspaceStorage\eca9d6bf24d4b24d38765ba8130712a1\redhat.java         {manageable} {command line}
   size_t InitialHeapSize                          = 104857600                                 {product} {command line}
   size_t MaxHeapSize                              = 2147483648                                {product} {command line}
   size_t MaxNewSize                               = 715653120                                 {product} {ergonomic}
   size_t MinHeapDeltaBytes                        = 524288                                    {product} {ergonomic}
   size_t MinHeapSize                              = 104857600                                 {product} {command line}
   size_t NewSize                                  = 34603008                                  {product} {ergonomic}
    uintx NonNMethodCodeHeapSize                   = 5839372                                {pd product} {ergonomic}
    uintx NonProfiledCodeHeapSize                  = 122909434                              {pd product} {ergonomic}
   size_t OldSize                                  = 70254592                                  {product} {ergonomic}
    uintx ProfiledCodeHeapSize                     = 122909434                              {pd product} {ergonomic}
    uintx ReservedCodeCacheSize                    = 251658240                              {pd product} {ergonomic}
     bool SegmentedCodeCache                       = true                                      {product} {ergonomic}
    ccstr SharedArchiveFile                        = c:\Users\Excel\AppData\Roaming\Code\User\globalStorage\redhat.java\1.53.2026020509\jdtls.jsa      {JVMCI product} {command line}
   size_t SoftMaxHeapSize                          = 2147483648                             {manageable} {ergonomic}
     bool UnlockDiagnosticVMOptions                = true                                   {diagnostic} {command line}
     bool UseCompressedOops                        = true                           {product lp64_product} {ergonomic}
     bool UseLargePagesIndividualAllocation        = false                                  {pd product} {ergonomic}
     bool UseParallelGC                            = true                                      {product} {command line}

Logging:
Log output configuration:
 #0: stdout all=off uptime,level,tags foldmultilines=false
 #1: stderr all=off uptime,level,tags foldmultilines=false

Release file:
JAVA_VERSION="21.0.10" 
MODULES="java.base java.compiler java.datatransfer java.xml java.prefs java.desktop java.instrument java.logging java.management java.security.sasl java.naming java.rmi java.management.rmi java.net.http java.scripting java.security.jgss java.transaction.xa java.sql java.sql.rowset java.xml.crypto java.se java.smartcardio jdk.accessibility jdk.internal.jvmstat jdk.attach jdk.charsets jdk.internal.opt jdk.zipfs jdk.compiler jdk.crypto.ec jdk.crypto.cryptoki jdk.crypto.mscapi jdk.dynalink jdk.internal.ed jdk.editpad jdk.hotspot.agent jdk.httpserver jdk.internal.le jdk.internal.vm.ci jdk.internal.vm.compiler jdk.internal.vm.compiler.management jdk.jartool jdk.javadoc jdk.jcmd jdk.management jdk.management.agent jdk.jconsole jdk.jdeps jdk.jdwp.agent jdk.jdi jdk.jfr jdk.jshell jdk.jsobject jdk.jstatd jdk.localedata jdk.management.jfr jdk.naming.dns jdk.naming.rmi jdk.net jdk.nio.mapmode jdk.random jdk.sctp jdk.security.auth jdk.security.jgss jdk.unsupported jdk.unsupported.desktop jdk.xml.dom" 

Environment Variables:
JAVA_HOME=C:\Program Files\Java\jdk-21
PATH=C:\Program Files\Java\jdk-21\bin;C:\Program Files\Java\jdk-21\bin;C:\Program Files\MySQL\MySQL Shell 8.0\bin\;C:\WINDOWS\system32;C:\WINDOWS;C:\WINDOWS\System32\Wbem;C:\WINDOWS\System32\WindowsPowerShell\v1.0\;C:\WINDOWS\System32\OpenSSH\;C:\Program Files\dotnet\;C:\Program Files\nodejs\;C:\Program Files\Git\cmd;C:\Users\Excel\AppData\Local\Programs\Python\Python310\Scripts\;C:\Users\Excel\AppData\Local\Programs\Python\Python310\;C:\Users\Excel\AppData\Local\Programs\Python\Launcher\;C:\Users\Excel\AppData\Local\Microsoft\WindowsApps;C:\Users\Excel\AppData\Local\Programs\Microsoft VS Code\bin;C:\Users\Excel\AppData\Local\Microsoft\WinGet\Packages\Schniz.fnm_Microsoft.Winget.Source_8wekyb3d8bbwe;C:\Users\Excel\AppData\Roaming\npm;C:\platform-tools;E:\Notes\CSE\Final_Year_Project\Project_Code\platform-tools;C:\ADB;E:\Notes\CSE\Final_Year_Project\Project_Code\platform-tools;C:\flutter\bin;C:\maven-mvnd-1.0.2-windows-amd64;C:\Program Files\JetBrains\IntelliJ IDEA 2025.1.3\bin;;C:\Program Files\JetBrains\IntelliJ IDEA Community Edition 2025.1.3\bin;;C:\Users\Excel\AppData\Local\Programs\cursor\resources\app\bin;C:\Users\Excel\AppData\Local\GitHubDesktop\bin;C:\ProgramData\Excel\GitHubDesktop\bin;
USERNAME=Excel
OS=Windows_NT
PROCESSOR_IDENTIFIER=AMD64 Family 23 Model 104 Stepping 1, AuthenticAMD
TMP=C:\Users\Excel\AppData\Local\Temp
TEMP=C:\Users\Excel\AppData\Local\Temp




Periodic native trim disabled

---------------  S Y S T E M  ---------------

OS:
 Windows 11 , 64 bit Build 26100 (10.0.26100.7705)
OS uptime: 0 days 2:04 hours
Hyper-V role detected

CPU: total 12 (initial active 12) (12 cores per cpu, 2 threads per core) family 23 model 104 stepping 1 microcode 0x8608102, cx8, cmov, fxsr, ht, mmx, 3dnowpref, sse, sse2, sse3, ssse3, sse4a, sse4.1, sse4.2, popcnt, lzcnt, tsc, tscinvbit, avx, avx2, aes, clmul, bmi1, bmi2, adx, sha, fma, vzeroupper, clflush, clflushopt, hv, rdtscp, rdpid, f16c
Processor Information for the first 12 processors :
  Max Mhz: 2100, Current Mhz: 2100, Mhz Limit: 2100

Memory: 4k page, system-wide physical 6005M (750M free)
TotalPageFile size 22389M (AvailPageFile size 35M)
current process WorkingSet (physical memory assigned to process): 267M, peak: 271M
current process commit charge ("private bytes"): 378M, peak: 393M

vm_info: OpenJDK 64-Bit Server VM (21.0.10+7-LTS) for windows-amd64 JRE (21.0.10+7-LTS), built on 2026-01-20T00:00:00Z by "admin" with MS VC++ 17.12 (VS2022)

END.
