#
# There is insufficient memory for the Java Runtime Environment to continue.
# Native memory allocation (malloc) failed to allocate 493696 bytes for Chunk::new
# Possible reasons:
#   The system is out of physical RAM or swap space
#   The process is running with CompressedOops enabled, and the Java Heap may be blocking the growth of the native heap
# Possible solutions:
#   Reduce memory load on the system
#   Increase physical memory or swap space
#   Check if swap backing store is full
#   Decrease Java heap size (-Xmx/-Xms)
#   Decrease number of Java threads
#   Decrease Java thread stack sizes (-Xss)
#   Set larger code cache with -XX:ReservedCodeCacheSize=
#   JVM is running with Unscaled Compressed Oops mode in which the Java heap is
#     placed in the first 4GB address space. The Java Heap base address is the
#     maximum limit for the native heap growth. Please use -XX:HeapBaseMinAddress
#     to set the Java Heap base and to place the Java Heap above 4GB virtual address.
# This output file may be truncated or incomplete.
#
#  Out of Memory Error (arena.cpp:168), pid=5304, tid=19780
#
# JRE version: Java(TM) SE Runtime Environment (21.0.8+12) (build 21.0.8+12-LTS-250)
# Java VM: Java HotSpot(TM) 64-Bit Server VM (21.0.8+12-LTS-250, mixed mode, sharing, tiered, compressed oops, compressed class ptrs, g1 gc, windows-amd64)
# No core dump will be written. Minidumps are not enabled by default on client versions of Windows
#

---------------  S U M M A R Y ------------

Command Line: --add-opens=java.base/java.util=ALL-UNNAMED --add-opens=java.base/java.lang=ALL-UNNAMED --add-opens=java.base/java.lang.invoke=ALL-UNNAMED --add-opens=java.prefs/java.util.prefs=ALL-UNNAMED --add-opens=java.base/java.nio.charset=ALL-UNNAMED --add-opens=java.base/java.net=ALL-UNNAMED --add-opens=java.base/java.util.concurrent.atomic=ALL-UNNAMED -Xmx1536m -Dfile.encoding=utf8 -Duser.country=IN -Duser.language=en -Duser.variant -javaagent:C:\Users\Excel\.gradle\wrapper\dists\gradle-8.6-bin\afr5mpiioh2wthjmwnkmdsd5w\gradle-8.6\lib\agents\gradle-instrumentation-agent-8.6.jar org.gradle.launcher.daemon.bootstrap.GradleDaemon 8.6

Host: AMD Ryzen 5 5500U with Radeon Graphics         , 12 cores, 5G,  Windows 11 , 64 bit Build 26100 (10.0.26100.7705)
Time: Mon Feb  2 18:53:02 2026 India Standard Time elapsed time: 18.357797 seconds (0d 0h 0m 18s)

---------------  T H R E A D  ---------------

Current thread (0x000001f8fefc29b0):  JavaThread "C2 CompilerThread0" daemon [_thread_in_native, id=19780, stack(0x000000b45e900000,0x000000b45ea00000) (1024K)]


Current CompileTask:
C2:  18357 6468       4       jdk.internal.org.objectweb.asm.ClassWriter::visitMethod (57 bytes)

Stack: [0x000000b45e900000,0x000000b45ea00000]
Native frames: (J=compiled Java code, j=interpreted, Vv=VM code, C=native code)
V  [jvm.dll+0x6cc179]
V  [jvm.dll+0x8584c1]
V  [jvm.dll+0x85a9ee]
V  [jvm.dll+0x85b0c3]
V  [jvm.dll+0x27ebf6]
V  [jvm.dll+0xc4f4d]
V  [jvm.dll+0xc5483]
V  [jvm.dll+0x3b6abc]
V  [jvm.dll+0x382a35]
V  [jvm.dll+0x381eaa]
V  [jvm.dll+0x247670]
V  [jvm.dll+0x246c4f]
V  [jvm.dll+0x1c7a3e]
V  [jvm.dll+0x256359]
V  [jvm.dll+0x2548ea]
V  [jvm.dll+0x3efef6]
V  [jvm.dll+0x80279b]
V  [jvm.dll+0x6ca85d]
C  [ucrtbase.dll+0x37b0]
C  [KERNEL32.DLL+0x2e8d7]
C  [ntdll.dll+0x8c40c]


---------------  P R O C E S S  ---------------

Threads class SMR info:
_java_thread_list=0x000001f8cadad500, length=57, elements={
0x000001f8e27f5a90, 0x000001f8fefb3e80, 0x000001f8fefb7450, 0x000001f8fefbaf10,
0x000001f8fefbb960, 0x000001f8fefc10c0, 0x000001f8fefcd420, 0x000001f8fefc29b0,
0x000001f8fefd09f0, 0x000001f8fef82b10, 0x000001f8ff3c3f80, 0x000001f8c7fe64f0,
0x000001f8c767a060, 0x000001f8c7c650b0, 0x000001f8c801ef60, 0x000001f8c800d6e0,
0x000001f8ffb61510, 0x000001f8ffb61b70, 0x000001f8ffb68c00, 0x000001f8ff5621b0,
0x000001f8ff561490, 0x000001f8ff560e00, 0x000001f8ff560770, 0x000001f8ff562840,
0x000001f8ff562ed0, 0x000001f8ff561b20, 0x000001f8ff563560, 0x000001f8ff5600e0,
0x000001f8c87b7880, 0x000001f8c87b71f0, 0x000001f8c87b85a0, 0x000001f8c87b8c30,
0x000001f8c87b92c0, 0x000001f8c87b5e40, 0x000001f8c87b9950, 0x000001f8c87b64d0,
0x000001f8c87b9fe0, 0x000001f8c87ba670, 0x000001f8c87bc0b0, 0x000001f8c87bd460,
0x000001f8c87bba20, 0x000001f8c87bcdd0, 0x000001f8c87bad00, 0x000001f8c87bb390,
0x000001f8c8e6ebd0, 0x000001f8c9999c10, 0x000001f8c8e6cb00, 0x000001f8c8e6f260,
0x000001f8c8e6e540, 0x000001f8c8e6f8f0, 0x000001f8c8e6ff80, 0x000001f8c8e6d190,
0x000001f8c8e6d820, 0x000001f8ca1b2760, 0x000001f8ca1b1a40, 0x000001f8ca1b2df0,
0x000001f8ca1b0d20
}

Java Threads: ( => current thread )
  0x000001f8e27f5a90 JavaThread "main"                              [_thread_blocked, id=12960, stack(0x000000b45db00000,0x000000b45dc00000) (1024K)]
  0x000001f8fefb3e80 JavaThread "Reference Handler"          daemon [_thread_blocked, id=18900, stack(0x000000b45e300000,0x000000b45e400000) (1024K)]
  0x000001f8fefb7450 JavaThread "Finalizer"                  daemon [_thread_blocked, id=19652, stack(0x000000b45e400000,0x000000b45e500000) (1024K)]
  0x000001f8fefbaf10 JavaThread "Signal Dispatcher"          daemon [_thread_blocked, id=21696, stack(0x000000b45e500000,0x000000b45e600000) (1024K)]
  0x000001f8fefbb960 JavaThread "Attach Listener"            daemon [_thread_blocked, id=18468, stack(0x000000b45e600000,0x000000b45e700000) (1024K)]
  0x000001f8fefc10c0 JavaThread "Service Thread"             daemon [_thread_blocked, id=12616, stack(0x000000b45e700000,0x000000b45e800000) (1024K)]
  0x000001f8fefcd420 JavaThread "Monitor Deflation Thread"   daemon [_thread_blocked, id=6792, stack(0x000000b45e800000,0x000000b45e900000) (1024K)]
=>0x000001f8fefc29b0 JavaThread "C2 CompilerThread0"         daemon [_thread_in_native, id=19780, stack(0x000000b45e900000,0x000000b45ea00000) (1024K)]
  0x000001f8fefd09f0 JavaThread "C1 CompilerThread0"         daemon [_thread_in_native, id=15432, stack(0x000000b45ea00000,0x000000b45eb00000) (1024K)]
  0x000001f8fef82b10 JavaThread "Common-Cleaner"             daemon [_thread_blocked, id=20784, stack(0x000000b45eb00000,0x000000b45ec00000) (1024K)]
  0x000001f8ff3c3f80 JavaThread "Notification Thread"        daemon [_thread_blocked, id=15724, stack(0x000000b45ec00000,0x000000b45ed00000) (1024K)]
  0x000001f8c7fe64f0 JavaThread "Daemon health stats"               [_thread_blocked, id=6768, stack(0x000000b45f100000,0x000000b45f200000) (1024K)]
  0x000001f8c767a060 JavaThread "Incoming local TCP Connector on port 53269"        [_thread_in_native, id=2968, stack(0x000000b45f300000,0x000000b45f400000) (1024K)]
  0x000001f8c7c650b0 JavaThread "Daemon periodic checks"            [_thread_blocked, id=2904, stack(0x000000b45f400000,0x000000b45f500000) (1024K)]
  0x000001f8c801ef60 JavaThread "Daemon"                            [_thread_blocked, id=15736, stack(0x000000b45f500000,0x000000b45f600000) (1024K)]
  0x000001f8c800d6e0 JavaThread "Handler for socket connection from /127.0.0.1:53269 to /127.0.0.1:53273"        [_thread_in_native, id=19020, stack(0x000000b45f600000,0x000000b45f700000) (1024K)]
  0x000001f8ffb61510 JavaThread "Cancel handler"                    [_thread_blocked, id=7804, stack(0x000000b45f200000,0x000000b45f300000) (1024K)]
  0x000001f8ffb61b70 JavaThread "Daemon worker"                     [_thread_blocked, id=19688, stack(0x000000b45f700000,0x000000b45f800000) (1024K)]
  0x000001f8ffb68c00 JavaThread "Asynchronous log dispatcher for DefaultDaemonConnection: socket connection from /127.0.0.1:53269 to /127.0.0.1:53273"        [_thread_blocked, id=8648, stack(0x000000b45f800000,0x000000b45f900000) (1024K)]
  0x000001f8ff5621b0 JavaThread "Stdin handler"                     [_thread_blocked, id=6956, stack(0x000000b45f900000,0x000000b45fa00000) (1024K)]
  0x000001f8ff561490 JavaThread "Daemon client event forwarder"        [_thread_blocked, id=17932, stack(0x000000b45fa00000,0x000000b45fb00000) (1024K)]
  0x000001f8ff560e00 JavaThread "Cache worker for journal cache (C:\Users\Excel\.gradle\caches\journal-1)"        [_thread_blocked, id=15916, stack(0x000000b460000000,0x000000b460100000) (1024K)]
  0x000001f8ff560770 JavaThread "File lock request listener"        [_thread_in_native, id=7064, stack(0x000000b460100000,0x000000b460200000) (1024K)]
  0x000001f8ff562840 JavaThread "Cache worker for file hash cache (C:\Users\Excel\.gradle\caches\8.6\fileHashes)"        [_thread_blocked, id=4976, stack(0x000000b460200000,0x000000b460300000) (1024K)]
  0x000001f8ff562ed0 JavaThread "File lock release action executor"        [_thread_blocked, id=16428, stack(0x000000b460300000,0x000000b460400000) (1024K)]
  0x000001f8ff561b20 JavaThread "File watcher server"        daemon [_thread_in_native, id=18132, stack(0x000000b460700000,0x000000b460800000) (1024K)]
  0x000001f8ff563560 JavaThread "File watcher consumer"      daemon [_thread_blocked, id=17016, stack(0x000000b460800000,0x000000b460900000) (1024K)]
  0x000001f8ff5600e0 JavaThread "jar transforms"                    [_thread_blocked, id=17332, stack(0x000000b460900000,0x000000b460a00000) (1024K)]
  0x000001f8c87b7880 JavaThread "jar transforms Thread 2"           [_thread_blocked, id=3964, stack(0x000000b460a00000,0x000000b460b00000) (1024K)]
  0x000001f8c87b71f0 JavaThread "jar transforms Thread 3"           [_thread_blocked, id=22048, stack(0x000000b460b00000,0x000000b460c00000) (1024K)]
  0x000001f8c87b85a0 JavaThread "Cache worker for checksums cache (E:\Applications\Solo-System\solo-system\android\.gradle\8.6\checksums)"        [_thread_blocked, id=15128, stack(0x000000b460c00000,0x000000b460d00000) (1024K)]
  0x000001f8c87b8c30 JavaThread "Cache worker for file hash cache (E:\Applications\Solo-System\solo-system\android\.gradle\8.6\fileHashes)"        [_thread_blocked, id=15752, stack(0x000000b460d00000,0x000000b460e00000) (1024K)]
  0x000001f8c87b92c0 JavaThread "Cache worker for cache directory md-supplier (C:\Users\Excel\.gradle\caches\8.6\md-supplier)"        [_thread_blocked, id=11692, stack(0x000000b460e00000,0x000000b460f00000) (1024K)]
  0x000001f8c87b5e40 JavaThread "Cache worker for cache directory md-rule (C:\Users\Excel\.gradle\caches\8.6\md-rule)"        [_thread_blocked, id=21632, stack(0x000000b460f00000,0x000000b461000000) (1024K)]
  0x000001f8c87b9950 JavaThread "Cache worker for file content cache (C:\Users\Excel\.gradle\caches\8.6\fileContent)"        [_thread_blocked, id=16032, stack(0x000000b461000000,0x000000b461100000) (1024K)]
  0x000001f8c87b64d0 JavaThread "jar transforms Thread 4"           [_thread_blocked, id=2092, stack(0x000000b460400000,0x000000b460500000) (1024K)]
  0x000001f8c87b9fe0 JavaThread "jar transforms Thread 5"           [_thread_blocked, id=4240, stack(0x000000b461100000,0x000000b461200000) (1024K)]
  0x000001f8c87ba670 JavaThread "jar transforms Thread 6"           [_thread_blocked, id=16860, stack(0x000000b461400000,0x000000b461500000) (1024K)]
  0x000001f8c87bc0b0 JavaThread "jar transforms Thread 7"           [_thread_blocked, id=14872, stack(0x000000b461500000,0x000000b461600000) (1024K)]
  0x000001f8c87bd460 JavaThread "jar transforms Thread 8"           [_thread_blocked, id=2776, stack(0x000000b461600000,0x000000b461700000) (1024K)]
  0x000001f8c87bba20 JavaThread "jar transforms Thread 9"           [_thread_blocked, id=19436, stack(0x000000b461700000,0x000000b461800000) (1024K)]
  0x000001f8c87bcdd0 JavaThread "jar transforms Thread 10"          [_thread_blocked, id=16652, stack(0x000000b461800000,0x000000b461900000) (1024K)]
  0x000001f8c87bad00 JavaThread "jar transforms Thread 11"          [_thread_blocked, id=7768, stack(0x000000b461900000,0x000000b461a00000) (1024K)]
  0x000001f8c87bb390 JavaThread "jar transforms Thread 12"          [_thread_blocked, id=22020, stack(0x000000b461a00000,0x000000b461b00000) (1024K)]
  0x000001f8c8e6ebd0 JavaThread "Cache worker for Build Output Cleanup Cache (E:\Applications\Solo-System\solo-system\android\.gradle\buildOutputCleanup)"        [_thread_blocked, id=21308, stack(0x000000b461300000,0x000000b461400000) (1024K)]
  0x000001f8c9999c10 JavaThread "C2 CompilerThread1"         daemon [_thread_in_native, id=14608, stack(0x000000b461200000,0x000000b461300000) (1024K)]
  0x000001f8c8e6cb00 JavaThread "Unconstrained build operations"        [_thread_blocked, id=19844, stack(0x000000b461b00000,0x000000b461c00000) (1024K)]
  0x000001f8c8e6f260 JavaThread "Unconstrained build operations Thread 2"        [_thread_blocked, id=6688, stack(0x000000b461c00000,0x000000b461d00000) (1024K)]
  0x000001f8c8e6e540 JavaThread "Unconstrained build operations Thread 3"        [_thread_blocked, id=17216, stack(0x000000b461d00000,0x000000b461e00000) (1024K)]
  0x000001f8c8e6f8f0 JavaThread "Unconstrained build operations Thread 4"        [_thread_blocked, id=18708, stack(0x000000b461e00000,0x000000b461f00000) (1024K)]
  0x000001f8c8e6ff80 JavaThread "Unconstrained build operations Thread 5"        [_thread_blocked, id=18680, stack(0x000000b461f00000,0x000000b462000000) (1024K)]
  0x000001f8c8e6d190 JavaThread "Unconstrained build operations Thread 6"        [_thread_blocked, id=17012, stack(0x000000b462000000,0x000000b462100000) (1024K)]
  0x000001f8c8e6d820 JavaThread "Unconstrained build operations Thread 7"        [_thread_blocked, id=2712, stack(0x000000b462100000,0x000000b462200000) (1024K)]
  0x000001f8ca1b2760 JavaThread "Unconstrained build operations Thread 8"        [_thread_blocked, id=6424, stack(0x000000b462200000,0x000000b462300000) (1024K)]
  0x000001f8ca1b1a40 JavaThread "Unconstrained build operations Thread 9"        [_thread_blocked, id=10528, stack(0x000000b462300000,0x000000b462400000) (1024K)]
  0x000001f8ca1b2df0 JavaThread "Unconstrained build operations Thread 10"        [_thread_blocked, id=14928, stack(0x000000b462400000,0x000000b462500000) (1024K)]
  0x000001f8ca1b0d20 JavaThread "Unconstrained build operations Thread 11"        [_thread_blocked, id=15988, stack(0x000000b462500000,0x000000b462600000) (1024K)]
Total: 57

Other Threads:
  0x000001f8fef9ab70 VMThread "VM Thread"                           [id=12476, stack(0x000000b45e200000,0x000000b45e300000) (1024K)]
  0x000001f8fef81d80 WatcherThread "VM Periodic Task Thread"        [id=15680, stack(0x000000b45e100000,0x000000b45e200000) (1024K)]
  0x000001f8e4be67a0 WorkerThread "GC Thread#0"                     [id=11520, stack(0x000000b45dc00000,0x000000b45dd00000) (1024K)]
  0x000001f8ffc92f70 WorkerThread "GC Thread#1"                     [id=20568, stack(0x000000b45ed00000,0x000000b45ee00000) (1024K)]
  0x000001f8ffbdced0 WorkerThread "GC Thread#2"                     [id=17676, stack(0x000000b45ee00000,0x000000b45ef00000) (1024K)]
  0x000001f8ffbdd270 WorkerThread "GC Thread#3"                     [id=9296, stack(0x000000b45ef00000,0x000000b45f000000) (1024K)]
  0x000001f8ffbdd610 WorkerThread "GC Thread#4"                     [id=20296, stack(0x000000b45f000000,0x000000b45f100000) (1024K)]
  0x000001f8c7023df0 WorkerThread "GC Thread#5"                     [id=22360, stack(0x000000b45fb00000,0x000000b45fc00000) (1024K)]
  0x000001f8c7024190 WorkerThread "GC Thread#6"                     [id=15136, stack(0x000000b45fc00000,0x000000b45fd00000) (1024K)]
  0x000001f8c73070f0 WorkerThread "GC Thread#7"                     [id=19068, stack(0x000000b45fd00000,0x000000b45fe00000) (1024K)]
  0x000001f8c734f7b0 WorkerThread "GC Thread#8"                     [id=14748, stack(0x000000b45fe00000,0x000000b45ff00000) (1024K)]
  0x000001f8c734fb50 WorkerThread "GC Thread#9"                     [id=4228, stack(0x000000b45ff00000,0x000000b460000000) (1024K)]
  0x000001f8e4bf3590 ConcurrentGCThread "G1 Main Marker"            [id=18768, stack(0x000000b45dd00000,0x000000b45de00000) (1024K)]
  0x000001f8e4bf5d30 WorkerThread "G1 Conc#0"                       [id=3776, stack(0x000000b45de00000,0x000000b45df00000) (1024K)]
  0x000001f8c734ecd0 WorkerThread "G1 Conc#1"                       [id=22008, stack(0x000000b460500000,0x000000b460600000) (1024K)]
  0x000001f8c7350630 WorkerThread "G1 Conc#2"                       [id=14184, stack(0x000000b460600000,0x000000b460700000) (1024K)]
  0x000001f8e4c4d600 ConcurrentGCThread "G1 Refine#0"               [id=9116, stack(0x000000b45df00000,0x000000b45e000000) (1024K)]
  0x000001f8e4c4de20 ConcurrentGCThread "G1 Service"                [id=21700, stack(0x000000b45e000000,0x000000b45e100000) (1024K)]
Total: 18

Threads with active compile tasks:
C2 CompilerThread0    19391 6468       4       jdk.internal.org.objectweb.asm.ClassWriter::visitMethod (57 bytes)
Total: 1

VM state: not at safepoint (normal execution)

VM Mutex/Monitor currently owned by a thread: None

Heap address: 0x00000000a0000000, size: 1536 MB, Compressed Oops mode: 32-bit

CDS archive(s) mapped at: [0x000001f882000000-0x000001f882c90000-0x000001f882c90000), size 13172736, SharedBaseAddress: 0x000001f882000000, ArchiveRelocationMode: 1.
Compressed class space mapped at: 0x000001f883000000-0x000001f8c3000000, reserved size: 1073741824
Narrow klass base: 0x000001f882000000, Narrow klass shift: 0, Narrow klass range: 0x100000000

GC Precious Log:
 CardTable entry size: 512
 Card Set container configuration: InlinePtr #cards 5 size 8 Array Of Cards #cards 12 size 40 Howl #buckets 4 coarsen threshold 1843 Howl Bitmap #cards 512 size 80 coarsen threshold 460 Card regions per heap region 1 cards per card region 2048
 CPUs: 12 total, 12 available
 Memory: 6005M
 Large Page Support: Disabled
 NUMA Support: Disabled
 Compressed Oops: Enabled (32-bit)
 Heap Region Size: 1M
 Heap Min Capacity: 8M
 Heap Initial Capacity: 94M
 Heap Max Capacity: 1536M
 Pre-touch: Disabled
 Parallel Workers: 10
 Concurrent Workers: 3
 Concurrent Refinement Workers: 10
 Periodic GC: Disabled

Heap:
 garbage-first heap   total 89088K, used 77303K [0x00000000a0000000, 0x0000000100000000)
  region size 1024K, 39 young (39936K), 3 survivors (3072K)
 Metaspace       used 49830K, committed 51456K, reserved 1114112K
  class space    used 6997K, committed 7808K, reserved 1048576K

Heap Regions: E=young(eden), S=young(survivor), O=old, HS=humongous(starts), HC=humongous(continues), CS=collection set, F=free, TAMS=top-at-mark-start, PB=parsable bottom
|   0|0x00000000a0000000, 0x00000000a0100000, 0x00000000a0100000|100%|HS|  |TAMS 0x00000000a0000000| PB 0x00000000a0000000| Complete 
|   1|0x00000000a0100000, 0x00000000a0200000, 0x00000000a0200000|100%|HC|  |TAMS 0x00000000a0100000| PB 0x00000000a0100000| Complete 
|   2|0x00000000a0200000, 0x00000000a0300000, 0x00000000a0300000|100%|HC|  |TAMS 0x00000000a0200000| PB 0x00000000a0200000| Complete 
|   3|0x00000000a0300000, 0x00000000a0400000, 0x00000000a0400000|100%|HC|  |TAMS 0x00000000a0300000| PB 0x00000000a0300000| Complete 
|   4|0x00000000a0400000, 0x00000000a0500000, 0x00000000a0500000|100%| O|  |TAMS 0x00000000a0400000| PB 0x00000000a0400000| Untracked 
|   5|0x00000000a0500000, 0x00000000a0600000, 0x00000000a0600000|100%| O|  |TAMS 0x00000000a0500000| PB 0x00000000a0500000| Untracked 
|   6|0x00000000a0600000, 0x00000000a0700000, 0x00000000a0700000|100%| O|  |TAMS 0x00000000a0600000| PB 0x00000000a0600000| Untracked 
|   7|0x00000000a0700000, 0x00000000a0800000, 0x00000000a0800000|100%| O|  |TAMS 0x00000000a0700000| PB 0x00000000a0700000| Untracked 
|   8|0x00000000a0800000, 0x00000000a0900000, 0x00000000a0900000|100%| O|  |TAMS 0x00000000a0800000| PB 0x00000000a0800000| Untracked 
|   9|0x00000000a0900000, 0x00000000a0a00000, 0x00000000a0a00000|100%| O|  |TAMS 0x00000000a0900000| PB 0x00000000a0900000| Untracked 
|  10|0x00000000a0a00000, 0x00000000a0b00000, 0x00000000a0b00000|100%| O|  |TAMS 0x00000000a0a00000| PB 0x00000000a0a00000| Untracked 
|  11|0x00000000a0b00000, 0x00000000a0c00000, 0x00000000a0c00000|100%| O|  |TAMS 0x00000000a0b00000| PB 0x00000000a0b00000| Untracked 
|  12|0x00000000a0c00000, 0x00000000a0d00000, 0x00000000a0d00000|100%| O|  |TAMS 0x00000000a0c00000| PB 0x00000000a0c00000| Untracked 
|  13|0x00000000a0d00000, 0x00000000a0e00000, 0x00000000a0e00000|100%| O|  |TAMS 0x00000000a0d00000| PB 0x00000000a0d00000| Untracked 
|  14|0x00000000a0e00000, 0x00000000a0e00000, 0x00000000a0f00000|  0%| F|  |TAMS 0x00000000a0e00000| PB 0x00000000a0e00000| Untracked 
|  15|0x00000000a0f00000, 0x00000000a1000000, 0x00000000a1000000|100%| O|  |TAMS 0x00000000a0f00000| PB 0x00000000a0f00000| Untracked 
|  16|0x00000000a1000000, 0x00000000a1100000, 0x00000000a1100000|100%| O|  |TAMS 0x00000000a1000000| PB 0x00000000a1000000| Untracked 
|  17|0x00000000a1100000, 0x00000000a1200000, 0x00000000a1200000|100%| O|  |TAMS 0x00000000a1100000| PB 0x00000000a1100000| Untracked 
|  18|0x00000000a1200000, 0x00000000a1300000, 0x00000000a1300000|100%| O|  |TAMS 0x00000000a1200000| PB 0x00000000a1200000| Untracked 
|  19|0x00000000a1300000, 0x00000000a1400000, 0x00000000a1400000|100%| O|  |TAMS 0x00000000a1300000| PB 0x00000000a1300000| Untracked 
|  20|0x00000000a1400000, 0x00000000a1500000, 0x00000000a1500000|100%| O|  |TAMS 0x00000000a1400000| PB 0x00000000a1400000| Untracked 
|  21|0x00000000a1500000, 0x00000000a1600000, 0x00000000a1600000|100%| O|  |TAMS 0x00000000a1500000| PB 0x00000000a1500000| Untracked 
|  22|0x00000000a1600000, 0x00000000a1700000, 0x00000000a1700000|100%| O|  |TAMS 0x00000000a1600000| PB 0x00000000a1600000| Untracked 
|  23|0x00000000a1700000, 0x00000000a1800000, 0x00000000a1800000|100%| O|  |TAMS 0x00000000a1700000| PB 0x00000000a1700000| Untracked 
|  24|0x00000000a1800000, 0x00000000a1900000, 0x00000000a1900000|100%| O|  |TAMS 0x00000000a1800000| PB 0x00000000a1800000| Untracked 
|  25|0x00000000a1900000, 0x00000000a1a00000, 0x00000000a1a00000|100%| O|  |TAMS 0x00000000a1900000| PB 0x00000000a1900000| Untracked 
|  26|0x00000000a1a00000, 0x00000000a1b00000, 0x00000000a1b00000|100%| O|  |TAMS 0x00000000a1a00000| PB 0x00000000a1a00000| Untracked 
|  27|0x00000000a1b00000, 0x00000000a1c00000, 0x00000000a1c00000|100%| O|  |TAMS 0x00000000a1b00000| PB 0x00000000a1b00000| Untracked 
|  28|0x00000000a1c00000, 0x00000000a1d00000, 0x00000000a1d00000|100%| O|  |TAMS 0x00000000a1c00000| PB 0x00000000a1c00000| Untracked 
|  29|0x00000000a1d00000, 0x00000000a1e00000, 0x00000000a1e00000|100%| O|  |TAMS 0x00000000a1d00000| PB 0x00000000a1d00000| Untracked 
|  30|0x00000000a1e00000, 0x00000000a1f00000, 0x00000000a1f00000|100%| O|  |TAMS 0x00000000a1e00000| PB 0x00000000a1e00000| Untracked 
|  31|0x00000000a1f00000, 0x00000000a2000000, 0x00000000a2000000|100%| O|  |TAMS 0x00000000a1f00000| PB 0x00000000a1f00000| Untracked 
|  32|0x00000000a2000000, 0x00000000a2100000, 0x00000000a2100000|100%| O|  |TAMS 0x00000000a2000000| PB 0x00000000a2000000| Untracked 
|  33|0x00000000a2100000, 0x00000000a2200000, 0x00000000a2200000|100%| O|  |TAMS 0x00000000a2100000| PB 0x00000000a2100000| Untracked 
|  34|0x00000000a2200000, 0x00000000a2300000, 0x00000000a2300000|100%| O|  |TAMS 0x00000000a2200000| PB 0x00000000a2200000| Untracked 
|  35|0x00000000a2300000, 0x00000000a2400000, 0x00000000a2400000|100%| O|  |TAMS 0x00000000a2300000| PB 0x00000000a2300000| Untracked 
|  36|0x00000000a2400000, 0x00000000a2400000, 0x00000000a2500000|  0%| F|  |TAMS 0x00000000a2400000| PB 0x00000000a2400000| Untracked 
|  37|0x00000000a2500000, 0x00000000a2600000, 0x00000000a2600000|100%| O|  |TAMS 0x00000000a2500000| PB 0x00000000a2500000| Untracked 
|  38|0x00000000a2600000, 0x00000000a2700000, 0x00000000a2700000|100%| O|  |TAMS 0x00000000a2600000| PB 0x00000000a2600000| Untracked 
|  39|0x00000000a2700000, 0x00000000a27d90e0, 0x00000000a2800000| 84%| O|  |TAMS 0x00000000a2700000| PB 0x00000000a2700000| Untracked 
|  40|0x00000000a2800000, 0x00000000a2800000, 0x00000000a2900000|  0%| F|  |TAMS 0x00000000a2800000| PB 0x00000000a2800000| Untracked 
|  41|0x00000000a2900000, 0x00000000a2900000, 0x00000000a2a00000|  0%| F|  |TAMS 0x00000000a2900000| PB 0x00000000a2900000| Untracked 
|  42|0x00000000a2a00000, 0x00000000a2a00000, 0x00000000a2b00000|  0%| F|  |TAMS 0x00000000a2a00000| PB 0x00000000a2a00000| Untracked 
|  43|0x00000000a2b00000, 0x00000000a2ba4e70, 0x00000000a2c00000| 64%| S|CS|TAMS 0x00000000a2b00000| PB 0x00000000a2b00000| Complete 
|  44|0x00000000a2c00000, 0x00000000a2c00000, 0x00000000a2d00000|  0%| F|  |TAMS 0x00000000a2c00000| PB 0x00000000a2c00000| Untracked 
|  45|0x00000000a2d00000, 0x00000000a2d00000, 0x00000000a2e00000|  0%| F|  |TAMS 0x00000000a2d00000| PB 0x00000000a2d00000| Untracked 
|  46|0x00000000a2e00000, 0x00000000a2e00000, 0x00000000a2f00000|  0%| F|  |TAMS 0x00000000a2e00000| PB 0x00000000a2e00000| Untracked 
|  47|0x00000000a2f00000, 0x00000000a2f00000, 0x00000000a3000000|  0%| F|  |TAMS 0x00000000a2f00000| PB 0x00000000a2f00000| Untracked 
|  48|0x00000000a3000000, 0x00000000a3100000, 0x00000000a3100000|100%| S|CS|TAMS 0x00000000a3000000| PB 0x00000000a3000000| Complete 
|  49|0x00000000a3100000, 0x00000000a3200000, 0x00000000a3200000|100%| S|CS|TAMS 0x00000000a3100000| PB 0x00000000a3100000| Complete 
|  50|0x00000000a3200000, 0x00000000a3200000, 0x00000000a3300000|  0%| F|  |TAMS 0x00000000a3200000| PB 0x00000000a3200000| Untracked 
|  51|0x00000000a3300000, 0x00000000a333c4a8, 0x00000000a3400000| 23%| E|  |TAMS 0x00000000a3300000| PB 0x00000000a3300000| Complete 
|  52|0x00000000a3400000, 0x00000000a3500000, 0x00000000a3500000|100%| E|CS|TAMS 0x00000000a3400000| PB 0x00000000a3400000| Complete 
|  53|0x00000000a3500000, 0x00000000a3600000, 0x00000000a3600000|100%| E|CS|TAMS 0x00000000a3500000| PB 0x00000000a3500000| Complete 
|  54|0x00000000a3600000, 0x00000000a3700000, 0x00000000a3700000|100%| E|CS|TAMS 0x00000000a3600000| PB 0x00000000a3600000| Complete 
|  55|0x00000000a3700000, 0x00000000a3800000, 0x00000000a3800000|100%| E|CS|TAMS 0x00000000a3700000| PB 0x00000000a3700000| Complete 
|  56|0x00000000a3800000, 0x00000000a3900000, 0x00000000a3900000|100%| E|CS|TAMS 0x00000000a3800000| PB 0x00000000a3800000| Complete 
|  57|0x00000000a3900000, 0x00000000a3a00000, 0x00000000a3a00000|100%| E|CS|TAMS 0x00000000a3900000| PB 0x00000000a3900000| Complete 
|  58|0x00000000a3a00000, 0x00000000a3b00000, 0x00000000a3b00000|100%| E|CS|TAMS 0x00000000a3a00000| PB 0x00000000a3a00000| Complete 
|  59|0x00000000a3b00000, 0x00000000a3c00000, 0x00000000a3c00000|100%| E|CS|TAMS 0x00000000a3b00000| PB 0x00000000a3b00000| Complete 
|  60|0x00000000a3c00000, 0x00000000a3d00000, 0x00000000a3d00000|100%| E|CS|TAMS 0x00000000a3c00000| PB 0x00000000a3c00000| Complete 
|  61|0x00000000a3d00000, 0x00000000a3e00000, 0x00000000a3e00000|100%| E|CS|TAMS 0x00000000a3d00000| PB 0x00000000a3d00000| Complete 
|  62|0x00000000a3e00000, 0x00000000a3f00000, 0x00000000a3f00000|100%| E|CS|TAMS 0x00000000a3e00000| PB 0x00000000a3e00000| Complete 
|  63|0x00000000a3f00000, 0x00000000a4000000, 0x00000000a4000000|100%| E|CS|TAMS 0x00000000a3f00000| PB 0x00000000a3f00000| Complete 
|  64|0x00000000a4000000, 0x00000000a4100000, 0x00000000a4100000|100%| E|CS|TAMS 0x00000000a4000000| PB 0x00000000a4000000| Complete 
|  65|0x00000000a4100000, 0x00000000a4200000, 0x00000000a4200000|100%| E|CS|TAMS 0x00000000a4100000| PB 0x00000000a4100000| Complete 
|  66|0x00000000a4200000, 0x00000000a4300000, 0x00000000a4300000|100%| E|CS|TAMS 0x00000000a4200000| PB 0x00000000a4200000| Complete 
|  67|0x00000000a4300000, 0x00000000a4400000, 0x00000000a4400000|100%| E|CS|TAMS 0x00000000a4300000| PB 0x00000000a4300000| Complete 
|  68|0x00000000a4400000, 0x00000000a4500000, 0x00000000a4500000|100%| E|CS|TAMS 0x00000000a4400000| PB 0x00000000a4400000| Complete 
|  69|0x00000000a4500000, 0x00000000a4600000, 0x00000000a4600000|100%| E|CS|TAMS 0x00000000a4500000| PB 0x00000000a4500000| Complete 
|  70|0x00000000a4600000, 0x00000000a4700000, 0x00000000a4700000|100%| E|CS|TAMS 0x00000000a4600000| PB 0x00000000a4600000| Complete 
|  71|0x00000000a4700000, 0x00000000a4800000, 0x00000000a4800000|100%| E|CS|TAMS 0x00000000a4700000| PB 0x00000000a4700000| Complete 
|  72|0x00000000a4800000, 0x00000000a4900000, 0x00000000a4900000|100%| E|CS|TAMS 0x00000000a4800000| PB 0x00000000a4800000| Complete 
|  73|0x00000000a4900000, 0x00000000a4a00000, 0x00000000a4a00000|100%| E|CS|TAMS 0x00000000a4900000| PB 0x00000000a4900000| Complete 
|  74|0x00000000a4a00000, 0x00000000a4b00000, 0x00000000a4b00000|100%| E|CS|TAMS 0x00000000a4a00000| PB 0x00000000a4a00000| Complete 
|  75|0x00000000a4b00000, 0x00000000a4c00000, 0x00000000a4c00000|100%| E|CS|TAMS 0x00000000a4b00000| PB 0x00000000a4b00000| Complete 
|  76|0x00000000a4c00000, 0x00000000a4d00000, 0x00000000a4d00000|100%| E|CS|TAMS 0x00000000a4c00000| PB 0x00000000a4c00000| Complete 
|  77|0x00000000a4d00000, 0x00000000a4e00000, 0x00000000a4e00000|100%| E|CS|TAMS 0x00000000a4d00000| PB 0x00000000a4d00000| Complete 
|  78|0x00000000a4e00000, 0x00000000a4f00000, 0x00000000a4f00000|100%| E|CS|TAMS 0x00000000a4e00000| PB 0x00000000a4e00000| Complete 
|  79|0x00000000a4f00000, 0x00000000a5000000, 0x00000000a5000000|100%| E|CS|TAMS 0x00000000a4f00000| PB 0x00000000a4f00000| Complete 
|  80|0x00000000a5000000, 0x00000000a5100000, 0x00000000a5100000|100%| E|CS|TAMS 0x00000000a5000000| PB 0x00000000a5000000| Complete 
|  81|0x00000000a5100000, 0x00000000a5200000, 0x00000000a5200000|100%| E|CS|TAMS 0x00000000a5100000| PB 0x00000000a5100000| Complete 
|  88|0x00000000a5800000, 0x00000000a5900000, 0x00000000a5900000|100%| E|CS|TAMS 0x00000000a5800000| PB 0x00000000a5800000| Complete 
|  89|0x00000000a5900000, 0x00000000a5a00000, 0x00000000a5a00000|100%| E|CS|TAMS 0x00000000a5900000| PB 0x00000000a5900000| Complete 
|  90|0x00000000a5a00000, 0x00000000a5b00000, 0x00000000a5b00000|100%| E|CS|TAMS 0x00000000a5a00000| PB 0x00000000a5a00000| Complete 
|  91|0x00000000a5b00000, 0x00000000a5c00000, 0x00000000a5c00000|100%| E|CS|TAMS 0x00000000a5b00000| PB 0x00000000a5b00000| Complete 
|  93|0x00000000a5d00000, 0x00000000a5e00000, 0x00000000a5e00000|100%| E|CS|TAMS 0x00000000a5d00000| PB 0x00000000a5d00000| Complete 

Card table byte_map: [0x000001f8fc870000,0x000001f8fcb70000] _byte_map_base: 0x000001f8fc370000

Marking Bits: (CMBitMap*) 0x000001f8e4be6cb0
 Bits: [0x000001f8fcb70000, 0x000001f8fe370000)

Polling page: 0x000001f8e2b30000

Metaspace:

Usage:
  Non-class:     41.83 MB used.
      Class:      6.83 MB used.
       Both:     48.66 MB used.

Virtual space:
  Non-class space:       64.00 MB reserved,      42.62 MB ( 67%) committed,  1 nodes.
      Class space:        1.00 GB reserved,       7.62 MB ( <1%) committed,  1 nodes.
             Both:        1.06 GB reserved,      50.25 MB (  5%) committed. 

Chunk freelists:
   Non-Class:  5.38 MB
       Class:  8.22 MB
        Both:  13.59 MB

MaxMetaspaceSize: unlimited
CompressedClassSpaceSize: 1.00 GB
Initial GC threshold: 21.00 MB
Current GC threshold: 58.88 MB
CDS: on
 - commit_granule_bytes: 65536.
 - commit_granule_words: 8192.
 - virtual_space_node_default_size: 8388608.
 - enlarge_chunks_in_place: 1.
 - use_allocation_guard: 0.


Internal statistics:

num_allocs_failed_limit: 6.
num_arena_births: 2872.
num_arena_deaths: 0.
num_vsnodes_births: 2.
num_vsnodes_deaths: 0.
num_space_committed: 804.
num_space_uncommitted: 0.
num_chunks_returned_to_freelist: 6.
num_chunks_taken_from_freelist: 5197.
num_chunk_merges: 3.
num_chunk_splits: 3330.
num_chunks_enlarged: 1967.
num_inconsistent_stats: 0.

CodeHeap 'non-profiled nmethods': size=120000Kb used=3336Kb max_used=3336Kb free=116663Kb
 bounds [0x000001f8f4af0000, 0x000001f8f4e40000, 0x000001f8fc020000]
CodeHeap 'profiled nmethods': size=120000Kb used=11360Kb max_used=11360Kb free=108639Kb
 bounds [0x000001f8ed020000, 0x000001f8edb40000, 0x000001f8f4550000]
CodeHeap 'non-nmethods': size=5760Kb used=2736Kb max_used=2790Kb free=3023Kb
 bounds [0x000001f8f4550000, 0x000001f8f4810000, 0x000001f8f4af0000]
 total_blobs=6866 nmethods=6001 adapters=768
 compilation: enabled
              stopped_count=0, restarted_count=0
 full_count=0

Compilation events (20 events):
Event: 15.313 Thread 0x000001f8fefd09f0 nmethod 6461 0x000001f8f4e2e210 code [0x000001f8f4e2e3a0, 0x000001f8f4e2e468]
Event: 15.313 Thread 0x000001f8fefd09f0 6459   !   3       org.gradle.cache.internal.DefaultMultiProcessSafeIndexedCache::getIfPresent (25 bytes)
Event: 15.314 Thread 0x000001f8fefd09f0 nmethod 6459 0x000001f8edb2e810 code [0x000001f8edb2eaa0, 0x000001f8edb2f880]
Event: 15.315 Thread 0x000001f8fefd09f0 6462       3       org.gradle.internal.snapshot.PathUtil::compareCharsIgnoringCase (46 bytes)
Event: 15.315 Thread 0x000001f8fefd09f0 nmethod 6462 0x000001f8edb2fd90 code [0x000001f8edb2ff80, 0x000001f8edb304a0]
Event: 15.315 Thread 0x000001f8fefd09f0 6467       3       org.gradle.internal.snapshot.VfsRelativePath::computeCombinedCompare (20 bytes)
Event: 15.315 Thread 0x000001f8fefd09f0 nmethod 6467 0x000001f8edb30590 code [0x000001f8edb30740, 0x000001f8edb30930]
Event: 15.316 Thread 0x000001f8fefd09f0 6463       3       com.google.common.cache.LocalCache$LoadingValueReference::set (9 bytes)
Event: 15.316 Thread 0x000001f8fefd09f0 nmethod 6463 0x000001f8edb30a10 code [0x000001f8edb30bc0, 0x000001f8edb30d78]
Event: 15.316 Thread 0x000001f8fefd09f0 6464       3       com.google.common.util.concurrent.SettableFuture::set (6 bytes)
Event: 15.316 Thread 0x000001f8fefd09f0 nmethod 6464 0x000001f8edb30e90 code [0x000001f8edb31040, 0x000001f8edb31180]
Event: 15.316 Thread 0x000001f8fefd09f0 6465       3       com.google.common.util.concurrent.AbstractFuture::set (33 bytes)
Event: 15.316 Thread 0x000001f8fefd09f0 nmethod 6465 0x000001f8edb31210 code [0x000001f8edb313e0, 0x000001f8edb31638]
Event: 15.316 Thread 0x000001f8fefd09f0 6460       3       org.gradle.cache.internal.btree.BTreePersistentIndexedCache$DataBlock::getValue (47 bytes)
Event: 15.316 Thread 0x000001f8fefc29b0 nmethod 6457 0x000001f8f4e2e510 code [0x000001f8f4e2e6e0, 0x000001f8f4e2ea28]
Event: 15.316 Thread 0x000001f8fefd09f0 nmethod 6460 0x000001f8edb31710 code [0x000001f8edb318e0, 0x000001f8edb31cf8]
Event: 15.317 Thread 0x000001f8fefc29b0 6468       4       jdk.internal.org.objectweb.asm.ClassWriter::visitMethod (57 bytes)
Event: 15.318 Thread 0x000001f8fefd09f0 6466       1       org.gradle.internal.hash.HashCode$HashCode128::length (3 bytes)
Event: 15.318 Thread 0x000001f8fefd09f0 nmethod 6466 0x000001f8f4e2ed10 code [0x000001f8f4e2eea0, 0x000001f8f4e2ef68]
Event: 15.954 Thread 0x000001f8fefd09f0 6470       3       javax.management.ObjectName::construct (1135 bytes)

GC Heap History (20 events):
Event: 2.666 GC heap before
{Heap before GC invocations=1 (full 0):
 garbage-first heap   total 96256K, used 38208K [0x00000000a0000000, 0x0000000100000000)
  region size 1024K, 31 young (31744K), 3 survivors (3072K)
 Metaspace       used 4128K, committed 4288K, reserved 1114112K
  class space    used 495K, committed 576K, reserved 1048576K
}
Event: 2.673 GC heap after
{Heap after GC invocations=2 (full 0):
 garbage-first heap   total 96256K, used 11451K [0x00000000a0000000, 0x0000000100000000)
  region size 1024K, 1 young (1024K), 1 survivors (1024K)
 Metaspace       used 4128K, committed 4288K, reserved 1114112K
  class space    used 495K, committed 576K, reserved 1048576K
}
Event: 6.224 GC heap before
{Heap before GC invocations=2 (full 0):
 garbage-first heap   total 96256K, used 67771K [0x00000000a0000000, 0x0000000100000000)
  region size 1024K, 56 young (57344K), 1 survivors (1024K)
 Metaspace       used 13942K, committed 14336K, reserved 1114112K
  class space    used 1871K, committed 2048K, reserved 1048576K
}
Event: 6.233 GC heap after
{Heap after GC invocations=3 (full 0):
 garbage-first heap   total 96256K, used 20417K [0x00000000a0000000, 0x0000000100000000)
  region size 1024K, 7 young (7168K), 7 survivors (7168K)
 Metaspace       used 13942K, committed 14336K, reserved 1114112K
  class space    used 1871K, committed 2048K, reserved 1048576K
}
Event: 8.223 GC heap before
{Heap before GC invocations=3 (full 0):
 garbage-first heap   total 96256K, used 68545K [0x00000000a0000000, 0x0000000100000000)
  region size 1024K, 54 young (55296K), 7 survivors (7168K)
 Metaspace       used 20750K, committed 21440K, reserved 1114112K
  class space    used 2979K, committed 3328K, reserved 1048576K
}
Event: 8.231 GC heap after
{Heap after GC invocations=4 (full 0):
 garbage-first heap   total 96256K, used 23719K [0x00000000a0000000, 0x0000000100000000)
  region size 1024K, 4 young (4096K), 4 survivors (4096K)
 Metaspace       used 20750K, committed 21440K, reserved 1114112K
  class space    used 2979K, committed 3328K, reserved 1048576K
}
Event: 8.266 GC heap before
{Heap before GC invocations=4 (full 0):
 garbage-first heap   total 96256K, used 24743K [0x00000000a0000000, 0x0000000100000000)
  region size 1024K, 6 young (6144K), 4 survivors (4096K)
 Metaspace       used 20851K, committed 21504K, reserved 1114112K
  class space    used 2991K, committed 3328K, reserved 1048576K
}
Event: 8.269 GC heap after
{Heap after GC invocations=5 (full 0):
 garbage-first heap   total 96256K, used 23959K [0x00000000a0000000, 0x0000000100000000)
  region size 1024K, 4 young (4096K), 4 survivors (4096K)
 Metaspace       used 20851K, committed 21504K, reserved 1114112K
  class space    used 2991K, committed 3328K, reserved 1048576K
}
Event: 9.993 GC heap before
{Heap before GC invocations=6 (full 0):
 garbage-first heap   total 89088K, used 72087K [0x00000000a0000000, 0x0000000100000000)
  region size 1024K, 52 young (53248K), 4 survivors (4096K)
 Metaspace       used 27301K, committed 28352K, reserved 1114112K
  class space    used 3973K, committed 4480K, reserved 1048576K
}
Event: 9.999 GC heap after
{Heap after GC invocations=7 (full 0):
 garbage-first heap   total 89088K, used 27892K [0x00000000a0000000, 0x0000000100000000)
  region size 1024K, 7 young (7168K), 7 survivors (7168K)
 Metaspace       used 27301K, committed 28352K, reserved 1114112K
  class space    used 3973K, committed 4480K, reserved 1048576K
}
Event: 11.146 GC heap before
{Heap before GC invocations=7 (full 0):
 garbage-first heap   total 89088K, used 69876K [0x00000000a0000000, 0x0000000100000000)
  region size 1024K, 49 young (50176K), 7 survivors (7168K)
 Metaspace       used 34583K, committed 35840K, reserved 1114112K
  class space    used 4951K, committed 5568K, reserved 1048576K
}
Event: 11.153 GC heap after
{Heap after GC invocations=8 (full 0):
 garbage-first heap   total 89088K, used 31535K [0x00000000a0000000, 0x0000000100000000)
  region size 1024K, 4 young (4096K), 4 survivors (4096K)
 Metaspace       used 34583K, committed 35840K, reserved 1114112K
  class space    used 4951K, committed 5568K, reserved 1048576K
}
Event: 11.168 GC heap before
{Heap before GC invocations=8 (full 0):
 garbage-first heap   total 89088K, used 31535K [0x00000000a0000000, 0x0000000100000000)
  region size 1024K, 5 young (5120K), 4 survivors (4096K)
 Metaspace       used 34789K, committed 35968K, reserved 1114112K
  class space    used 4974K, committed 5568K, reserved 1048576K
}
Event: 11.172 GC heap after
{Heap after GC invocations=9 (full 0):
 garbage-first heap   total 89088K, used 31692K [0x00000000a0000000, 0x0000000100000000)
  region size 1024K, 1 young (1024K), 1 survivors (1024K)
 Metaspace       used 34789K, committed 35968K, reserved 1114112K
  class space    used 4974K, committed 5568K, reserved 1048576K
}
Event: 12.106 GC heap before
{Heap before GC invocations=10 (full 0):
 garbage-first heap   total 89088K, used 80844K [0x00000000a0000000, 0x0000000100000000)
  region size 1024K, 44 young (45056K), 1 survivors (1024K)
 Metaspace       used 38728K, committed 40064K, reserved 1114112K
  class space    used 5354K, committed 6016K, reserved 1048576K
}
Event: 12.111 GC heap after
{Heap after GC invocations=11 (full 0):
 garbage-first heap   total 89088K, used 36111K [0x00000000a0000000, 0x0000000100000000)
  region size 1024K, 5 young (5120K), 5 survivors (5120K)
 Metaspace       used 38728K, committed 40064K, reserved 1114112K
  class space    used 5354K, committed 6016K, reserved 1048576K
}
Event: 13.145 GC heap before
{Heap before GC invocations=11 (full 0):
 garbage-first heap   total 89088K, used 76047K [0x00000000a0000000, 0x0000000100000000)
  region size 1024K, 44 young (45056K), 5 survivors (5120K)
 Metaspace       used 42506K, committed 43968K, reserved 1114112K
  class space    used 5947K, committed 6656K, reserved 1048576K
}
Event: 13.150 GC heap after
{Heap after GC invocations=12 (full 0):
 garbage-first heap   total 89088K, used 39141K [0x00000000a0000000, 0x0000000100000000)
  region size 1024K, 4 young (4096K), 4 survivors (4096K)
 Metaspace       used 42506K, committed 43968K, reserved 1114112K
  class space    used 5947K, committed 6656K, reserved 1048576K
}
Event: 14.014 GC heap before
{Heap before GC invocations=12 (full 0):
 garbage-first heap   total 89088K, used 78053K [0x00000000a0000000, 0x0000000100000000)
  region size 1024K, 41 young (41984K), 4 survivors (4096K)
 Metaspace       used 46220K, committed 47872K, reserved 1114112K
  class space    used 6457K, committed 7232K, reserved 1048576K
}
Event: 14.018 GC heap after
{Heap after GC invocations=13 (full 0):
 garbage-first heap   total 89088K, used 41463K [0x00000000a0000000, 0x0000000100000000)
  region size 1024K, 3 young (3072K), 3 survivors (3072K)
 Metaspace       used 46220K, committed 47872K, reserved 1114112K
  class space    used 6457K, committed 7232K, reserved 1048576K
}

Dll operation events (15 events):
Event: 0.026 Loaded shared library C:\Program Files\Java\jdk-21\bin\java.dll
Event: 0.084 Loaded shared library C:\Program Files\Java\jdk-21\bin\jsvml.dll
Event: 0.175 Loaded shared library C:\Program Files\Java\jdk-21\bin\zip.dll
Event: 0.183 Loaded shared library C:\Program Files\Java\jdk-21\bin\instrument.dll
Event: 0.195 Loaded shared library C:\Program Files\Java\jdk-21\bin\net.dll
Event: 0.202 Loaded shared library C:\Program Files\Java\jdk-21\bin\nio.dll
Event: 0.210 Loaded shared library C:\Program Files\Java\jdk-21\bin\zip.dll
Event: 0.657 Loaded shared library C:\Program Files\Java\jdk-21\bin\jimage.dll
Event: 0.782 Loaded shared library C:\Program Files\Java\jdk-21\bin\verify.dll
Event: 1.210 Loaded shared library C:\Users\Excel\.gradle\native\c067742578af261105cb4f569cf0c3c89f3d7b1fecec35dd04571415982c5e48\windows-amd64\native-platform.dll
Event: 1.238 Loaded shared library C:\Users\Excel\.gradle\native\38dada09dfb8b06ba9b0570ebf7e218e3eb74d4ef43ca46872605cf95ebc2f47\windows-amd64\native-platform-file-events.dll
Event: 3.630 Loaded shared library C:\Program Files\Java\jdk-21\bin\management.dll
Event: 3.641 Loaded shared library C:\Program Files\Java\jdk-21\bin\management_ext.dll
Event: 4.604 Loaded shared library C:\Program Files\Java\jdk-21\bin\extnet.dll
Event: 5.012 Loaded shared library C:\Program Files\Java\jdk-21\bin\sunmscapi.dll

Deoptimization events (20 events):
Event: 15.184 Thread 0x000001f8ffb61b70 Uncommon trap: trap_request=0xffffffc6 fr.pc=0x000001f8f4e1d394 relative=0x00000000000001b4
Event: 15.184 Thread 0x000001f8ffb61b70 Uncommon trap: reason=bimorphic_or_optimized_type_check action=maybe_recompile pc=0x000001f8f4e1d394 method=com.google.common.collect.ImmutableList.copyOf(Ljava/util/Collection;)Lcom/google/common/collect/ImmutableList; @ 11 c2
Event: 15.184 Thread 0x000001f8ffb61b70 DEOPT PACKING pc=0x000001f8f4e1d394 sp=0x000000b45f7f8a40
Event: 15.184 Thread 0x000001f8ffb61b70 DEOPT UNPACKING pc=0x000001f8f45a46a2 sp=0x000000b45f7f89e8 mode 2
Event: 15.205 Thread 0x000001f8ffb61b70 Uncommon trap: trap_request=0xffffffc6 fr.pc=0x000001f8f4e1d394 relative=0x00000000000001b4
Event: 15.205 Thread 0x000001f8ffb61b70 Uncommon trap: reason=bimorphic_or_optimized_type_check action=maybe_recompile pc=0x000001f8f4e1d394 method=com.google.common.collect.ImmutableList.copyOf(Ljava/util/Collection;)Lcom/google/common/collect/ImmutableList; @ 11 c2
Event: 15.205 Thread 0x000001f8ffb61b70 DEOPT PACKING pc=0x000001f8f4e1d394 sp=0x000000b45f7f8a40
Event: 15.205 Thread 0x000001f8ffb61b70 DEOPT UNPACKING pc=0x000001f8f45a46a2 sp=0x000000b45f7f89e8 mode 2
Event: 15.232 Thread 0x000001f8ffb61b70 Uncommon trap: trap_request=0xffffff45 fr.pc=0x000001f8f4dab204 relative=0x0000000000000a44
Event: 15.232 Thread 0x000001f8ffb61b70 Uncommon trap: reason=unstable_if action=reinterpret pc=0x000001f8f4dab204 method=org.objectweb.asm.Frame.execute(IILorg/objectweb/asm/Symbol;Lorg/objectweb/asm/SymbolTable;)V @ 1 c2
Event: 15.232 Thread 0x000001f8ffb61b70 DEOPT PACKING pc=0x000001f8f4dab204 sp=0x000000b45f7f6dd0
Event: 15.232 Thread 0x000001f8ffb61b70 DEOPT UNPACKING pc=0x000001f8f45a46a2 sp=0x000000b45f7f6d58 mode 2
Event: 15.271 Thread 0x000001f8ca1b1a40 Uncommon trap: trap_request=0xffffff45 fr.pc=0x000001f8f4cf2c34 relative=0x0000000000000c34
Event: 15.271 Thread 0x000001f8ca1b1a40 Uncommon trap: reason=unstable_if action=reinterpret pc=0x000001f8f4cf2c34 method=java.util.concurrent.ConcurrentHashMap.addCount(JI)V @ 34 c2
Event: 15.271 Thread 0x000001f8ca1b1a40 DEOPT PACKING pc=0x000001f8f4cf2c34 sp=0x000000b4623fe9e0
Event: 15.271 Thread 0x000001f8ca1b1a40 DEOPT UNPACKING pc=0x000001f8f45a46a2 sp=0x000000b4623fe8b0 mode 2
Event: 15.271 Thread 0x000001f8ca1b0d20 Uncommon trap: trap_request=0xffffff45 fr.pc=0x000001f8f4be2008 relative=0x0000000000000148
Event: 15.271 Thread 0x000001f8ca1b0d20 Uncommon trap: reason=unstable_if action=reinterpret pc=0x000001f8f4be2008 method=java.util.concurrent.ConcurrentHashMap.addCount(JI)V @ 7 c2
Event: 15.271 Thread 0x000001f8ca1b0d20 DEOPT PACKING pc=0x000001f8f4be2008 sp=0x000000b4625fe690
Event: 15.271 Thread 0x000001f8ca1b0d20 DEOPT UNPACKING pc=0x000001f8f45a46a2 sp=0x000000b4625fe5f0 mode 2

Classes loaded (20 events):
Event: 13.881 Loading class java/lang/invoke/BoundMethodHandle$Species_LLLLLLLLLLLLLLLLLLLLLLLLLL
Event: 13.881 Loading class java/lang/invoke/BoundMethodHandle$Species_LLLLLLLLLLLLLLLLLLLLLLLLLL done
Event: 14.253 Loading class java/io/DeleteOnExitHook
Event: 14.254 Loading class java/io/DeleteOnExitHook done
Event: 14.254 Loading class java/io/DeleteOnExitHook$1
Event: 14.254 Loading class java/io/DeleteOnExitHook$1 done
Event: 14.865 Loading class java/util/concurrent/LinkedBlockingDeque$Itr
Event: 14.866 Loading class java/util/concurrent/LinkedBlockingDeque$AbstractItr
Event: 14.866 Loading class java/util/concurrent/LinkedBlockingDeque$AbstractItr done
Event: 14.866 Loading class java/util/concurrent/LinkedBlockingDeque$Itr done
Event: 14.944 Loading class java/util/Collections$ReverseComparator
Event: 14.945 Loading class java/util/Collections$ReverseComparator done
Event: 14.945 Loading class java/util/Comparators$NaturalOrderComparator
Event: 14.945 Loading class java/util/Comparators$NaturalOrderComparator done
Event: 14.945 Loading class java/util/Collections$ReverseComparator2
Event: 14.945 Loading class java/util/Collections$ReverseComparator2 done
Event: 15.233 Loading class sun/reflect/ReflectionFactory
Event: 15.234 Loading class sun/reflect/ReflectionFactory done
Event: 15.234 Loading class sun/reflect/ReflectionFactory$1
Event: 15.234 Loading class sun/reflect/ReflectionFactory$1 done

Classes unloaded (0 events):
No events

Classes redefined (0 events):
No events

Internal exceptions (20 events):
Event: 14.103 Thread 0x000001f8ffb61b70 Exception <a 'java/lang/NoSuchMethodError'{0x00000000a5aa06b8}: 'java.lang.Object java.lang.invoke.Invokers$Holder.invoker(java.lang.Object, java.lang.Object, java.lang.Object, java.lang.Object, java.lang.Object, java.lang.Object, java.lang.Object, java.lang.Object, java.lang.Object, java.lang.Object, java.lang.Object, java.lang.Object, java.lang.Object, java.lang.Object, java.lang.Object, java.lang.Object, java.lang.Object, java.lang.Object, java.lang.Object, java.lang.Object, java.lang.Object, java.lang.
Event: 14.103 Thread 0x000001f8ffb61b70 Exception <a 'java/lang/NoSuchMethodError'{0x00000000a5aa72f0}: 'java.lang.Object java.lang.invoke.DelegatingMethodHandle$Holder.delegate(java.lang.Object, java.lang.Object, java.lang.Object, java.lang.Object, java.lang.Object, java.lang.Object, java.lang.Object, java.lang.Object, java.lang.Object, java.lang.Object, java.lang.Object, java.lang.Object, java.lang.Object, java.lang.Object, java.lang.Object, java.lang.Object, java.lang.Object, java.lang.Object, java.lang.Object, java.lang.Object, java.lang.Obj
Event: 14.404 Thread 0x000001f8ffb61b70 Exception <a 'java/lang/NoSuchMethodError'{0x00000000a49ce7f8}: 'int java.lang.invoke.DirectMethodHandle$Holder.invokeSpecialIFC(java.lang.Object, java.lang.Object, java.lang.Object)'> (0x00000000a49ce7f8) 
thrown [s\open\src\hotspot\share\interpreter\linkResolver.cpp, line 773]
Event: 14.507 Thread 0x000001f8ffb61b70 Exception <a 'java/lang/NoSuchMethodError'{0x00000000a46f2d88}: 'java.lang.Object java.lang.invoke.DirectMethodHandle$Holder.newInvokeSpecial(java.lang.Object, java.lang.Object, java.lang.Object, java.lang.Object, java.lang.Object, int)'> (0x00000000a46f2d88) 
thrown [s\open\src\hotspot\share\interpreter\linkResolver.cpp, line 773]
Event: 14.507 Thread 0x000001f8ffb61b70 Exception <a 'java/lang/NoSuchMethodError'{0x00000000a46f7ed8}: 'java.lang.Object java.lang.invoke.DirectMethodHandle$Holder.invokeSpecial(java.lang.Object, java.lang.Object, java.lang.Object, java.lang.Object, java.lang.Object, java.lang.Object, int)'> (0x00000000a46f7ed8) 
thrown [s\open\src\hotspot\share\interpreter\linkResolver.cpp, line 773]
Event: 14.508 Thread 0x000001f8ffb61b70 Exception <a 'java/lang/NoSuchMethodError'{0x00000000a46fc9c8}: 'java.lang.Object java.lang.invoke.Invokers$Holder.linkToTargetMethod(java.lang.Object, java.lang.Object, java.lang.Object, java.lang.Object, int, java.lang.Object)'> (0x00000000a46fc9c8) 
thrown [s\open\src\hotspot\share\interpreter\linkResolver.cpp, line 773]
Event: 14.877 Thread 0x000001f8c7c650b0 Implicit null exception at 0x000001f8f4b38d20 to 0x000001f8f4b392bc
Event: 14.878 Thread 0x000001f8c7c650b0 Implicit null exception at 0x000001f8f4b53820 to 0x000001f8f4b53e6c
Event: 15.146 Thread 0x000001f8ffb61b70 Exception <a 'java/lang/NoSuchMethodError'{0x00000000a3caf8a8}: 'java.lang.Object java.lang.invoke.DirectMethodHandle$Holder.invokeSpecial(java.lang.Object, java.lang.Object, java.lang.Object, java.lang.Object, java.lang.Object, long)'> (0x00000000a3caf8a8) 
thrown [s\open\src\hotspot\share\interpreter\linkResolver.cpp, line 773]
Event: 15.149 Thread 0x000001f8ffb61b70 Exception <a 'java/lang/NoSuchMethodError'{0x00000000a3cdabb8}: 'void java.lang.invoke.DirectMethodHandle$Holder.invokeStatic(java.lang.Object, java.lang.Object, java.lang.Object, int, java.lang.Object)'> (0x00000000a3cdabb8) 
thrown [s\open\src\hotspot\share\interpreter\linkResolver.cpp, line 773]
Event: 15.244 Thread 0x000001f8ffb61b70 Exception <a 'java/lang/NoSuchMethodError'{0x00000000a38726b0}: 'java.lang.Object java.lang.invoke.DirectMethodHandle$Holder.newInvokeSpecial(java.lang.Object, java.lang.Object, java.lang.Object, java.lang.Object, int, java.lang.Object)'> (0x00000000a38726b0) 
thrown [s\open\src\hotspot\share\interpreter\linkResolver.cpp, line 773]
Event: 15.245 Thread 0x000001f8ffb61b70 Exception <a 'java/lang/NoSuchMethodError'{0x00000000a3877728}: 'java.lang.Object java.lang.invoke.Invokers$Holder.linkToTargetMethod(java.lang.Object, java.lang.Object, java.lang.Object, int, java.lang.Object, java.lang.Object)'> (0x00000000a3877728) 
thrown [s\open\src\hotspot\share\interpreter\linkResolver.cpp, line 773]
Event: 15.299 Thread 0x000001f8c8e6f260 Exception <a 'java/lang/IncompatibleClassChangeError'{0x00000000a3592d88}: Found class java.lang.Object, but interface was expected> (0x00000000a3592d88) 
thrown [s\open\src\hotspot\share\interpreter\linkResolver.cpp, line 840]
Event: 15.299 Thread 0x000001f8c8e6f8f0 Exception <a 'java/lang/IncompatibleClassChangeError'{0x00000000a359cef8}: Found class java.lang.Object, but interface was expected> (0x00000000a359cef8) 
thrown [s\open\src\hotspot\share\interpreter\linkResolver.cpp, line 840]
Event: 15.299 Thread 0x000001f8c8e6e540 Exception <a 'java/lang/IncompatibleClassChangeError'{0x00000000a3578410}: Found class java.lang.Object, but interface was expected> (0x00000000a3578410) 
thrown [s\open\src\hotspot\share\interpreter\linkResolver.cpp, line 840]
Event: 15.299 Thread 0x000001f8c8e6cb00 Exception <a 'java/lang/IncompatibleClassChangeError'{0x00000000a35d1c38}: Found class java.lang.Object, but interface was expected> (0x00000000a35d1c38) 
thrown [s\open\src\hotspot\share\interpreter\linkResolver.cpp, line 840]
Event: 15.299 Thread 0x000001f8c8e6d820 Exception <a 'java/lang/IncompatibleClassChangeError'{0x00000000a36c70c8}: Found class java.lang.Object, but interface was expected> (0x00000000a36c70c8) 
thrown [s\open\src\hotspot\share\interpreter\linkResolver.cpp, line 840]
Event: 15.299 Thread 0x000001f8c8e6ff80 Exception <a 'java/lang/IncompatibleClassChangeError'{0x00000000a36f87f0}: Found class java.lang.Object, but interface was expected> (0x00000000a36f87f0) 
thrown [s\open\src\hotspot\share\interpreter\linkResolver.cpp, line 840]
Event: 15.299 Thread 0x000001f8ffb61b70 Exception <a 'java/lang/IncompatibleClassChangeError'{0x00000000a3758800}: Found class java.lang.Object, but interface was expected> (0x00000000a3758800) 
thrown [s\open\src\hotspot\share\interpreter\linkResolver.cpp, line 840]
Event: 15.299 Thread 0x000001f8ca1b1a40 Exception <a 'java/lang/IncompatibleClassChangeError'{0x00000000a35adb38}: Found class java.lang.Object, but interface was expected> (0x00000000a35adb38) 
thrown [s\open\src\hotspot\share\interpreter\linkResolver.cpp, line 840]

ZGC Phase Switch (0 events):
No events

VM Operations (20 events):
Event: 13.773 Executing VM operation: HandshakeAllThreads (Deoptimize) done
Event: 13.786 Executing VM operation: HandshakeAllThreads (Deoptimize)
Event: 13.786 Executing VM operation: HandshakeAllThreads (Deoptimize) done
Event: 14.014 Executing VM operation: G1CollectForAllocation (G1 Evacuation Pause)
Event: 14.018 Executing VM operation: G1CollectForAllocation (G1 Evacuation Pause) done
Event: 14.888 Executing VM operation: HandshakeAllThreads (Deoptimize)
Event: 14.888 Executing VM operation: HandshakeAllThreads (Deoptimize) done
Event: 14.959 Executing VM operation: ICBufferFull
Event: 14.959 Executing VM operation: ICBufferFull done
Event: 15.084 Executing VM operation: HandshakeAllThreads (Deoptimize)
Event: 15.085 Executing VM operation: HandshakeAllThreads (Deoptimize) done
Event: 15.176 Executing VM operation: HandshakeAllThreads (Deoptimize)
Event: 15.176 Executing VM operation: HandshakeAllThreads (Deoptimize) done
Event: 15.243 Executing VM operation: HandshakeAllThreads (Deoptimize)
Event: 15.243 Executing VM operation: HandshakeAllThreads (Deoptimize) done
Event: 15.249 Executing VM operation: HandshakeAllThreads (Deoptimize)
Event: 15.249 Executing VM operation: HandshakeAllThreads (Deoptimize) done
Event: 15.278 Executing VM operation: ICBufferFull
Event: 15.279 Executing VM operation: ICBufferFull done
Event: 16.293 Executing VM operation: Cleanup

Events (20 events):
Event: 11.993 Thread 0x000001f8c87bd460 Thread added: 0x000001f8c87bd460
Event: 12.100 Thread 0x000001f8c87bba20 Thread added: 0x000001f8c87bba20
Event: 12.200 Thread 0x000001f8c87bcdd0 Thread added: 0x000001f8c87bcdd0
Event: 12.216 Thread 0x000001f8c87bad00 Thread added: 0x000001f8c87bad00
Event: 12.380 Thread 0x000001f8c87bb390 Thread added: 0x000001f8c87bb390
Event: 12.844 Thread 0x000001f8c8855650 Thread exited: 0x000001f8c8855650
Event: 14.072 Thread 0x000001f8c8e6ebd0 Thread added: 0x000001f8c8e6ebd0
Event: 14.233 Thread 0x000001f8c8956370 Thread exited: 0x000001f8c8956370
Event: 14.472 Thread 0x000001f8c9999c10 Thread added: 0x000001f8c9999c10
Event: 15.263 Thread 0x000001f8c8e6cb00 Thread added: 0x000001f8c8e6cb00
Event: 15.264 Thread 0x000001f8c8e6f260 Thread added: 0x000001f8c8e6f260
Event: 15.264 Thread 0x000001f8c8e6e540 Thread added: 0x000001f8c8e6e540
Event: 15.264 Thread 0x000001f8c8e6f8f0 Thread added: 0x000001f8c8e6f8f0
Event: 15.264 Thread 0x000001f8c8e6ff80 Thread added: 0x000001f8c8e6ff80
Event: 15.265 Thread 0x000001f8c8e6d190 Thread added: 0x000001f8c8e6d190
Event: 15.265 Thread 0x000001f8c8e6d820 Thread added: 0x000001f8c8e6d820
Event: 15.266 Thread 0x000001f8ca1b2760 Thread added: 0x000001f8ca1b2760
Event: 15.268 Thread 0x000001f8ca1b1a40 Thread added: 0x000001f8ca1b1a40
Event: 15.270 Thread 0x000001f8ca1b2df0 Thread added: 0x000001f8ca1b2df0
Event: 15.270 Thread 0x000001f8ca1b0d20 Thread added: 0x000001f8ca1b0d20


Dynamic libraries:
0x00007ff63d7d0000 - 0x00007ff63d7e0000 	C:\Program Files\Java\jdk-21\bin\java.exe
0x00007ffe47620000 - 0x00007ffe47888000 	C:\WINDOWS\SYSTEM32\ntdll.dll
0x00007ffe46cc0000 - 0x00007ffe46d89000 	C:\WINDOWS\System32\KERNEL32.DLL
0x00007ffe44c20000 - 0x00007ffe45011000 	C:\WINDOWS\System32\KERNELBASE.dll
0x00007ffe40640000 - 0x00007ffe406de000 	C:\WINDOWS\SYSTEM32\apphelp.dll
0x00007ffe44080000 - 0x00007ffe441cb000 	C:\WINDOWS\System32\ucrtbase.dll
0x00007ffe23390000 - 0x00007ffe233ab000 	C:\Program Files\Java\jdk-21\bin\VCRUNTIME140.dll
0x00007ffe233b0000 - 0x00007ffe233c9000 	C:\Program Files\Java\jdk-21\bin\jli.dll
0x00007ffe46720000 - 0x00007ffe467d4000 	C:\WINDOWS\System32\ADVAPI32.dll
0x00007ffe456d0000 - 0x00007ffe45779000 	C:\WINDOWS\System32\msvcrt.dll
0x00007ffe473c0000 - 0x00007ffe47466000 	C:\WINDOWS\System32\sechost.dll
0x00007ffe47280000 - 0x00007ffe47398000 	C:\WINDOWS\System32\RPCRT4.dll
0x00007ffe453c0000 - 0x00007ffe45586000 	C:\WINDOWS\System32\USER32.dll
0x00007ffe43300000 - 0x00007ffe43593000 	C:\WINDOWS\WinSxS\amd64_microsoft.windows.common-controls_6595b64144ccf1df_6.0.26100.7705_none_3e06597ae3363b04\COMCTL32.dll
0x00007ffe43fc0000 - 0x00007ffe43fe7000 	C:\WINDOWS\System32\win32u.dll
0x00007ffe46da0000 - 0x00007ffe46dcb000 	C:\WINDOWS\System32\GDI32.dll
0x00007ffe441d0000 - 0x00007ffe442fb000 	C:\WINDOWS\System32\gdi32full.dll
0x00007ffe44b70000 - 0x00007ffe44c13000 	C:\WINDOWS\System32\msvcp_win.dll
0x00007ffe3c970000 - 0x00007ffe3c97b000 	C:\WINDOWS\SYSTEM32\VERSION.dll
0x00007ffe458d0000 - 0x00007ffe45901000 	C:\WINDOWS\System32\IMM32.DLL
0x00007ffe274d0000 - 0x00007ffe274dc000 	C:\Program Files\Java\jdk-21\bin\vcruntime140_1.dll
0x00007ffe23300000 - 0x00007ffe2338e000 	C:\Program Files\Java\jdk-21\bin\msvcp140.dll
0x00007ffe220c0000 - 0x00007ffe22ddd000 	C:\Program Files\Java\jdk-21\bin\server\jvm.dll
0x00007ffe45910000 - 0x00007ffe45984000 	C:\WINDOWS\System32\WS2_32.dll
0x00007ffe43d60000 - 0x00007ffe43dbe000 	C:\WINDOWS\SYSTEM32\POWRPROF.dll
0x00007ffe40f20000 - 0x00007ffe40f55000 	C:\WINDOWS\SYSTEM32\WINMM.dll
0x00007ffe43d40000 - 0x00007ffe43d54000 	C:\WINDOWS\SYSTEM32\UMPDC.dll
0x00007ffe423c0000 - 0x00007ffe423db000 	C:\WINDOWS\SYSTEM32\kernel.appcore.dll
0x00007ffe23920000 - 0x00007ffe2392a000 	C:\Program Files\Java\jdk-21\bin\jimage.dll
0x00007ffe436d0000 - 0x00007ffe43912000 	C:\WINDOWS\SYSTEM32\DBGHELP.DLL
0x00007ffe46ef0000 - 0x00007ffe47276000 	C:\WINDOWS\System32\combase.dll
0x00007ffe45780000 - 0x00007ffe45857000 	C:\WINDOWS\System32\OLEAUT32.dll
0x00007ffe435a0000 - 0x00007ffe435db000 	C:\WINDOWS\SYSTEM32\dbgcore.DLL
0x00007ffe45020000 - 0x00007ffe450c5000 	C:\WINDOWS\System32\bcryptPrimitives.dll
0x00007ffe33e10000 - 0x00007ffe33e1f000 	C:\Program Files\Java\jdk-21\bin\instrument.dll
0x00007ffe230e0000 - 0x00007ffe230ff000 	C:\Program Files\Java\jdk-21\bin\java.dll
0x00007ffe45f30000 - 0x00007ffe46681000 	C:\WINDOWS\System32\SHELL32.dll
0x00007ffe450d0000 - 0x00007ffe4523a000 	C:\WINDOWS\System32\wintypes.dll
0x00007ffe44300000 - 0x00007ffe44b62000 	C:\WINDOWS\System32\windows.storage.dll
0x00007ffe45e30000 - 0x00007ffe45f26000 	C:\WINDOWS\System32\SHCORE.dll
0x00007ffe45860000 - 0x00007ffe458c7000 	C:\WINDOWS\System32\shlwapi.dll
0x00007ffe43e20000 - 0x00007ffe43e49000 	C:\WINDOWS\SYSTEM32\profapi.dll
0x00007ffe21de0000 - 0x00007ffe21eb7000 	C:\Program Files\Java\jdk-21\bin\jsvml.dll
0x00007ffe21b20000 - 0x00007ffe21b38000 	C:\Program Files\Java\jdk-21\bin\zip.dll
0x00007ffe234a0000 - 0x00007ffe234b0000 	C:\Program Files\Java\jdk-21\bin\net.dll
0x00007ffe39410000 - 0x00007ffe39537000 	C:\WINDOWS\SYSTEM32\WINHTTP.dll
0x00007ffe42ac0000 - 0x00007ffe42b2b000 	C:\WINDOWS\system32\mswsock.dll
0x00007ffe21b40000 - 0x00007ffe21b56000 	C:\Program Files\Java\jdk-21\bin\nio.dll
0x00007ffe1e970000 - 0x00007ffe1e980000 	C:\Program Files\Java\jdk-21\bin\verify.dll
0x00007ffe10ca0000 - 0x00007ffe10cc7000 	C:\Users\Excel\.gradle\native\c067742578af261105cb4f569cf0c3c89f3d7b1fecec35dd04571415982c5e48\windows-amd64\native-platform.dll
0x00007ffdd7990000 - 0x00007ffdd7ad4000 	C:\Users\Excel\.gradle\native\38dada09dfb8b06ba9b0570ebf7e218e3eb74d4ef43ca46872605cf95ebc2f47\windows-amd64\native-platform-file-events.dll
0x00007ffe278e0000 - 0x00007ffe278ea000 	C:\Program Files\Java\jdk-21\bin\management.dll
0x00007ffe278d0000 - 0x00007ffe278db000 	C:\Program Files\Java\jdk-21\bin\management_ext.dll
0x00007ffe46d90000 - 0x00007ffe46d98000 	C:\WINDOWS\System32\PSAPI.DLL
0x00007ffe43a20000 - 0x00007ffe43a3b000 	C:\WINDOWS\SYSTEM32\CRYPTSP.dll
0x00007ffe42380000 - 0x00007ffe423b9000 	C:\WINDOWS\system32\rsaenh.dll
0x00007ffe42b70000 - 0x00007ffe42b9b000 	C:\WINDOWS\SYSTEM32\USERENV.dll
0x00007ffe43df0000 - 0x00007ffe43e1a000 	C:\WINDOWS\SYSTEM32\bcrypt.dll
0x00007ffe42d80000 - 0x00007ffe42d8c000 	C:\WINDOWS\SYSTEM32\CRYPTBASE.dll
0x00007ffe41dc0000 - 0x00007ffe41df4000 	C:\WINDOWS\SYSTEM32\IPHLPAPI.DLL
0x00007ffe46dd0000 - 0x00007ffe46dda000 	C:\WINDOWS\System32\NSI.dll
0x00007ffe23420000 - 0x00007ffe23429000 	C:\Program Files\Java\jdk-21\bin\extnet.dll
0x00007ffe1e960000 - 0x00007ffe1e96e000 	C:\Program Files\Java\jdk-21\bin\sunmscapi.dll
0x00007ffe45240000 - 0x00007ffe453b7000 	C:\WINDOWS\System32\CRYPT32.dll
0x00007ffe42f00000 - 0x00007ffe42f30000 	C:\WINDOWS\SYSTEM32\ncrypt.dll
0x00007ffe42eb0000 - 0x00007ffe42eef000 	C:\WINDOWS\SYSTEM32\NTASN1.dll
0x00007ffe278f0000 - 0x00007ffe278f8000 	C:\WINDOWS\system32\wshunix.dll

dbghelp: loaded successfully - version: 4.0.5 - missing functions: none
symbol engine: initialized successfully - sym options: 0x614 - pdb path: .;C:\Program Files\Java\jdk-21\bin;C:\WINDOWS\SYSTEM32;C:\WINDOWS\WinSxS\amd64_microsoft.windows.common-controls_6595b64144ccf1df_6.0.26100.7705_none_3e06597ae3363b04;C:\Program Files\Java\jdk-21\bin\server;C:\Users\Excel\.gradle\native\c067742578af261105cb4f569cf0c3c89f3d7b1fecec35dd04571415982c5e48\windows-amd64;C:\Users\Excel\.gradle\native\38dada09dfb8b06ba9b0570ebf7e218e3eb74d4ef43ca46872605cf95ebc2f47\windows-amd64

VM Arguments:
jvm_args: --add-opens=java.base/java.util=ALL-UNNAMED --add-opens=java.base/java.lang=ALL-UNNAMED --add-opens=java.base/java.lang.invoke=ALL-UNNAMED --add-opens=java.prefs/java.util.prefs=ALL-UNNAMED --add-opens=java.base/java.nio.charset=ALL-UNNAMED --add-opens=java.base/java.net=ALL-UNNAMED --add-opens=java.base/java.util.concurrent.atomic=ALL-UNNAMED -Xmx1536m -Dfile.encoding=utf8 -Duser.country=IN -Duser.language=en -Duser.variant -javaagent:C:\Users\Excel\.gradle\wrapper\dists\gradle-8.6-bin\afr5mpiioh2wthjmwnkmdsd5w\gradle-8.6\lib\agents\gradle-instrumentation-agent-8.6.jar 
java_command: org.gradle.launcher.daemon.bootstrap.GradleDaemon 8.6
java_class_path (initial): C:\Users\Excel\.gradle\wrapper\dists\gradle-8.6-bin\afr5mpiioh2wthjmwnkmdsd5w\gradle-8.6\lib\gradle-launcher-8.6.jar
Launcher Type: SUN_STANDARD

[Global flags]
     intx CICompilerCount                          = 4                                         {product} {ergonomic}
     uint ConcGCThreads                            = 3                                         {product} {ergonomic}
     uint G1ConcRefinementThreads                  = 10                                        {product} {ergonomic}
   size_t G1HeapRegionSize                         = 1048576                                   {product} {ergonomic}
    uintx GCDrainStackTargetSize                   = 64                                        {product} {ergonomic}
   size_t InitialHeapSize                          = 98566144                                  {product} {ergonomic}
   size_t MarkStackSize                            = 4194304                                   {product} {ergonomic}
   size_t MaxHeapSize                              = 1610612736                                {product} {command line}
   size_t MaxNewSize                               = 965738496                                 {product} {ergonomic}
   size_t MinHeapDeltaBytes                        = 1048576                                   {product} {ergonomic}
   size_t MinHeapSize                              = 8388608                                   {product} {ergonomic}
    uintx NonNMethodCodeHeapSize                   = 5839372                                {pd product} {ergonomic}
    uintx NonProfiledCodeHeapSize                  = 122909434                              {pd product} {ergonomic}
    uintx ProfiledCodeHeapSize                     = 122909434                              {pd product} {ergonomic}
    uintx ReservedCodeCacheSize                    = 251658240                              {pd product} {ergonomic}
     bool SegmentedCodeCache                       = true                                      {product} {ergonomic}
   size_t SoftMaxHeapSize                          = 1610612736                             {manageable} {ergonomic}
     bool UseCompressedOops                        = true                           {product lp64_product} {ergonomic}
     bool UseG1GC                                  = true                                      {product} {ergonomic}
     bool UseLargePagesIndividualAllocation        = false                                  {pd product} {ergonomic}

Logging:
Log output configuration:
 #0: stdout all=warning uptime,level,tags foldmultilines=false
 #1: stderr all=off uptime,level,tags foldmultilines=false

Environment Variables:
PATH=C:\Program Files\Common Files\Oracle\Java\javapath;C:\WINDOWS\system32;C:\WINDOWS;C:\WINDOWS\System32\Wbem;C:\WINDOWS\System32\WindowsPowerShell\v1.0\;C:\WINDOWS\System32\OpenSSH\;C:\Program Files\dotnet\;C:\Program Files\nodejs\;C:\Program Files\Git\cmd;C:\Program Files\Docker\Docker\resources\bin;C:\Program Files\MySQL\MySQL Shell 8.0\bin\;C:\WINDOWS\system32;C:\WINDOWS;C:\WINDOWS\System32\Wbem;C:\WINDOWS\System32\WindowsPowerShell\v1.0\;C:\WINDOWS\System32\OpenSSH\;C:\Program Files\dotnet\;C:\Program Files\nodejs\;C:\Program Files\Git\cmd;C:\Users\Excel\AppData\Local\Programs\Python\Python310\Scripts\;C:\Users\Excel\AppData\Local\Programs\Python\Python310\;C:\Users\Excel\AppData\Local\Programs\Python\Launcher\;C:\Users\Excel\AppData\Local\Microsoft\WindowsApps;C:\Users\Excel\AppData\Local\Programs\Microsoft VS Code\bin;C:\Users\Excel\AppData\Local\Microsoft\WinGet\Packages\Schniz.fnm_Microsoft.Winget.Source_8wekyb3d8bbwe;C:\Users\Excel\AppData\Roaming\npm;C:\platform-tools;E:\Notes\CSE\Final_Year_Project\Project_Code\platform-tools;C:\ADB;E:\Notes\CSE\Final_Year_Project\Project_Code\platform-tools;C:\flutter\bin;C:\Program Files\Java\jdk-24;C:\maven-mvnd-1.0.2-windows-amd64;C:\Program Files\JetBrains\IntelliJ IDEA 2025.1.3\bin;;C:\Program Files\JetBrains\IntelliJ IDEA Community Edition 2025.1.3\bin;;C:\Users\Excel\AppData\Local\Programs\cursor\resources\app\bin;C:\Users\Excel\AppData\Local\GitHubDesktop\bin;C:\ProgramData\Excel\GitHubDesktop\bin
USERNAME=Excel
OS=Windows_NT
PROCESSOR_IDENTIFIER=AMD64 Family 23 Model 104 Stepping 1, AuthenticAMD
TMP=C:\Users\Excel\AppData\Local\Temp
TEMP=C:\Users\Excel\AppData\Local\Temp




Periodic native trim disabled

---------------  S Y S T E M  ---------------

OS:
 Windows 11 , 64 bit Build 26100 (10.0.26100.7705)
OS uptime: 0 days 10:02 hours
Hyper-V role detected

CPU: total 12 (initial active 12) (12 cores per cpu, 2 threads per core) family 23 model 104 stepping 1 microcode 0x8608102, cx8, cmov, fxsr, ht, mmx, 3dnowpref, sse, sse2, sse3, ssse3, sse4a, sse4.1, sse4.2, popcnt, lzcnt, tsc, tscinvbit, avx, avx2, aes, clmul, bmi1, bmi2, adx, sha, fma, vzeroupper, clflush, clflushopt, hv, rdtscp, rdpid, f16c
Processor Information for all 12 processors :
  Max Mhz: 2100, Current Mhz: 2100, Mhz Limit: 2100

Memory: 4k page, system-wide physical 6005M (689M free)
TotalPageFile size 22389M (AvailPageFile size 9M)
current process WorkingSet (physical memory assigned to process): 253M, peak: 261M
current process commit charge ("private bytes"): 295M, peak: 302M

vm_info: Java HotSpot(TM) 64-Bit Server VM (21.0.8+12-LTS-250) for windows-amd64 JRE (21.0.8+12-LTS-250), built on 2025-06-27T08:11:22Z by "mach5one" with MS VC++ 17.6 (VS2022)

END.
