#
# There is insufficient memory for the Java Runtime Environment to continue.
# Native memory allocation (malloc) failed to allocate 742176 bytes for Chunk::new
# Possible reasons:
#   The system is out of physical RAM or swap space
#   The process is running with CompressedOops enabled, and the Java Heap may be blocking the growth of the native heap
# Possible solutions:
#   Reduce memory load on the system
#   Increase physical memory or swap space
#   Check if swap backing store is full
#   Decrease Java heap size (-Xmx/-Xms)
#   Decrease number of Java threads
#   Decrease Java thread stack sizes (-Xss)
#   Set larger code cache with -XX:ReservedCodeCacheSize=
#   JVM is running with Unscaled Compressed Oops mode in which the Java heap is
#     placed in the first 4GB address space. The Java Heap base address is the
#     maximum limit for the native heap growth. Please use -XX:HeapBaseMinAddress
#     to set the Java Heap base and to place the Java Heap above 4GB virtual address.
# This output file may be truncated or incomplete.
#
#  Out of Memory Error (arena.cpp:168), pid=17032, tid=20956
#
# JRE version: Java(TM) SE Runtime Environment (21.0.8+12) (build 21.0.8+12-LTS-250)
# Java VM: Java HotSpot(TM) 64-Bit Server VM (21.0.8+12-LTS-250, mixed mode, tiered, compressed oops, compressed class ptrs, g1 gc, windows-amd64)
# No core dump will be written. Minidumps are not enabled by default on client versions of Windows
#

---------------  S U M M A R Y ------------

Command Line: --add-opens=java.base/java.util=ALL-UNNAMED --add-opens=java.base/java.lang=ALL-UNNAMED --add-opens=java.base/java.lang.invoke=ALL-UNNAMED --add-opens=java.prefs/java.util.prefs=ALL-UNNAMED --add-opens=java.base/java.nio.charset=ALL-UNNAMED --add-opens=java.base/java.net=ALL-UNNAMED --add-opens=java.base/java.util.concurrent.atomic=ALL-UNNAMED -Xmx1536m -Dfile.encoding=utf8 -Duser.country=IN -Duser.language=en -Duser.variant -javaagent:C:\Users\Excel\.gradle\wrapper\dists\gradle-8.6-bin\afr5mpiioh2wthjmwnkmdsd5w\gradle-8.6\lib\agents\gradle-instrumentation-agent-8.6.jar org.gradle.launcher.daemon.bootstrap.GradleDaemon 8.6

Host: AMD Ryzen 5 5500U with Radeon Graphics         , 12 cores, 5G,  Windows 11 , 64 bit Build 26100 (10.0.26100.7705)
Time: Mon Feb  2 18:04:01 2026 India Standard Time elapsed time: 37.096014 seconds (0d 0h 0m 37s)

---------------  T H R E A D  ---------------

Current thread (0x0000021e48713b40):  JavaThread "C2 CompilerThread1" daemon [_thread_in_native, id=20956, stack(0x000000d047700000,0x000000d047800000) (1024K)]


Current CompileTask:
C2:  37096 14371  s    4       com.android.build.api.artifact.impl.TypedStorageProvider::getArtifact$gradle_core (80 bytes)

Stack: [0x000000d047700000,0x000000d047800000]
Native frames: (J=compiled Java code, j=interpreted, Vv=VM code, C=native code)
V  [jvm.dll+0x6cc179]
V  [jvm.dll+0x8584c1]
V  [jvm.dll+0x85a9ee]
V  [jvm.dll+0x85b0c3]
V  [jvm.dll+0x27ebf6]
V  [jvm.dll+0xc4f4d]
V  [jvm.dll+0xc5483]
V  [jvm.dll+0x2f209d]
V  [jvm.dll+0x5f6daa]
V  [jvm.dll+0x250702]
V  [jvm.dll+0x249183]
V  [jvm.dll+0x246b44]
V  [jvm.dll+0x1c7a3e]
V  [jvm.dll+0x256359]
V  [jvm.dll+0x2548ea]
V  [jvm.dll+0x3efef6]
V  [jvm.dll+0x80279b]
V  [jvm.dll+0x6ca85d]
C  [ucrtbase.dll+0x37b0]
C  [KERNEL32.DLL+0x2e8d7]
C  [ntdll.dll+0x8c40c]


---------------  P R O C E S S  ---------------

Threads class SMR info:
_java_thread_list=0x0000021e23e4c610, length=82, elements={
0x0000021e219f59e0, 0x0000021e40283e90, 0x0000021e40288110, 0x0000021e402a42e0,
0x0000021e4028cde0, 0x0000021e4028db90, 0x0000021e4028e5e0, 0x0000021e4028f510,
0x0000021e40290300, 0x0000021e40438aa0, 0x0000021e4060e960, 0x0000021e4523dc60,
0x0000021e45c5e8f0, 0x0000021e4611f1a0, 0x0000021e45fbad50, 0x0000021e45fbb3b0,
0x0000021e46432570, 0x0000021e40497740, 0x0000021e46154d80, 0x0000021e40a43a40,
0x0000021e40a44760, 0x0000021e40a42690, 0x0000021e40a440d0, 0x0000021e40a44df0,
0x0000021e40a42d20, 0x0000021e40a433b0, 0x0000021e40a45480, 0x0000021e40a45b10,
0x0000021e46be8f60, 0x0000021e46bea310, 0x0000021e46bebd50, 0x0000021e46bea9a0,
0x0000021e46bec3e0, 0x0000021e46beb030, 0x0000021e46beeb40, 0x0000021e46befef0,
0x0000021e46bed100, 0x0000021e46be95f0, 0x0000021e46bef860, 0x0000021e46bed790,
0x0000021e46bede20, 0x0000021e46bee4b0, 0x0000021e48c91a10, 0x0000021e48c92730,
0x0000021e48c91380, 0x0000021e48c8f2b0, 0x0000021e48c8f940, 0x0000021e48c920a0,
0x0000021e48c8ffd0, 0x0000021e48c90660, 0x0000021e48c8ec20, 0x0000021e48c92dc0,
0x0000021e48c93ae0, 0x0000021e48c94170, 0x0000021e48c90cf0, 0x0000021e48f80840,
0x0000021e505f7a70, 0x0000021e505f5310, 0x0000021e505f59a0, 0x0000021e505f6030,
0x0000021e505f66c0, 0x0000021e505f73e0, 0x0000021e505f45f0, 0x0000021e505faef0,
0x0000021e505fa1d0, 0x0000021e505fa860, 0x0000021e505f9b40, 0x0000021e47f29e20,
0x0000021e47f2b860, 0x0000021e47f2b1d0, 0x0000021e47f283e0, 0x0000021e47f2bef0,
0x0000021e47f28a70, 0x0000021e47f2c580, 0x0000021e47f29100, 0x0000021e47f2ece0,
0x0000021e47f2cc10, 0x0000021e47f2d930, 0x0000021e47f2f370, 0x0000021e47f2d2a0,
0x0000021e48713b40, 0x0000021e477b1220
}

Java Threads: ( => current thread )
  0x0000021e219f59e0 JavaThread "main"                              [_thread_blocked, id=6152, stack(0x000000d043b00000,0x000000d043c00000) (1024K)]
  0x0000021e40283e90 JavaThread "Reference Handler"          daemon [_thread_blocked, id=14400, stack(0x000000d044300000,0x000000d044400000) (1024K)]
  0x0000021e40288110 JavaThread "Finalizer"                  daemon [_thread_blocked, id=19264, stack(0x000000d044400000,0x000000d044500000) (1024K)]
  0x0000021e402a42e0 JavaThread "Signal Dispatcher"          daemon [_thread_blocked, id=18436, stack(0x000000d044500000,0x000000d044600000) (1024K)]
  0x0000021e4028cde0 JavaThread "Attach Listener"            daemon [_thread_blocked, id=21016, stack(0x000000d044600000,0x000000d044700000) (1024K)]
  0x0000021e4028db90 JavaThread "Service Thread"             daemon [_thread_blocked, id=20928, stack(0x000000d044700000,0x000000d044800000) (1024K)]
  0x0000021e4028e5e0 JavaThread "Monitor Deflation Thread"   daemon [_thread_blocked, id=16532, stack(0x000000d044800000,0x000000d044900000) (1024K)]
  0x0000021e4028f510 JavaThread "C2 CompilerThread0"         daemon [_thread_in_native, id=20236, stack(0x000000d044900000,0x000000d044a00000) (1024K)]
  0x0000021e40290300 JavaThread "C1 CompilerThread0"         daemon [_thread_blocked, id=2944, stack(0x000000d044a00000,0x000000d044b00000) (1024K)]
  0x0000021e40438aa0 JavaThread "Common-Cleaner"             daemon [_thread_blocked, id=20632, stack(0x000000d044b00000,0x000000d044c00000) (1024K)]
  0x0000021e4060e960 JavaThread "Notification Thread"        daemon [_thread_blocked, id=19820, stack(0x000000d044c00000,0x000000d044d00000) (1024K)]
  0x0000021e4523dc60 JavaThread "Daemon health stats"               [_thread_blocked, id=9704, stack(0x000000d045100000,0x000000d045200000) (1024K)]
  0x0000021e45c5e8f0 JavaThread "Incoming local TCP Connector on port 60693"        [_thread_in_native, id=5632, stack(0x000000d045200000,0x000000d045300000) (1024K)]
  0x0000021e4611f1a0 JavaThread "Daemon periodic checks"            [_thread_blocked, id=20368, stack(0x000000d045300000,0x000000d045400000) (1024K)]
  0x0000021e45fbad50 JavaThread "Daemon"                            [_thread_blocked, id=20340, stack(0x000000d045400000,0x000000d045500000) (1024K)]
  0x0000021e45fbb3b0 JavaThread "Handler for socket connection from /127.0.0.1:60693 to /127.0.0.1:60697"        [_thread_in_native, id=7464, stack(0x000000d045500000,0x000000d045600000) (1024K)]
  0x0000021e46432570 JavaThread "Cancel handler"                    [_thread_blocked, id=5240, stack(0x000000d045600000,0x000000d045700000) (1024K)]
  0x0000021e40497740 JavaThread "Daemon worker"                     [_thread_in_Java, id=20804, stack(0x000000d045700000,0x000000d045800000) (1024K)]
  0x0000021e46154d80 JavaThread "Asynchronous log dispatcher for DefaultDaemonConnection: socket connection from /127.0.0.1:60693 to /127.0.0.1:60697"        [_thread_blocked, id=18456, stack(0x000000d045800000,0x000000d045900000) (1024K)]
  0x0000021e40a43a40 JavaThread "Stdin handler"                     [_thread_blocked, id=2216, stack(0x000000d045900000,0x000000d045a00000) (1024K)]
  0x0000021e40a44760 JavaThread "Daemon client event forwarder"        [_thread_blocked, id=2192, stack(0x000000d045a00000,0x000000d045b00000) (1024K)]
  0x0000021e40a42690 JavaThread "Cache worker for journal cache (C:\Users\Excel\.gradle\caches\journal-1)"        [_thread_blocked, id=19912, stack(0x000000d046200000,0x000000d046300000) (1024K)]
  0x0000021e40a440d0 JavaThread "File lock request listener"        [_thread_in_native, id=19916, stack(0x000000d046300000,0x000000d046400000) (1024K)]
  0x0000021e40a44df0 JavaThread "Cache worker for file hash cache (C:\Users\Excel\.gradle\caches\8.6\fileHashes)"        [_thread_blocked, id=19924, stack(0x000000d046400000,0x000000d046500000) (1024K)]
  0x0000021e40a42d20 JavaThread "File watcher server"        daemon [_thread_in_native, id=11488, stack(0x000000d046500000,0x000000d046600000) (1024K)]
  0x0000021e40a433b0 JavaThread "File watcher consumer"      daemon [_thread_blocked, id=21472, stack(0x000000d046600000,0x000000d046700000) (1024K)]
  0x0000021e40a45480 JavaThread "jar transforms"                    [_thread_blocked, id=20224, stack(0x000000d046700000,0x000000d046800000) (1024K)]
  0x0000021e40a45b10 JavaThread "jar transforms Thread 2"           [_thread_blocked, id=10924, stack(0x000000d046800000,0x000000d046900000) (1024K)]
  0x0000021e46be8f60 JavaThread "jar transforms Thread 3"           [_thread_blocked, id=20228, stack(0x000000d046900000,0x000000d046a00000) (1024K)]
  0x0000021e46bea310 JavaThread "Cache worker for checksums cache (E:\Applications\Solo-System\solo-system\android\.gradle\8.6\checksums)"        [_thread_blocked, id=21460, stack(0x000000d046a00000,0x000000d046b00000) (1024K)]
  0x0000021e46bebd50 JavaThread "Cache worker for file hash cache (E:\Applications\Solo-System\solo-system\android\.gradle\8.6\fileHashes)"        [_thread_blocked, id=15008, stack(0x000000d046b00000,0x000000d046c00000) (1024K)]
  0x0000021e46bea9a0 JavaThread "Cache worker for cache directory md-supplier (C:\Users\Excel\.gradle\caches\8.6\md-supplier)"        [_thread_blocked, id=13772, stack(0x000000d046c00000,0x000000d046d00000) (1024K)]
  0x0000021e46bec3e0 JavaThread "Cache worker for cache directory md-rule (C:\Users\Excel\.gradle\caches\8.6\md-rule)"        [_thread_blocked, id=14856, stack(0x000000d046d00000,0x000000d046e00000) (1024K)]
  0x0000021e46beb030 JavaThread "Cache worker for file content cache (C:\Users\Excel\.gradle\caches\8.6\fileContent)"        [_thread_blocked, id=2816, stack(0x000000d046e00000,0x000000d046f00000) (1024K)]
  0x0000021e46beeb40 JavaThread "jar transforms Thread 4"           [_thread_blocked, id=13564, stack(0x000000d046f00000,0x000000d047000000) (1024K)]
  0x0000021e46befef0 JavaThread "jar transforms Thread 5"           [_thread_blocked, id=18640, stack(0x000000d047000000,0x000000d047100000) (1024K)]
  0x0000021e46bed100 JavaThread "jar transforms Thread 6"           [_thread_blocked, id=18628, stack(0x000000d047100000,0x000000d047200000) (1024K)]
  0x0000021e46be95f0 JavaThread "jar transforms Thread 7"           [_thread_blocked, id=20304, stack(0x000000d047200000,0x000000d047300000) (1024K)]
  0x0000021e46bef860 JavaThread "jar transforms Thread 8"           [_thread_blocked, id=10300, stack(0x000000d047300000,0x000000d047400000) (1024K)]
  0x0000021e46bed790 JavaThread "jar transforms Thread 9"           [_thread_blocked, id=20168, stack(0x000000d047400000,0x000000d047500000) (1024K)]
  0x0000021e46bede20 JavaThread "jar transforms Thread 10"          [_thread_blocked, id=20992, stack(0x000000d047500000,0x000000d047600000) (1024K)]
  0x0000021e46bee4b0 JavaThread "jar transforms Thread 11"          [_thread_blocked, id=18444, stack(0x000000d047600000,0x000000d047700000) (1024K)]
  0x0000021e48c91a10 JavaThread "jar transforms Thread 12"          [_thread_blocked, id=18816, stack(0x000000d047800000,0x000000d047900000) (1024K)]
  0x0000021e48c92730 JavaThread "Cache worker for Build Output Cleanup Cache (E:\Applications\Solo-System\solo-system\android\.gradle\buildOutputCleanup)"        [_thread_blocked, id=15320, stack(0x000000d047a00000,0x000000d047b00000) (1024K)]
  0x0000021e48c91380 JavaThread "Unconstrained build operations"        [_thread_blocked, id=19628, stack(0x000000d047900000,0x000000d047a00000) (1024K)]
  0x0000021e48c8f2b0 JavaThread "Unconstrained build operations Thread 2"        [_thread_blocked, id=19068, stack(0x000000d047b00000,0x000000d047c00000) (1024K)]
  0x0000021e48c8f940 JavaThread "Unconstrained build operations Thread 3"        [_thread_blocked, id=12472, stack(0x000000d047c00000,0x000000d047d00000) (1024K)]
  0x0000021e48c920a0 JavaThread "Unconstrained build operations Thread 4"        [_thread_blocked, id=18228, stack(0x000000d047d00000,0x000000d047e00000) (1024K)]
  0x0000021e48c8ffd0 JavaThread "Unconstrained build operations Thread 5"        [_thread_blocked, id=16228, stack(0x000000d047e00000,0x000000d047f00000) (1024K)]
  0x0000021e48c90660 JavaThread "Unconstrained build operations Thread 6"        [_thread_blocked, id=18752, stack(0x000000d047f00000,0x000000d048000000) (1024K)]
  0x0000021e48c8ec20 JavaThread "Unconstrained build operations Thread 7"        [_thread_blocked, id=8156, stack(0x000000d048000000,0x000000d048100000) (1024K)]
  0x0000021e48c92dc0 JavaThread "Unconstrained build operations Thread 8"        [_thread_blocked, id=19160, stack(0x000000d048100000,0x000000d048200000) (1024K)]
  0x0000021e48c93ae0 JavaThread "Unconstrained build operations Thread 9"        [_thread_blocked, id=1444, stack(0x000000d048200000,0x000000d048300000) (1024K)]
  0x0000021e48c94170 JavaThread "Unconstrained build operations Thread 10"        [_thread_blocked, id=19512, stack(0x000000d048300000,0x000000d048400000) (1024K)]
  0x0000021e48c90cf0 JavaThread "Unconstrained build operations Thread 11"        [_thread_blocked, id=19596, stack(0x000000d048400000,0x000000d048500000) (1024K)]
  0x0000021e48f80840 JavaThread "Memory manager"                    [_thread_blocked, id=17448, stack(0x000000d048500000,0x000000d048600000) (1024K)]
  0x0000021e505f7a70 JavaThread "Unconstrained build operations Thread 12"        [_thread_blocked, id=4988, stack(0x000000d048600000,0x000000d048700000) (1024K)]
  0x0000021e505f5310 JavaThread "Unconstrained build operations Thread 13"        [_thread_blocked, id=14456, stack(0x000000d048700000,0x000000d048800000) (1024K)]
  0x0000021e505f59a0 JavaThread "Unconstrained build operations Thread 14"        [_thread_blocked, id=18748, stack(0x000000d048800000,0x000000d048900000) (1024K)]
  0x0000021e505f6030 JavaThread "Unconstrained build operations Thread 15"        [_thread_blocked, id=21496, stack(0x000000d048900000,0x000000d048a00000) (1024K)]
  0x0000021e505f66c0 JavaThread "Unconstrained build operations Thread 16"        [_thread_blocked, id=10500, stack(0x000000d048a00000,0x000000d048b00000) (1024K)]
  0x0000021e505f73e0 JavaThread "Unconstrained build operations Thread 17"        [_thread_blocked, id=18056, stack(0x000000d048b00000,0x000000d048c00000) (1024K)]
  0x0000021e505f45f0 JavaThread "Unconstrained build operations Thread 18"        [_thread_blocked, id=19720, stack(0x000000d048c00000,0x000000d048d00000) (1024K)]
  0x0000021e505faef0 JavaThread "Unconstrained build operations Thread 19"        [_thread_blocked, id=20996, stack(0x000000d048d00000,0x000000d048e00000) (1024K)]
  0x0000021e505fa1d0 JavaThread "Unconstrained build operations Thread 20"        [_thread_blocked, id=11420, stack(0x000000d048e00000,0x000000d048f00000) (1024K)]
  0x0000021e505fa860 JavaThread "Unconstrained build operations Thread 21"        [_thread_blocked, id=9024, stack(0x000000d048f00000,0x000000d049000000) (1024K)]
  0x0000021e505f9b40 JavaThread "Unconstrained build operations Thread 22"        [_thread_blocked, id=5904, stack(0x000000d049000000,0x000000d049100000) (1024K)]
  0x0000021e47f29e20 JavaThread "included builds"                   [_thread_blocked, id=19856, stack(0x000000d049100000,0x000000d049200000) (1024K)]
  0x0000021e47f2b860 JavaThread "Execution worker"                  [_thread_blocked, id=21260, stack(0x000000d049200000,0x000000d049300000) (1024K)]
  0x0000021e47f2b1d0 JavaThread "Execution worker Thread 2"         [_thread_blocked, id=20252, stack(0x000000d049300000,0x000000d049400000) (1024K)]
  0x0000021e47f283e0 JavaThread "Execution worker Thread 3"         [_thread_blocked, id=19716, stack(0x000000d049400000,0x000000d049500000) (1024K)]
  0x0000021e47f2bef0 JavaThread "Execution worker Thread 4"         [_thread_blocked, id=15912, stack(0x000000d049500000,0x000000d049600000) (1024K)]
  0x0000021e47f28a70 JavaThread "Execution worker Thread 5"         [_thread_blocked, id=18460, stack(0x000000d049600000,0x000000d049700000) (1024K)]
  0x0000021e47f2c580 JavaThread "Execution worker Thread 6"         [_thread_blocked, id=16624, stack(0x000000d049700000,0x000000d049800000) (1024K)]
  0x0000021e47f29100 JavaThread "Execution worker Thread 7"         [_thread_blocked, id=9812, stack(0x000000d049800000,0x000000d049900000) (1024K)]
  0x0000021e47f2ece0 JavaThread "Execution worker Thread 8"         [_thread_blocked, id=18948, stack(0x000000d049900000,0x000000d049a00000) (1024K)]
  0x0000021e47f2cc10 JavaThread "Execution worker Thread 9"         [_thread_blocked, id=18724, stack(0x000000d049a00000,0x000000d049b00000) (1024K)]
  0x0000021e47f2d930 JavaThread "Execution worker Thread 10"        [_thread_blocked, id=19552, stack(0x000000d049b00000,0x000000d049c00000) (1024K)]
  0x0000021e47f2f370 JavaThread "Execution worker Thread 11"        [_thread_blocked, id=14056, stack(0x000000d049c00000,0x000000d049d00000) (1024K)]
  0x0000021e47f2d2a0 JavaThread "Cache worker for execution history cache (E:\Applications\Solo-System\solo-system\android\.gradle\8.6\executionHistory)"        [_thread_blocked, id=18780, stack(0x000000d049d00000,0x000000d049e00000) (1024K)]
=>0x0000021e48713b40 JavaThread "C2 CompilerThread1"         daemon [_thread_in_native, id=20956, stack(0x000000d047700000,0x000000d047800000) (1024K)]
  0x0000021e477b1220 JavaThread "C2 CompilerThread2"         daemon [_thread_in_native, id=15424, stack(0x000000d049e00000,0x000000d049f00000) (1024K)]
Total: 82

Other Threads:
  0x0000021e4021f250 VMThread "VM Thread"                           [id=17472, stack(0x000000d044200000,0x000000d044300000) (1024K)]
  0x0000021e4019c920 WatcherThread "VM Periodic Task Thread"        [id=17364, stack(0x000000d044100000,0x000000d044200000) (1024K)]
  0x0000021e23df4680 WorkerThread "GC Thread#0"                     [id=19752, stack(0x000000d043c00000,0x000000d043d00000) (1024K)]
  0x0000021e45142f50 WorkerThread "GC Thread#1"                     [id=20812, stack(0x000000d044d00000,0x000000d044e00000) (1024K)]
  0x0000021e45171bf0 WorkerThread "GC Thread#2"                     [id=13640, stack(0x000000d044e00000,0x000000d044f00000) (1024K)]
  0x0000021e4507c440 WorkerThread "GC Thread#3"                     [id=15000, stack(0x000000d044f00000,0x000000d045000000) (1024K)]
  0x0000021e4507c7e0 WorkerThread "GC Thread#4"                     [id=20396, stack(0x000000d045000000,0x000000d045100000) (1024K)]
  0x0000021e40a31560 WorkerThread "GC Thread#5"                     [id=18528, stack(0x000000d045b00000,0x000000d045c00000) (1024K)]
  0x0000021e40a31900 WorkerThread "GC Thread#6"                     [id=19804, stack(0x000000d045c00000,0x000000d045d00000) (1024K)]
  0x0000021e40a31ca0 WorkerThread "GC Thread#7"                     [id=20924, stack(0x000000d045d00000,0x000000d045e00000) (1024K)]
  0x0000021e45828f90 WorkerThread "GC Thread#8"                     [id=20008, stack(0x000000d045e00000,0x000000d045f00000) (1024K)]
  0x0000021e4582a8f0 WorkerThread "GC Thread#9"                     [id=16972, stack(0x000000d045f00000,0x000000d046000000) (1024K)]
  0x0000021e23e02560 ConcurrentGCThread "G1 Main Marker"            [id=21256, stack(0x000000d043d00000,0x000000d043e00000) (1024K)]
  0x0000021e23e03800 WorkerThread "G1 Conc#0"                       [id=20832, stack(0x000000d043e00000,0x000000d043f00000) (1024K)]
  0x0000021e458296d0 WorkerThread "G1 Conc#1"                       [id=20472, stack(0x000000d046000000,0x000000d046100000) (1024K)]
  0x0000021e45829a70 WorkerThread "G1 Conc#2"                       [id=20476, stack(0x000000d046100000,0x000000d046200000) (1024K)]
  0x0000021e400640d0 ConcurrentGCThread "G1 Refine#0"               [id=20400, stack(0x000000d043f00000,0x000000d044000000) (1024K)]
  0x0000021e40065900 ConcurrentGCThread "G1 Service"                [id=3332, stack(0x000000d044000000,0x000000d044100000) (1024K)]
Total: 18

Threads with active compile tasks:
C2 CompilerThread0    37136 14409       4       java.util.AbstractCollection::remove (67 bytes)
C2 CompilerThread1    37136 14371  s    4       com.android.build.api.artifact.impl.TypedStorageProvider::getArtifact$gradle_core (80 bytes)
C2 CompilerThread2    37136 14392       4       org.gradle.internal.instantiation.generator.ManagedObjectFactory::newInstance (145 bytes)
Total: 3

VM state: not at safepoint (normal execution)

VM Mutex/Monitor currently owned by a thread: None

Heap address: 0x00000000a0000000, size: 1536 MB, Compressed Oops mode: 32-bit

CDS archive(s) not mapped
Compressed class space mapped at: 0x0000000100000000-0x0000000140000000, reserved size: 1073741824
Narrow klass base: 0x0000000000000000, Narrow klass shift: 3, Narrow klass range: 0x140000000

GC Precious Log:
 CardTable entry size: 512
 Card Set container configuration: InlinePtr #cards 5 size 8 Array Of Cards #cards 12 size 40 Howl #buckets 4 coarsen threshold 1843 Howl Bitmap #cards 512 size 80 coarsen threshold 460 Card regions per heap region 1 cards per card region 2048
 CPUs: 12 total, 12 available
 Memory: 6005M
 Large Page Support: Disabled
 NUMA Support: Disabled
 Compressed Oops: Enabled (32-bit)
 Heap Region Size: 1M
 Heap Min Capacity: 8M
 Heap Initial Capacity: 94M
 Heap Max Capacity: 1536M
 Pre-touch: Disabled
 Parallel Workers: 10
 Concurrent Workers: 3
 Concurrent Refinement Workers: 10
 Periodic GC: Disabled

Heap:
 garbage-first heap   total 224256K, used 188215K [0x00000000a0000000, 0x0000000100000000)
  region size 1024K, 64 young (65536K), 6 survivors (6144K)
 Metaspace       used 103409K, committed 105792K, reserved 1179648K
  class space    used 13898K, committed 15104K, reserved 1048576K

Heap Regions: E=young(eden), S=young(survivor), O=old, HS=humongous(starts), HC=humongous(continues), CS=collection set, F=free, TAMS=top-at-mark-start, PB=parsable bottom
|   0|0x00000000a0000000, 0x00000000a0100000, 0x00000000a0100000|100%|HS|  |TAMS 0x00000000a0000000| PB 0x00000000a0000000| Complete 
|   1|0x00000000a0100000, 0x00000000a0200000, 0x00000000a0200000|100%|HC|  |TAMS 0x00000000a0100000| PB 0x00000000a0100000| Complete 
|   2|0x00000000a0200000, 0x00000000a0300000, 0x00000000a0300000|100%|HC|  |TAMS 0x00000000a0200000| PB 0x00000000a0200000| Complete 
|   3|0x00000000a0300000, 0x00000000a0400000, 0x00000000a0400000|100%|HC|  |TAMS 0x00000000a0300000| PB 0x00000000a0300000| Complete 
|   4|0x00000000a0400000, 0x00000000a0500000, 0x00000000a0500000|100%| O|  |TAMS 0x00000000a0400000| PB 0x00000000a0400000| Untracked 
|   5|0x00000000a0500000, 0x00000000a0600000, 0x00000000a0600000|100%| O|  |TAMS 0x00000000a0500000| PB 0x00000000a0500000| Untracked 
|   6|0x00000000a0600000, 0x00000000a0700000, 0x00000000a0700000|100%| O|  |TAMS 0x00000000a0600000| PB 0x00000000a0600000| Untracked 
|   7|0x00000000a0700000, 0x00000000a0800000, 0x00000000a0800000|100%| O|  |TAMS 0x00000000a0700000| PB 0x00000000a0700000| Untracked 
|   8|0x00000000a0800000, 0x00000000a0900000, 0x00000000a0900000|100%| O|  |TAMS 0x00000000a0800000| PB 0x00000000a0800000| Untracked 
|   9|0x00000000a0900000, 0x00000000a0a00000, 0x00000000a0a00000|100%| O|  |TAMS 0x00000000a0900000| PB 0x00000000a0900000| Untracked 
|  10|0x00000000a0a00000, 0x00000000a0b00000, 0x00000000a0b00000|100%| O|  |TAMS 0x00000000a0a00000| PB 0x00000000a0a00000| Untracked 
|  11|0x00000000a0b00000, 0x00000000a0c00000, 0x00000000a0c00000|100%| O|  |TAMS 0x00000000a0b00000| PB 0x00000000a0b00000| Untracked 
|  12|0x00000000a0c00000, 0x00000000a0d00000, 0x00000000a0d00000|100%| O|  |TAMS 0x00000000a0c00000| PB 0x00000000a0c00000| Untracked 
|  13|0x00000000a0d00000, 0x00000000a0e00000, 0x00000000a0e00000|100%| O|  |TAMS 0x00000000a0d00000| PB 0x00000000a0d00000| Untracked 
|  14|0x00000000a0e00000, 0x00000000a0f00000, 0x00000000a0f00000|100%| O|  |TAMS 0x00000000a0e00000| PB 0x00000000a0e00000| Untracked 
|  15|0x00000000a0f00000, 0x00000000a1000000, 0x00000000a1000000|100%| O|  |TAMS 0x00000000a0f00000| PB 0x00000000a0f00000| Untracked 
|  16|0x00000000a1000000, 0x00000000a1100000, 0x00000000a1100000|100%| O|  |TAMS 0x00000000a1000000| PB 0x00000000a1000000| Untracked 
|  17|0x00000000a1100000, 0x00000000a1200000, 0x00000000a1200000|100%| O|  |TAMS 0x00000000a1100000| PB 0x00000000a1100000| Untracked 
|  18|0x00000000a1200000, 0x00000000a1300000, 0x00000000a1300000|100%| O|  |TAMS 0x00000000a1200000| PB 0x00000000a1200000| Untracked 
|  19|0x00000000a1300000, 0x00000000a1400000, 0x00000000a1400000|100%| O|  |TAMS 0x00000000a1300000| PB 0x00000000a1300000| Untracked 
|  20|0x00000000a1400000, 0x00000000a1500000, 0x00000000a1500000|100%| O|  |TAMS 0x00000000a1400000| PB 0x00000000a1400000| Untracked 
|  21|0x00000000a1500000, 0x00000000a1600000, 0x00000000a1600000|100%| O|  |TAMS 0x00000000a1500000| PB 0x00000000a1500000| Untracked 
|  22|0x00000000a1600000, 0x00000000a1700000, 0x00000000a1700000|100%| O|  |TAMS 0x00000000a1600000| PB 0x00000000a1600000| Untracked 
|  23|0x00000000a1700000, 0x00000000a1800000, 0x00000000a1800000|100%| O|  |TAMS 0x00000000a1700000| PB 0x00000000a1700000| Untracked 
|  24|0x00000000a1800000, 0x00000000a1900000, 0x00000000a1900000|100%| O|  |TAMS 0x00000000a1800000| PB 0x00000000a1800000| Untracked 
|  25|0x00000000a1900000, 0x00000000a1a00000, 0x00000000a1a00000|100%| O|  |TAMS 0x00000000a1900000| PB 0x00000000a1900000| Untracked 
|  26|0x00000000a1a00000, 0x00000000a1b00000, 0x00000000a1b00000|100%| O|  |TAMS 0x00000000a1a00000| PB 0x00000000a1a00000| Untracked 
|  27|0x00000000a1b00000, 0x00000000a1c00000, 0x00000000a1c00000|100%| O|  |TAMS 0x00000000a1b00000| PB 0x00000000a1b00000| Untracked 
|  28|0x00000000a1c00000, 0x00000000a1d00000, 0x00000000a1d00000|100%| O|  |TAMS 0x00000000a1c00000| PB 0x00000000a1c00000| Untracked 
|  29|0x00000000a1d00000, 0x00000000a1e00000, 0x00000000a1e00000|100%|HS|  |TAMS 0x00000000a1d00000| PB 0x00000000a1d00000| Complete 
|  30|0x00000000a1e00000, 0x00000000a1f00000, 0x00000000a1f00000|100%| O|  |TAMS 0x00000000a1e00000| PB 0x00000000a1e00000| Untracked 
|  31|0x00000000a1f00000, 0x00000000a2000000, 0x00000000a2000000|100%| O|  |TAMS 0x00000000a1f00000| PB 0x00000000a1f00000| Untracked 
|  32|0x00000000a2000000, 0x00000000a2100000, 0x00000000a2100000|100%| O|  |TAMS 0x00000000a2000000| PB 0x00000000a2000000| Untracked 
|  33|0x00000000a2100000, 0x00000000a2200000, 0x00000000a2200000|100%| O|  |TAMS 0x00000000a2100000| PB 0x00000000a2100000| Untracked 
|  34|0x00000000a2200000, 0x00000000a2300000, 0x00000000a2300000|100%| O|  |TAMS 0x00000000a2200000| PB 0x00000000a2200000| Untracked 
|  35|0x00000000a2300000, 0x00000000a2400000, 0x00000000a2400000|100%| O|  |TAMS 0x00000000a2300000| PB 0x00000000a2300000| Untracked 
|  36|0x00000000a2400000, 0x00000000a2500000, 0x00000000a2500000|100%| O|  |TAMS 0x00000000a2400000| PB 0x00000000a2400000| Untracked 
|  37|0x00000000a2500000, 0x00000000a2600000, 0x00000000a2600000|100%| O|  |TAMS 0x00000000a2500000| PB 0x00000000a2500000| Untracked 
|  38|0x00000000a2600000, 0x00000000a2700000, 0x00000000a2700000|100%| O|  |TAMS 0x00000000a2600000| PB 0x00000000a2600000| Untracked 
|  39|0x00000000a2700000, 0x00000000a2800000, 0x00000000a2800000|100%| O|  |TAMS 0x00000000a2700000| PB 0x00000000a2700000| Untracked 
|  40|0x00000000a2800000, 0x00000000a2900000, 0x00000000a2900000|100%| O|  |TAMS 0x00000000a2800000| PB 0x00000000a2800000| Untracked 
|  41|0x00000000a2900000, 0x00000000a2a00000, 0x00000000a2a00000|100%| O|  |TAMS 0x00000000a2900000| PB 0x00000000a2900000| Untracked 
|  42|0x00000000a2a00000, 0x00000000a2b00000, 0x00000000a2b00000|100%| O|  |TAMS 0x00000000a2a00000| PB 0x00000000a2a00000| Untracked 
|  43|0x00000000a2b00000, 0x00000000a2c00000, 0x00000000a2c00000|100%| O|  |TAMS 0x00000000a2b00000| PB 0x00000000a2b00000| Untracked 
|  44|0x00000000a2c00000, 0x00000000a2d00000, 0x00000000a2d00000|100%| O|  |TAMS 0x00000000a2c00000| PB 0x00000000a2c00000| Untracked 
|  45|0x00000000a2d00000, 0x00000000a2e00000, 0x00000000a2e00000|100%| O|  |TAMS 0x00000000a2d00000| PB 0x00000000a2d00000| Untracked 
|  46|0x00000000a2e00000, 0x00000000a2f00000, 0x00000000a2f00000|100%| O|  |TAMS 0x00000000a2e00000| PB 0x00000000a2e00000| Untracked 
|  47|0x00000000a2f00000, 0x00000000a3000000, 0x00000000a3000000|100%|HS|  |TAMS 0x00000000a2f00000| PB 0x00000000a2f00000| Complete 
|  48|0x00000000a3000000, 0x00000000a3100000, 0x00000000a3100000|100%| O|  |TAMS 0x00000000a3000000| PB 0x00000000a3000000| Untracked 
|  49|0x00000000a3100000, 0x00000000a3200000, 0x00000000a3200000|100%| O|  |TAMS 0x00000000a3100000| PB 0x00000000a3100000| Untracked 
|  50|0x00000000a3200000, 0x00000000a3300000, 0x00000000a3300000|100%| O|  |TAMS 0x00000000a3200000| PB 0x00000000a3200000| Untracked 
|  51|0x00000000a3300000, 0x00000000a3400000, 0x00000000a3400000|100%| O|  |TAMS 0x00000000a3300000| PB 0x00000000a3300000| Untracked 
|  52|0x00000000a3400000, 0x00000000a3500000, 0x00000000a3500000|100%| O|  |TAMS 0x00000000a3400000| PB 0x00000000a3400000| Untracked 
|  53|0x00000000a3500000, 0x00000000a3600000, 0x00000000a3600000|100%| O|  |TAMS 0x00000000a3500000| PB 0x00000000a3500000| Untracked 
|  54|0x00000000a3600000, 0x00000000a3700000, 0x00000000a3700000|100%| O|  |TAMS 0x00000000a3600000| PB 0x00000000a3600000| Untracked 
|  55|0x00000000a3700000, 0x00000000a3800000, 0x00000000a3800000|100%| O|  |TAMS 0x00000000a3700000| PB 0x00000000a3700000| Untracked 
|  56|0x00000000a3800000, 0x00000000a3900000, 0x00000000a3900000|100%| O|  |TAMS 0x00000000a3800000| PB 0x00000000a3800000| Untracked 
|  57|0x00000000a3900000, 0x00000000a3a00000, 0x00000000a3a00000|100%| O|  |TAMS 0x00000000a3900000| PB 0x00000000a3900000| Untracked 
|  58|0x00000000a3a00000, 0x00000000a3b00000, 0x00000000a3b00000|100%| O|  |TAMS 0x00000000a3a00000| PB 0x00000000a3a00000| Untracked 
|  59|0x00000000a3b00000, 0x00000000a3c00000, 0x00000000a3c00000|100%|HS|  |TAMS 0x00000000a3b00000| PB 0x00000000a3b00000| Complete 
|  60|0x00000000a3c00000, 0x00000000a3d00000, 0x00000000a3d00000|100%|HS|  |TAMS 0x00000000a3c00000| PB 0x00000000a3c00000| Complete 
|  61|0x00000000a3d00000, 0x00000000a3e00000, 0x00000000a3e00000|100%| O|  |TAMS 0x00000000a3d00000| PB 0x00000000a3d00000| Untracked 
|  62|0x00000000a3e00000, 0x00000000a3f00000, 0x00000000a3f00000|100%|HS|  |TAMS 0x00000000a3e00000| PB 0x00000000a3e00000| Complete 
|  63|0x00000000a3f00000, 0x00000000a4000000, 0x00000000a4000000|100%|HS|  |TAMS 0x00000000a3f00000| PB 0x00000000a3f00000| Complete 
|  64|0x00000000a4000000, 0x00000000a4100000, 0x00000000a4100000|100%| O|  |TAMS 0x00000000a4000000| PB 0x00000000a4000000| Untracked 
|  65|0x00000000a4100000, 0x00000000a4200000, 0x00000000a4200000|100%| O|  |TAMS 0x00000000a4100000| PB 0x00000000a4100000| Untracked 
|  66|0x00000000a4200000, 0x00000000a4300000, 0x00000000a4300000|100%| O|  |TAMS 0x00000000a4200000| PB 0x00000000a4200000| Untracked 
|  67|0x00000000a4300000, 0x00000000a4400000, 0x00000000a4400000|100%| O|  |TAMS 0x00000000a4300000| PB 0x00000000a4300000| Untracked 
|  68|0x00000000a4400000, 0x00000000a4500000, 0x00000000a4500000|100%| O|  |TAMS 0x00000000a4400000| PB 0x00000000a4400000| Untracked 
|  69|0x00000000a4500000, 0x00000000a4600000, 0x00000000a4600000|100%|HS|  |TAMS 0x00000000a4500000| PB 0x00000000a4500000| Complete 
|  70|0x00000000a4600000, 0x00000000a4700000, 0x00000000a4700000|100%| O|  |TAMS 0x00000000a4600000| PB 0x00000000a4600000| Untracked 
|  71|0x00000000a4700000, 0x00000000a4800000, 0x00000000a4800000|100%| O|  |TAMS 0x00000000a4700000| PB 0x00000000a4700000| Untracked 
|  72|0x00000000a4800000, 0x00000000a4900000, 0x00000000a4900000|100%| O|  |TAMS 0x00000000a4800000| PB 0x00000000a4800000| Untracked 
|  73|0x00000000a4900000, 0x00000000a4a00000, 0x00000000a4a00000|100%| O|  |TAMS 0x00000000a4900000| PB 0x00000000a4900000| Untracked 
|  74|0x00000000a4a00000, 0x00000000a4b00000, 0x00000000a4b00000|100%| O|  |TAMS 0x00000000a4a00000| PB 0x00000000a4a00000| Untracked 
|  75|0x00000000a4b00000, 0x00000000a4c00000, 0x00000000a4c00000|100%| O|  |TAMS 0x00000000a4b00000| PB 0x00000000a4b00000| Untracked 
|  76|0x00000000a4c00000, 0x00000000a4d00000, 0x00000000a4d00000|100%| O|  |TAMS 0x00000000a4c00000| PB 0x00000000a4c00000| Untracked 
|  77|0x00000000a4d00000, 0x00000000a4e00000, 0x00000000a4e00000|100%| O|  |TAMS 0x00000000a4d00000| PB 0x00000000a4d00000| Untracked 
|  78|0x00000000a4e00000, 0x00000000a4f00000, 0x00000000a4f00000|100%| O|  |TAMS 0x00000000a4e00000| PB 0x00000000a4e00000| Untracked 
|  79|0x00000000a4f00000, 0x00000000a5000000, 0x00000000a5000000|100%| O|  |TAMS 0x00000000a4f00000| PB 0x00000000a4f00000| Untracked 
|  80|0x00000000a5000000, 0x00000000a5100000, 0x00000000a5100000|100%| O|  |TAMS 0x00000000a5000000| PB 0x00000000a5000000| Untracked 
|  81|0x00000000a5100000, 0x00000000a5200000, 0x00000000a5200000|100%| O|  |TAMS 0x00000000a5100000| PB 0x00000000a5100000| Untracked 
|  82|0x00000000a5200000, 0x00000000a5300000, 0x00000000a5300000|100%| O|  |TAMS 0x00000000a5200000| PB 0x00000000a5200000| Untracked 
|  83|0x00000000a5300000, 0x00000000a5400000, 0x00000000a5400000|100%| O|  |TAMS 0x00000000a5300000| PB 0x00000000a5300000| Untracked 
|  84|0x00000000a5400000, 0x00000000a5500000, 0x00000000a5500000|100%| O|  |TAMS 0x00000000a5400000| PB 0x00000000a5400000| Untracked 
|  85|0x00000000a5500000, 0x00000000a5600000, 0x00000000a5600000|100%|HS|  |TAMS 0x00000000a5500000| PB 0x00000000a5500000| Complete 
|  86|0x00000000a5600000, 0x00000000a5700000, 0x00000000a5700000|100%|HS|  |TAMS 0x00000000a5600000| PB 0x00000000a5600000| Complete 
|  87|0x00000000a5700000, 0x00000000a5800000, 0x00000000a5800000|100%| O|  |TAMS 0x00000000a5700000| PB 0x00000000a5700000| Untracked 
|  88|0x00000000a5800000, 0x00000000a5900000, 0x00000000a5900000|100%|HS|  |TAMS 0x00000000a5800000| PB 0x00000000a5800000| Complete 
|  89|0x00000000a5900000, 0x00000000a5a00000, 0x00000000a5a00000|100%|HS|  |TAMS 0x00000000a5900000| PB 0x00000000a5900000| Complete 
|  90|0x00000000a5a00000, 0x00000000a5b00000, 0x00000000a5b00000|100%| O|  |TAMS 0x00000000a5a00000| PB 0x00000000a5a00000| Untracked 
|  91|0x00000000a5b00000, 0x00000000a5c00000, 0x00000000a5c00000|100%| O|  |TAMS 0x00000000a5b00000| PB 0x00000000a5b00000| Untracked 
|  92|0x00000000a5c00000, 0x00000000a5d00000, 0x00000000a5d00000|100%| O|  |TAMS 0x00000000a5c00000| PB 0x00000000a5c00000| Untracked 
|  93|0x00000000a5d00000, 0x00000000a5e00000, 0x00000000a5e00000|100%| O|  |TAMS 0x00000000a5d00000| PB 0x00000000a5d00000| Untracked 
|  94|0x00000000a5e00000, 0x00000000a5f00000, 0x00000000a5f00000|100%| O|  |TAMS 0x00000000a5e00000| PB 0x00000000a5e00000| Untracked 
|  95|0x00000000a5f00000, 0x00000000a6000000, 0x00000000a6000000|100%| O|  |TAMS 0x00000000a5f00000| PB 0x00000000a5f00000| Untracked 
|  96|0x00000000a6000000, 0x00000000a6100000, 0x00000000a6100000|100%| O|  |TAMS 0x00000000a6000000| PB 0x00000000a6000000| Untracked 
|  97|0x00000000a6100000, 0x00000000a6200000, 0x00000000a6200000|100%| O|  |TAMS 0x00000000a6100000| PB 0x00000000a6100000| Untracked 
|  98|0x00000000a6200000, 0x00000000a6300000, 0x00000000a6300000|100%| O|  |TAMS 0x00000000a6200000| PB 0x00000000a6200000| Untracked 
|  99|0x00000000a6300000, 0x00000000a6400000, 0x00000000a6400000|100%| O|  |TAMS 0x00000000a6300000| PB 0x00000000a6300000| Untracked 
| 100|0x00000000a6400000, 0x00000000a6500000, 0x00000000a6500000|100%| O|  |TAMS 0x00000000a6400000| PB 0x00000000a6400000| Untracked 
| 101|0x00000000a6500000, 0x00000000a6600000, 0x00000000a6600000|100%| O|Cm|TAMS 0x00000000a6500000| PB 0x00000000a6500000| Complete 
| 102|0x00000000a6600000, 0x00000000a6700000, 0x00000000a6700000|100%| O|  |TAMS 0x00000000a6600000| PB 0x00000000a6600000| Untracked 
| 103|0x00000000a6700000, 0x00000000a6800000, 0x00000000a6800000|100%| O|  |TAMS 0x00000000a6700000| PB 0x00000000a6700000| Untracked 
| 104|0x00000000a6800000, 0x00000000a6900000, 0x00000000a6900000|100%| O|  |TAMS 0x00000000a6800000| PB 0x00000000a6800000| Untracked 
| 105|0x00000000a6900000, 0x00000000a6a00000, 0x00000000a6a00000|100%| O|Cm|TAMS 0x00000000a6900000| PB 0x00000000a6900000| Complete 
| 106|0x00000000a6a00000, 0x00000000a6b00000, 0x00000000a6b00000|100%|HS|  |TAMS 0x00000000a6a00000| PB 0x00000000a6a00000| Complete 
| 107|0x00000000a6b00000, 0x00000000a6c00000, 0x00000000a6c00000|100%| O|  |TAMS 0x00000000a6b00000| PB 0x00000000a6b00000| Untracked 
| 108|0x00000000a6c00000, 0x00000000a6d00000, 0x00000000a6d00000|100%| O|  |TAMS 0x00000000a6c00000| PB 0x00000000a6c00000| Untracked 
| 109|0x00000000a6d00000, 0x00000000a6e00000, 0x00000000a6e00000|100%| O|  |TAMS 0x00000000a6d00000| PB 0x00000000a6d00000| Untracked 
| 110|0x00000000a6e00000, 0x00000000a6f00000, 0x00000000a6f00000|100%| O|  |TAMS 0x00000000a6e00000| PB 0x00000000a6e00000| Untracked 
| 111|0x00000000a6f00000, 0x00000000a7000000, 0x00000000a7000000|100%| O|  |TAMS 0x00000000a6f00000| PB 0x00000000a6f00000| Untracked 
| 112|0x00000000a7000000, 0x00000000a7100000, 0x00000000a7100000|100%| O|  |TAMS 0x00000000a7000000| PB 0x00000000a7000000| Untracked 
| 113|0x00000000a7100000, 0x00000000a7200000, 0x00000000a7200000|100%| O|Cm|TAMS 0x00000000a7100000| PB 0x00000000a7100000| Complete 
| 114|0x00000000a7200000, 0x00000000a7300000, 0x00000000a7300000|100%| O|  |TAMS 0x00000000a7200000| PB 0x00000000a7200000| Untracked 
| 115|0x00000000a7300000, 0x00000000a7400000, 0x00000000a7400000|100%| O|  |TAMS 0x00000000a7300000| PB 0x00000000a7300000| Untracked 
| 116|0x00000000a7400000, 0x00000000a7500000, 0x00000000a7500000|100%| O|  |TAMS 0x00000000a7400000| PB 0x00000000a7400000| Untracked 
| 117|0x00000000a7500000, 0x00000000a753ffa0, 0x00000000a7600000| 24%| O|  |TAMS 0x00000000a7500000| PB 0x00000000a7500000| Untracked 
| 118|0x00000000a7600000, 0x00000000a7600000, 0x00000000a7700000|  0%| F|  |TAMS 0x00000000a7600000| PB 0x00000000a7600000| Untracked 
| 119|0x00000000a7700000, 0x00000000a7700000, 0x00000000a7800000|  0%| F|  |TAMS 0x00000000a7700000| PB 0x00000000a7700000| Untracked 
| 120|0x00000000a7800000, 0x00000000a7800000, 0x00000000a7900000|  0%| F|  |TAMS 0x00000000a7800000| PB 0x00000000a7800000| Untracked 
| 121|0x00000000a7900000, 0x00000000a7900000, 0x00000000a7a00000|  0%| F|  |TAMS 0x00000000a7900000| PB 0x00000000a7900000| Untracked 
| 122|0x00000000a7a00000, 0x00000000a7a00000, 0x00000000a7b00000|  0%| F|  |TAMS 0x00000000a7a00000| PB 0x00000000a7a00000| Untracked 
| 123|0x00000000a7b00000, 0x00000000a7b00000, 0x00000000a7c00000|  0%| F|  |TAMS 0x00000000a7b00000| PB 0x00000000a7b00000| Untracked 
| 124|0x00000000a7c00000, 0x00000000a7c00000, 0x00000000a7d00000|  0%| F|  |TAMS 0x00000000a7c00000| PB 0x00000000a7c00000| Untracked 
| 125|0x00000000a7d00000, 0x00000000a7d00000, 0x00000000a7e00000|  0%| F|  |TAMS 0x00000000a7d00000| PB 0x00000000a7d00000| Untracked 
| 126|0x00000000a7e00000, 0x00000000a7e00000, 0x00000000a7f00000|  0%| F|  |TAMS 0x00000000a7e00000| PB 0x00000000a7e00000| Untracked 
| 127|0x00000000a7f00000, 0x00000000a7f00000, 0x00000000a8000000|  0%| F|  |TAMS 0x00000000a7f00000| PB 0x00000000a7f00000| Untracked 
| 128|0x00000000a8000000, 0x00000000a8000000, 0x00000000a8100000|  0%| F|  |TAMS 0x00000000a8000000| PB 0x00000000a8000000| Untracked 
| 129|0x00000000a8100000, 0x00000000a8100000, 0x00000000a8200000|  0%| F|  |TAMS 0x00000000a8100000| PB 0x00000000a8100000| Untracked 
| 130|0x00000000a8200000, 0x00000000a8200000, 0x00000000a8300000|  0%| F|  |TAMS 0x00000000a8200000| PB 0x00000000a8200000| Untracked 
| 131|0x00000000a8300000, 0x00000000a8300000, 0x00000000a8400000|  0%| F|  |TAMS 0x00000000a8300000| PB 0x00000000a8300000| Untracked 
| 132|0x00000000a8400000, 0x00000000a8400000, 0x00000000a8500000|  0%| F|  |TAMS 0x00000000a8400000| PB 0x00000000a8400000| Untracked 
| 133|0x00000000a8500000, 0x00000000a8500000, 0x00000000a8600000|  0%| F|  |TAMS 0x00000000a8500000| PB 0x00000000a8500000| Untracked 
| 134|0x00000000a8600000, 0x00000000a8600000, 0x00000000a8700000|  0%| F|  |TAMS 0x00000000a8600000| PB 0x00000000a8600000| Untracked 
| 135|0x00000000a8700000, 0x00000000a8700000, 0x00000000a8800000|  0%| F|  |TAMS 0x00000000a8700000| PB 0x00000000a8700000| Untracked 
| 136|0x00000000a8800000, 0x00000000a8800000, 0x00000000a8900000|  0%| F|  |TAMS 0x00000000a8800000| PB 0x00000000a8800000| Untracked 
| 137|0x00000000a8900000, 0x00000000a8900000, 0x00000000a8a00000|  0%| F|  |TAMS 0x00000000a8900000| PB 0x00000000a8900000| Untracked 
| 138|0x00000000a8a00000, 0x00000000a8a00000, 0x00000000a8b00000|  0%| F|  |TAMS 0x00000000a8a00000| PB 0x00000000a8a00000| Untracked 
| 139|0x00000000a8b00000, 0x00000000a8b00000, 0x00000000a8c00000|  0%| F|  |TAMS 0x00000000a8b00000| PB 0x00000000a8b00000| Untracked 
| 140|0x00000000a8c00000, 0x00000000a8c00000, 0x00000000a8d00000|  0%| F|  |TAMS 0x00000000a8c00000| PB 0x00000000a8c00000| Untracked 
| 141|0x00000000a8d00000, 0x00000000a8d00000, 0x00000000a8e00000|  0%| F|  |TAMS 0x00000000a8d00000| PB 0x00000000a8d00000| Untracked 
| 142|0x00000000a8e00000, 0x00000000a8e00000, 0x00000000a8f00000|  0%| F|  |TAMS 0x00000000a8e00000| PB 0x00000000a8e00000| Untracked 
| 143|0x00000000a8f00000, 0x00000000a8f00000, 0x00000000a9000000|  0%| F|  |TAMS 0x00000000a8f00000| PB 0x00000000a8f00000| Untracked 
| 144|0x00000000a9000000, 0x00000000a9000000, 0x00000000a9100000|  0%| F|  |TAMS 0x00000000a9000000| PB 0x00000000a9000000| Untracked 
| 145|0x00000000a9100000, 0x00000000a9100000, 0x00000000a9200000|  0%| F|  |TAMS 0x00000000a9100000| PB 0x00000000a9100000| Untracked 
| 146|0x00000000a9200000, 0x00000000a9200000, 0x00000000a9300000|  0%| F|  |TAMS 0x00000000a9200000| PB 0x00000000a9200000| Untracked 
| 147|0x00000000a9300000, 0x00000000a9300000, 0x00000000a9400000|  0%| F|  |TAMS 0x00000000a9300000| PB 0x00000000a9300000| Untracked 
| 148|0x00000000a9400000, 0x00000000a9400000, 0x00000000a9500000|  0%| F|  |TAMS 0x00000000a9400000| PB 0x00000000a9400000| Untracked 
| 149|0x00000000a9500000, 0x00000000a9500000, 0x00000000a9600000|  0%| F|  |TAMS 0x00000000a9500000| PB 0x00000000a9500000| Untracked 
| 150|0x00000000a9600000, 0x00000000a9600000, 0x00000000a9700000|  0%| F|  |TAMS 0x00000000a9600000| PB 0x00000000a9600000| Untracked 
| 151|0x00000000a9700000, 0x00000000a9726b68, 0x00000000a9800000| 15%| E|  |TAMS 0x00000000a9700000| PB 0x00000000a9700000| Complete 
| 152|0x00000000a9800000, 0x00000000a9900000, 0x00000000a9900000|100%| E|CS|TAMS 0x00000000a9800000| PB 0x00000000a9800000| Complete 
| 153|0x00000000a9900000, 0x00000000a9a00000, 0x00000000a9a00000|100%| E|CS|TAMS 0x00000000a9900000| PB 0x00000000a9900000| Complete 
| 154|0x00000000a9a00000, 0x00000000a9b00000, 0x00000000a9b00000|100%| E|CS|TAMS 0x00000000a9a00000| PB 0x00000000a9a00000| Complete 
| 155|0x00000000a9b00000, 0x00000000a9c00000, 0x00000000a9c00000|100%| E|CS|TAMS 0x00000000a9b00000| PB 0x00000000a9b00000| Complete 
| 156|0x00000000a9c00000, 0x00000000a9d00000, 0x00000000a9d00000|100%| E|CS|TAMS 0x00000000a9c00000| PB 0x00000000a9c00000| Complete 
| 157|0x00000000a9d00000, 0x00000000a9e00000, 0x00000000a9e00000|100%| E|CS|TAMS 0x00000000a9d00000| PB 0x00000000a9d00000| Complete 
| 158|0x00000000a9e00000, 0x00000000a9f00000, 0x00000000a9f00000|100%| E|CS|TAMS 0x00000000a9e00000| PB 0x00000000a9e00000| Complete 
| 159|0x00000000a9f00000, 0x00000000aa000000, 0x00000000aa000000|100%| E|CS|TAMS 0x00000000a9f00000| PB 0x00000000a9f00000| Complete 
| 160|0x00000000aa000000, 0x00000000aa100000, 0x00000000aa100000|100%| E|CS|TAMS 0x00000000aa000000| PB 0x00000000aa000000| Complete 
| 161|0x00000000aa100000, 0x00000000aa18e040, 0x00000000aa200000| 55%| S|CS|TAMS 0x00000000aa100000| PB 0x00000000aa100000| Complete 
| 162|0x00000000aa200000, 0x00000000aa300000, 0x00000000aa300000|100%| S|CS|TAMS 0x00000000aa200000| PB 0x00000000aa200000| Complete 
| 163|0x00000000aa300000, 0x00000000aa400000, 0x00000000aa400000|100%| S|CS|TAMS 0x00000000aa300000| PB 0x00000000aa300000| Complete 
| 164|0x00000000aa400000, 0x00000000aa500000, 0x00000000aa500000|100%| S|CS|TAMS 0x00000000aa400000| PB 0x00000000aa400000| Complete 
| 165|0x00000000aa500000, 0x00000000aa600000, 0x00000000aa600000|100%| S|CS|TAMS 0x00000000aa500000| PB 0x00000000aa500000| Complete 
| 166|0x00000000aa600000, 0x00000000aa700000, 0x00000000aa700000|100%| S|CS|TAMS 0x00000000aa600000| PB 0x00000000aa600000| Complete 
| 167|0x00000000aa700000, 0x00000000aa800000, 0x00000000aa800000|100%| E|CS|TAMS 0x00000000aa700000| PB 0x00000000aa700000| Complete 
| 168|0x00000000aa800000, 0x00000000aa900000, 0x00000000aa900000|100%| E|CS|TAMS 0x00000000aa800000| PB 0x00000000aa800000| Complete 
| 169|0x00000000aa900000, 0x00000000aaa00000, 0x00000000aaa00000|100%| E|CS|TAMS 0x00000000aa900000| PB 0x00000000aa900000| Complete 
| 170|0x00000000aaa00000, 0x00000000aab00000, 0x00000000aab00000|100%| E|CS|TAMS 0x00000000aaa00000| PB 0x00000000aaa00000| Complete 
| 171|0x00000000aab00000, 0x00000000aac00000, 0x00000000aac00000|100%| E|CS|TAMS 0x00000000aab00000| PB 0x00000000aab00000| Complete 
| 172|0x00000000aac00000, 0x00000000aad00000, 0x00000000aad00000|100%| E|CS|TAMS 0x00000000aac00000| PB 0x00000000aac00000| Complete 
| 173|0x00000000aad00000, 0x00000000aae00000, 0x00000000aae00000|100%| E|CS|TAMS 0x00000000aad00000| PB 0x00000000aad00000| Complete 
| 174|0x00000000aae00000, 0x00000000aaf00000, 0x00000000aaf00000|100%| E|CS|TAMS 0x00000000aae00000| PB 0x00000000aae00000| Complete 
| 175|0x00000000aaf00000, 0x00000000ab000000, 0x00000000ab000000|100%| E|CS|TAMS 0x00000000aaf00000| PB 0x00000000aaf00000| Complete 
| 176|0x00000000ab000000, 0x00000000ab100000, 0x00000000ab100000|100%| E|CS|TAMS 0x00000000ab000000| PB 0x00000000ab000000| Complete 
| 177|0x00000000ab100000, 0x00000000ab200000, 0x00000000ab200000|100%| E|CS|TAMS 0x00000000ab100000| PB 0x00000000ab100000| Complete 
| 178|0x00000000ab200000, 0x00000000ab300000, 0x00000000ab300000|100%| E|CS|TAMS 0x00000000ab200000| PB 0x00000000ab200000| Complete 
| 179|0x00000000ab300000, 0x00000000ab400000, 0x00000000ab400000|100%| E|CS|TAMS 0x00000000ab300000| PB 0x00000000ab300000| Complete 
| 180|0x00000000ab400000, 0x00000000ab500000, 0x00000000ab500000|100%| E|CS|TAMS 0x00000000ab400000| PB 0x00000000ab400000| Complete 
| 181|0x00000000ab500000, 0x00000000ab600000, 0x00000000ab600000|100%| E|CS|TAMS 0x00000000ab500000| PB 0x00000000ab500000| Complete 
| 182|0x00000000ab600000, 0x00000000ab700000, 0x00000000ab700000|100%| E|CS|TAMS 0x00000000ab600000| PB 0x00000000ab600000| Complete 
| 183|0x00000000ab700000, 0x00000000ab800000, 0x00000000ab800000|100%| E|CS|TAMS 0x00000000ab700000| PB 0x00000000ab700000| Complete 
| 184|0x00000000ab800000, 0x00000000ab900000, 0x00000000ab900000|100%| E|CS|TAMS 0x00000000ab800000| PB 0x00000000ab800000| Complete 
| 185|0x00000000ab900000, 0x00000000aba00000, 0x00000000aba00000|100%| E|CS|TAMS 0x00000000ab900000| PB 0x00000000ab900000| Complete 
| 186|0x00000000aba00000, 0x00000000abb00000, 0x00000000abb00000|100%| E|CS|TAMS 0x00000000aba00000| PB 0x00000000aba00000| Complete 
| 187|0x00000000abb00000, 0x00000000abc00000, 0x00000000abc00000|100%| E|CS|TAMS 0x00000000abb00000| PB 0x00000000abb00000| Complete 
| 188|0x00000000abc00000, 0x00000000abd00000, 0x00000000abd00000|100%| E|CS|TAMS 0x00000000abc00000| PB 0x00000000abc00000| Complete 
| 189|0x00000000abd00000, 0x00000000abe00000, 0x00000000abe00000|100%| E|CS|TAMS 0x00000000abd00000| PB 0x00000000abd00000| Complete 
| 190|0x00000000abe00000, 0x00000000abf00000, 0x00000000abf00000|100%| E|CS|TAMS 0x00000000abe00000| PB 0x00000000abe00000| Complete 
| 191|0x00000000abf00000, 0x00000000ac000000, 0x00000000ac000000|100%| E|CS|TAMS 0x00000000abf00000| PB 0x00000000abf00000| Complete 
| 192|0x00000000ac000000, 0x00000000ac100000, 0x00000000ac100000|100%| E|CS|TAMS 0x00000000ac000000| PB 0x00000000ac000000| Complete 
| 193|0x00000000ac100000, 0x00000000ac200000, 0x00000000ac200000|100%| E|CS|TAMS 0x00000000ac100000| PB 0x00000000ac100000| Complete 
| 194|0x00000000ac200000, 0x00000000ac300000, 0x00000000ac300000|100%| E|CS|TAMS 0x00000000ac200000| PB 0x00000000ac200000| Complete 
| 195|0x00000000ac300000, 0x00000000ac400000, 0x00000000ac400000|100%| E|CS|TAMS 0x00000000ac300000| PB 0x00000000ac300000| Complete 
| 196|0x00000000ac400000, 0x00000000ac500000, 0x00000000ac500000|100%| E|CS|TAMS 0x00000000ac400000| PB 0x00000000ac400000| Complete 
| 197|0x00000000ac500000, 0x00000000ac600000, 0x00000000ac600000|100%| E|CS|TAMS 0x00000000ac500000| PB 0x00000000ac500000| Complete 
| 198|0x00000000ac600000, 0x00000000ac700000, 0x00000000ac700000|100%| E|CS|TAMS 0x00000000ac600000| PB 0x00000000ac600000| Complete 
| 199|0x00000000ac700000, 0x00000000ac800000, 0x00000000ac800000|100%| E|CS|TAMS 0x00000000ac700000| PB 0x00000000ac700000| Complete 
| 200|0x00000000ac800000, 0x00000000ac900000, 0x00000000ac900000|100%| E|CS|TAMS 0x00000000ac800000| PB 0x00000000ac800000| Complete 
| 201|0x00000000ac900000, 0x00000000aca00000, 0x00000000aca00000|100%| E|CS|TAMS 0x00000000ac900000| PB 0x00000000ac900000| Complete 
| 202|0x00000000aca00000, 0x00000000acb00000, 0x00000000acb00000|100%| E|CS|TAMS 0x00000000aca00000| PB 0x00000000aca00000| Complete 
| 203|0x00000000acb00000, 0x00000000acc00000, 0x00000000acc00000|100%| E|CS|TAMS 0x00000000acb00000| PB 0x00000000acb00000| Complete 
| 204|0x00000000acc00000, 0x00000000acd00000, 0x00000000acd00000|100%| E|CS|TAMS 0x00000000acc00000| PB 0x00000000acc00000| Complete 
| 205|0x00000000acd00000, 0x00000000ace00000, 0x00000000ace00000|100%| E|CS|TAMS 0x00000000acd00000| PB 0x00000000acd00000| Complete 
| 206|0x00000000ace00000, 0x00000000acf00000, 0x00000000acf00000|100%| E|CS|TAMS 0x00000000ace00000| PB 0x00000000ace00000| Complete 
| 207|0x00000000acf00000, 0x00000000ad000000, 0x00000000ad000000|100%| E|CS|TAMS 0x00000000acf00000| PB 0x00000000acf00000| Complete 
| 208|0x00000000ad000000, 0x00000000ad100000, 0x00000000ad100000|100%| E|CS|TAMS 0x00000000ad000000| PB 0x00000000ad000000| Complete 
| 209|0x00000000ad100000, 0x00000000ad200000, 0x00000000ad200000|100%| E|CS|TAMS 0x00000000ad100000| PB 0x00000000ad100000| Complete 
| 210|0x00000000ad200000, 0x00000000ad300000, 0x00000000ad300000|100%| E|CS|TAMS 0x00000000ad200000| PB 0x00000000ad200000| Complete 
| 211|0x00000000ad300000, 0x00000000ad400000, 0x00000000ad400000|100%| E|CS|TAMS 0x00000000ad300000| PB 0x00000000ad300000| Complete 
| 212|0x00000000ad400000, 0x00000000ad500000, 0x00000000ad500000|100%| E|CS|TAMS 0x00000000ad400000| PB 0x00000000ad400000| Complete 
| 213|0x00000000ad500000, 0x00000000ad600000, 0x00000000ad600000|100%| E|CS|TAMS 0x00000000ad500000| PB 0x00000000ad500000| Complete 
|1531|0x00000000ffb00000, 0x00000000ffc00000, 0x00000000ffc00000|100%| O|  |TAMS 0x00000000ffb00000| PB 0x00000000ffb00000| Untracked 
|1532|0x00000000ffc00000, 0x00000000ffd00000, 0x00000000ffd00000|100%| E|CS|TAMS 0x00000000ffc00000| PB 0x00000000ffc00000| Complete 
|1533|0x00000000ffd00000, 0x00000000ffe00000, 0x00000000ffe00000|100%| O|  |TAMS 0x00000000ffd00000| PB 0x00000000ffd00000| Untracked 
|1534|0x00000000ffe00000, 0x00000000fff00000, 0x00000000fff00000|100%| O|  |TAMS 0x00000000ffe00000| PB 0x00000000ffe00000| Untracked 
|1535|0x00000000fff00000, 0x0000000100000000, 0x0000000100000000|100%| O|  |TAMS 0x00000000fff00000| PB 0x00000000fff00000| Untracked 

Card table byte_map: [0x0000021e3ba90000,0x0000021e3bd90000] _byte_map_base: 0x0000021e3b590000

Marking Bits: (CMBitMap*) 0x0000021e23df4d80
 Bits: [0x0000021e3bd90000, 0x0000021e3d590000)

Polling page: 0x0000021e21d30000

Metaspace:

Usage:
  Non-class:     87.41 MB used.
      Class:     13.57 MB used.
       Both:    100.99 MB used.

Virtual space:
  Non-class space:      128.00 MB reserved,      88.56 MB ( 69%) committed,  2 nodes.
      Class space:        1.00 GB reserved,      14.75 MB (  1%) committed,  1 nodes.
             Both:        1.12 GB reserved,     103.31 MB (  9%) committed. 

Chunk freelists:
   Non-Class:  7.08 MB
       Class:  1.29 MB
        Both:  8.37 MB

MaxMetaspaceSize: unlimited
CompressedClassSpaceSize: 1.00 GB
Initial GC threshold: 21.00 MB
Current GC threshold: 164.69 MB
CDS: off
 - commit_granule_bytes: 65536.
 - commit_granule_words: 8192.
 - virtual_space_node_default_size: 8388608.
 - enlarge_chunks_in_place: 1.
 - use_allocation_guard: 0.


Internal statistics:

num_allocs_failed_limit: 6.
num_arena_births: 4078.
num_arena_deaths: 52.
num_vsnodes_births: 3.
num_vsnodes_deaths: 0.
num_space_committed: 1653.
num_space_uncommitted: 0.
num_chunks_returned_to_freelist: 87.
num_chunks_taken_from_freelist: 8627.
num_chunk_merges: 33.
num_chunk_splits: 5555.
num_chunks_enlarged: 3470.
num_inconsistent_stats: 0.

CodeHeap 'non-profiled nmethods': size=120000Kb used=8069Kb max_used=8069Kb free=111930Kb
 bounds [0x0000021e33d10000, 0x0000021e34500000, 0x0000021e3b240000]
CodeHeap 'profiled nmethods': size=120000Kb used=22791Kb max_used=22791Kb free=97208Kb
 bounds [0x0000021e2c240000, 0x0000021e2d890000, 0x0000021e33770000]
CodeHeap 'non-nmethods': size=5760Kb used=2883Kb max_used=2955Kb free=2877Kb
 bounds [0x0000021e33770000, 0x0000021e33a60000, 0x0000021e33d10000]
 total_blobs=13241 nmethods=12264 adapters=880
 compilation: enabled
              stopped_count=0, restarted_count=0
 full_count=0

Compilation events (20 events):
Event: 35.213 Thread 0x0000021e40290300 nmethod 14528 0x0000021e2d874a90 code [0x0000021e2d874c40, 0x0000021e2d874e68]
Event: 35.213 Thread 0x0000021e40290300 14529       3       org.gradle.api.internal.file.copy.DefaultCopySpec::buildResolverRelativeToParent (11 bytes)
Event: 35.213 Thread 0x0000021e40290300 nmethod 14529 0x0000021e2d874f10 code [0x0000021e2d8750c0, 0x0000021e2d875400]
Event: 35.216 Thread 0x0000021e40290300 14531       3       org.gradle.api.tasks.AbstractCopyTask::from (13 bytes)
Event: 35.217 Thread 0x0000021e40290300 nmethod 14531 0x0000021e2d875590 code [0x0000021e2d875760, 0x0000021e2d8759f8]
Event: 35.218 Thread 0x0000021e40290300 14532       3       com.android.build.gradle.internal.res.LinkApplicationAndroidResourcesTask_Decorated::$gradleFactory (13 bytes)
Event: 35.218 Thread 0x0000021e40290300 nmethod 14532 0x0000021e2d875b10 code [0x0000021e2d875cc0, 0x0000021e2d875e68]
Event: 35.219 Thread 0x0000021e40290300 14533       1       com.android.build.gradle.tasks.ProcessLibraryManifest_Decorated::getModelIdentityDisplayName (5 bytes)
Event: 35.219 Thread 0x0000021e40290300 nmethod 14533 0x0000021e344e9090 code [0x0000021e344e9220, 0x0000021e344e92f0]
Event: 35.222 Thread 0x0000021e40290300 14534       1       com.android.build.gradle.internal.tasks.StripDebugSymbolsTask_Decorated::getModelIdentityDisplayName (5 bytes)
Event: 35.222 Thread 0x0000021e40290300 nmethod 14534 0x0000021e344e9390 code [0x0000021e344e9520, 0x0000021e344e95f0]
Event: 35.223 Thread 0x0000021e40290300 14535       3       org.gradle.internal.deprecation.DeprecationMessageBuilder$WithDocumentation::nagUser (10 bytes)
Event: 35.223 Thread 0x0000021e40290300 nmethod 14535 0x0000021e2d875f10 code [0x0000021e2d8760c0, 0x0000021e2d876208]
Event: 35.229 Thread 0x0000021e40290300 14536       3       com.android.build.gradle.internal.dsl.CommonExtensionImpl::getCompileSdkVersion (5 bytes)
Event: 35.229 Thread 0x0000021e40290300 nmethod 14536 0x0000021e2d876290 code [0x0000021e2d876440, 0x0000021e2d876600]
Event: 35.230 Thread 0x0000021e40290300 14537       3       org.gradle.api.internal.WithEstimatedSize$Estimates::estimateSizeOf (34 bytes)
Event: 35.231 Thread 0x0000021e40290300 nmethod 14537 0x0000021e2d876690 code [0x0000021e2d8768a0, 0x0000021e2d876f48]
Event: 35.231 Thread 0x0000021e40290300 14538       3       org.gradle.api.internal.WithEstimatedSize$Estimates::isKnownToHaveConstantTimeSizeMethod (33 bytes)
Event: 35.231 Thread 0x0000021e40290300 nmethod 14538 0x0000021e2d877090 code [0x0000021e2d877240, 0x0000021e2d877488]
Event: 35.232 Thread 0x0000021e40290300 14540       3       com.android.build.api.variant.impl.LayeredSourceDirectoriesImpl::addStaticSources$gradle_core (136 bytes)

GC Heap History (20 events):
Event: 24.812 GC heap before
{Heap before GC invocations=36 (full 0):
 garbage-first heap   total 147456K, used 117037K [0x00000000a0000000, 0x0000000100000000)
  region size 1024K, 38 young (38912K), 6 survivors (6144K)
 Metaspace       used 81615K, committed 83648K, reserved 1179648K
  class space    used 10747K, committed 11776K, reserved 1048576K
}
Event: 24.819 GC heap after
{Heap after GC invocations=37 (full 0):
 garbage-first heap   total 147456K, used 87505K [0x00000000a0000000, 0x0000000100000000)
  region size 1024K, 4 young (4096K), 4 survivors (4096K)
 Metaspace       used 81615K, committed 83648K, reserved 1179648K
  class space    used 10747K, committed 11776K, reserved 1048576K
}
Event: 26.726 GC heap before
{Heap before GC invocations=37 (full 0):
 garbage-first heap   total 147456K, used 132561K [0x00000000a0000000, 0x0000000100000000)
  region size 1024K, 48 young (49152K), 4 survivors (4096K)
 Metaspace       used 85027K, committed 87104K, reserved 1179648K
  class space    used 11284K, committed 12352K, reserved 1048576K
}
Event: 26.731 GC heap after
{Heap after GC invocations=38 (full 0):
 garbage-first heap   total 147456K, used 88731K [0x00000000a0000000, 0x0000000100000000)
  region size 1024K, 5 young (5120K), 5 survivors (5120K)
 Metaspace       used 85027K, committed 87104K, reserved 1179648K
  class space    used 11284K, committed 12352K, reserved 1048576K
}
Event: 27.659 GC heap before
{Heap before GC invocations=38 (full 0):
 garbage-first heap   total 147456K, used 133787K [0x00000000a0000000, 0x0000000100000000)
  region size 1024K, 49 young (50176K), 5 survivors (5120K)
 Metaspace       used 88635K, committed 90816K, reserved 1179648K
  class space    used 11895K, committed 12992K, reserved 1048576K
}
Event: 27.666 GC heap after
{Heap after GC invocations=39 (full 0):
 garbage-first heap   total 147456K, used 90806K [0x00000000a0000000, 0x0000000100000000)
  region size 1024K, 4 young (4096K), 4 survivors (4096K)
 Metaspace       used 88635K, committed 90816K, reserved 1179648K
  class space    used 11895K, committed 12992K, reserved 1048576K
}
Event: 28.774 GC heap before
{Heap before GC invocations=40 (full 0):
 garbage-first heap   total 158720K, used 133814K [0x00000000a0000000, 0x0000000100000000)
  region size 1024K, 45 young (46080K), 4 survivors (4096K)
 Metaspace       used 89689K, committed 91840K, reserved 1179648K
  class space    used 12005K, committed 13120K, reserved 1048576K
}
Event: 28.781 GC heap after
{Heap after GC invocations=41 (full 0):
 garbage-first heap   total 158720K, used 96931K [0x00000000a0000000, 0x0000000100000000)
  region size 1024K, 6 young (6144K), 6 survivors (6144K)
 Metaspace       used 89689K, committed 91840K, reserved 1179648K
  class space    used 12005K, committed 13120K, reserved 1048576K
}
Event: 29.619 GC heap before
{Heap before GC invocations=41 (full 0):
 garbage-first heap   total 158720K, used 145059K [0x00000000a0000000, 0x0000000100000000)
  region size 1024K, 51 young (52224K), 6 survivors (6144K)
 Metaspace       used 91338K, committed 93504K, reserved 1179648K
  class space    used 12271K, committed 13376K, reserved 1048576K
}
Event: 29.629 GC heap after
{Heap after GC invocations=42 (full 0):
 garbage-first heap   total 162816K, used 105670K [0x00000000a0000000, 0x0000000100000000)
  region size 1024K, 7 young (7168K), 7 survivors (7168K)
 Metaspace       used 91338K, committed 93504K, reserved 1179648K
  class space    used 12271K, committed 13376K, reserved 1048576K
}
Event: 30.548 GC heap before
{Heap before GC invocations=42 (full 0):
 garbage-first heap   total 162816K, used 145606K [0x00000000a0000000, 0x0000000100000000)
  region size 1024K, 46 young (47104K), 7 survivors (7168K)
 Metaspace       used 92102K, committed 94464K, reserved 1179648K
  class space    used 12331K, committed 13504K, reserved 1048576K
}
Event: 30.557 GC heap after
{Heap after GC invocations=43 (full 0):
 garbage-first heap   total 162816K, used 112498K [0x00000000a0000000, 0x0000000100000000)
  region size 1024K, 6 young (6144K), 6 survivors (6144K)
 Metaspace       used 92102K, committed 94464K, reserved 1179648K
  class space    used 12331K, committed 13504K, reserved 1048576K
}
Event: 31.359 GC heap before
{Heap before GC invocations=44 (full 0):
 garbage-first heap   total 194560K, used 146290K [0x00000000a0000000, 0x0000000100000000)
  region size 1024K, 39 young (39936K), 6 survivors (6144K)
 Metaspace       used 92576K, committed 94976K, reserved 1179648K
  class space    used 12384K, committed 13568K, reserved 1048576K
}
Event: 31.367 GC heap after
{Heap after GC invocations=45 (full 0):
 garbage-first heap   total 194560K, used 118056K [0x00000000a0000000, 0x0000000100000000)
  region size 1024K, 5 young (5120K), 5 survivors (5120K)
 Metaspace       used 92576K, committed 94976K, reserved 1179648K
  class space    used 12384K, committed 13568K, reserved 1048576K
}
Event: 32.495 GC heap before
{Heap before GC invocations=45 (full 0):
 garbage-first heap   total 194560K, used 174376K [0x00000000a0000000, 0x0000000100000000)
  region size 1024K, 59 young (60416K), 5 survivors (5120K)
 Metaspace       used 95778K, committed 98112K, reserved 1179648K
  class space    used 12879K, committed 14016K, reserved 1048576K
}
Event: 32.504 GC heap after
{Heap after GC invocations=46 (full 0):
 garbage-first heap   total 194560K, used 124392K [0x00000000a0000000, 0x0000000100000000)
  region size 1024K, 6 young (6144K), 6 survivors (6144K)
 Metaspace       used 95778K, committed 98112K, reserved 1179648K
  class space    used 12879K, committed 14016K, reserved 1048576K
}
Event: 33.276 GC heap before
{Heap before GC invocations=46 (full 0):
 garbage-first heap   total 194560K, used 175592K [0x00000000a0000000, 0x0000000100000000)
  region size 1024K, 56 young (57344K), 6 survivors (6144K)
 Metaspace       used 98563K, committed 100928K, reserved 1179648K
  class space    used 13258K, committed 14400K, reserved 1048576K
}
Event: 33.283 GC heap after
{Heap after GC invocations=47 (full 0):
 garbage-first heap   total 194560K, used 127811K [0x00000000a0000000, 0x0000000100000000)
  region size 1024K, 4 young (4096K), 4 survivors (4096K)
 Metaspace       used 98563K, committed 100928K, reserved 1179648K
  class space    used 13258K, committed 14400K, reserved 1048576K
}
Event: 34.196 GC heap before
{Heap before GC invocations=48 (full 0):
 garbage-first heap   total 224256K, used 176963K [0x00000000a0000000, 0x0000000100000000)
  region size 1024K, 52 young (53248K), 4 survivors (4096K)
 Metaspace       used 102580K, committed 104960K, reserved 1179648K
  class space    used 13798K, committed 14976K, reserved 1048576K
}
Event: 34.203 GC heap after
{Heap after GC invocations=49 (full 0):
 garbage-first heap   total 224256K, used 129847K [0x00000000a0000000, 0x0000000100000000)
  region size 1024K, 6 young (6144K), 6 survivors (6144K)
 Metaspace       used 102580K, committed 104960K, reserved 1179648K
  class space    used 13798K, committed 14976K, reserved 1048576K
}

Dll operation events (15 events):
Event: 0.075 Loaded shared library C:\Program Files\Java\jdk-21\bin\java.dll
Event: 3.809 Loaded shared library C:\Program Files\Java\jdk-21\bin\jsvml.dll
Event: 4.408 Loaded shared library C:\Program Files\Java\jdk-21\bin\zip.dll
Event: 4.424 Loaded shared library C:\Program Files\Java\jdk-21\bin\instrument.dll
Event: 4.478 Loaded shared library C:\Program Files\Java\jdk-21\bin\net.dll
Event: 4.493 Loaded shared library C:\Program Files\Java\jdk-21\bin\nio.dll
Event: 4.546 Loaded shared library C:\Program Files\Java\jdk-21\bin\zip.dll
Event: 5.890 Loaded shared library C:\Program Files\Java\jdk-21\bin\jimage.dll
Event: 6.059 Loaded shared library C:\Program Files\Java\jdk-21\bin\verify.dll
Event: 6.616 Loaded shared library C:\Users\Excel\.gradle\native\c067742578af261105cb4f569cf0c3c89f3d7b1fecec35dd04571415982c5e48\windows-amd64\native-platform.dll
Event: 6.644 Loaded shared library C:\Users\Excel\.gradle\native\38dada09dfb8b06ba9b0570ebf7e218e3eb74d4ef43ca46872605cf95ebc2f47\windows-amd64\native-platform-file-events.dll
Event: 8.529 Loaded shared library C:\Program Files\Java\jdk-21\bin\management.dll
Event: 8.536 Loaded shared library C:\Program Files\Java\jdk-21\bin\management_ext.dll
Event: 9.106 Loaded shared library C:\Program Files\Java\jdk-21\bin\extnet.dll
Event: 9.421 Loaded shared library C:\Program Files\Java\jdk-21\bin\sunmscapi.dll

Deoptimization events (20 events):
Event: 34.752 Thread 0x0000021e40497740 DEOPT PACKING pc=0x0000021e2d7a1e29 sp=0x000000d0457f9120
Event: 34.752 Thread 0x0000021e40497740 DEOPT UNPACKING pc=0x0000021e337c4e42 sp=0x000000d0457f8620 mode 0
Event: 34.964 Thread 0x0000021e40497740 Uncommon trap: trap_request=0xffffffc6 fr.pc=0x0000021e33f87e18 relative=0x0000000000000078
Event: 34.964 Thread 0x0000021e40497740 Uncommon trap: reason=bimorphic_or_optimized_type_check action=maybe_recompile pc=0x0000021e33f87e18 method=java.util.stream.StreamOpFlag.fromCharacteristics(Ljava/util/Spliterator;)I @ 14 c2
Event: 34.964 Thread 0x0000021e40497740 DEOPT PACKING pc=0x0000021e33f87e18 sp=0x000000d0457fb0d0
Event: 34.964 Thread 0x0000021e40497740 DEOPT UNPACKING pc=0x0000021e337c46a2 sp=0x000000d0457fb068 mode 2
Event: 34.976 Thread 0x0000021e40497740 DEOPT PACKING pc=0x0000021e2d741aa8 sp=0x000000d0457faa70
Event: 34.977 Thread 0x0000021e40497740 DEOPT UNPACKING pc=0x0000021e337c4e42 sp=0x000000d0457f9f18 mode 0
Event: 35.021 Thread 0x0000021e40497740 DEOPT PACKING pc=0x0000021e2d719404 sp=0x000000d0457faaa0
Event: 35.021 Thread 0x0000021e40497740 DEOPT UNPACKING pc=0x0000021e337c4e42 sp=0x000000d0457f9f28 mode 0
Event: 35.067 Thread 0x0000021e40497740 DEOPT PACKING pc=0x0000021e2d741aa8 sp=0x000000d0457faa70
Event: 35.067 Thread 0x0000021e40497740 DEOPT UNPACKING pc=0x0000021e337c4e42 sp=0x000000d0457f9f18 mode 0
Event: 35.128 Thread 0x0000021e40497740 DEOPT PACKING pc=0x0000021e2d719404 sp=0x000000d0457faaa0
Event: 35.128 Thread 0x0000021e40497740 DEOPT UNPACKING pc=0x0000021e337c4e42 sp=0x000000d0457f9f28 mode 0
Event: 35.145 Thread 0x0000021e40497740 DEOPT PACKING pc=0x0000021e2d741aa8 sp=0x000000d0457faa70
Event: 35.145 Thread 0x0000021e40497740 DEOPT UNPACKING pc=0x0000021e337c4e42 sp=0x000000d0457f9f18 mode 0
Event: 35.171 Thread 0x0000021e40497740 DEOPT PACKING pc=0x0000021e2d719404 sp=0x000000d0457faaa0
Event: 35.171 Thread 0x0000021e40497740 DEOPT UNPACKING pc=0x0000021e337c4e42 sp=0x000000d0457f9f28 mode 0
Event: 35.231 Thread 0x0000021e40497740 DEOPT PACKING pc=0x0000021e2d741aa8 sp=0x000000d0457faa70
Event: 35.231 Thread 0x0000021e40497740 DEOPT UNPACKING pc=0x0000021e337c4e42 sp=0x000000d0457f9f18 mode 0

Classes loaded (20 events):
Event: 33.911 Loading class java/net/URL$2
Event: 33.912 Loading class java/net/URL$2 done
Event: 33.912 Loading class java/net/URL$1
Event: 33.912 Loading class java/net/URL$1 done
Event: 33.912 Loading class java/net/spi/URLStreamHandlerProvider
Event: 33.912 Loading class java/net/spi/URLStreamHandlerProvider done
Event: 33.916 Loading class sun/net/www/protocol/http/Handler
Event: 33.916 Loading class sun/net/www/protocol/http/Handler done
Event: 33.919 Loading class javax/crypto/JceSecurity$WeakIdentityWrapper
Event: 33.919 Loading class javax/crypto/JceSecurity$WeakIdentityWrapper done
Event: 33.919 Loading class javax/crypto/JceSecurity$2
Event: 33.919 Loading class javax/crypto/JceSecurity$2 done
Event: 33.919 Loading class javax/crypto/JceSecurity$3
Event: 33.920 Loading class javax/crypto/JceSecurity$3 done
Event: 33.920 Loading class javax/crypto/ProviderVerifier
Event: 33.920 Loading class javax/crypto/ProviderVerifier done
Event: 33.920 Loading class javax/crypto/ProviderVerifier$1
Event: 33.920 Loading class javax/crypto/ProviderVerifier$1 done
Event: 34.003 Loading class java/security/cert/CertificateEncodingException
Event: 34.003 Loading class java/security/cert/CertificateEncodingException done

Classes unloaded (20 events):
Event: 22.686 Thread 0x0000021e4021f250 Unloading class 0x000000010097a400 'java/lang/invoke/LambdaForm$DMH+0x000000010097a400'
Event: 22.686 Thread 0x0000021e4021f250 Unloading class 0x000000010097a000 'java/lang/invoke/LambdaForm$DMH+0x000000010097a000'
Event: 22.686 Thread 0x0000021e4021f250 Unloading class 0x0000000100979c00 'java/lang/invoke/LambdaForm$DMH+0x0000000100979c00'
Event: 22.686 Thread 0x0000021e4021f250 Unloading class 0x0000000100979800 'java/lang/invoke/LambdaForm$DMH+0x0000000100979800'
Event: 22.686 Thread 0x0000021e4021f250 Unloading class 0x0000000100979000 'java/lang/invoke/LambdaForm$DMH+0x0000000100979000'
Event: 22.686 Thread 0x0000021e4021f250 Unloading class 0x0000000100979400 'java/lang/invoke/LambdaForm$DMH+0x0000000100979400'
Event: 22.686 Thread 0x0000021e4021f250 Unloading class 0x0000000100978800 'java/lang/invoke/LambdaForm$DMH+0x0000000100978800'
Event: 22.686 Thread 0x0000021e4021f250 Unloading class 0x0000000100978400 'java/lang/invoke/LambdaForm$DMH+0x0000000100978400'
Event: 22.686 Thread 0x0000021e4021f250 Unloading class 0x0000000100978c00 'java/lang/invoke/LambdaForm$DMH+0x0000000100978c00'
Event: 22.686 Thread 0x0000021e4021f250 Unloading class 0x000000010096ac00 'java/lang/invoke/LambdaForm$DMH+0x000000010096ac00'
Event: 22.686 Thread 0x0000021e4021f250 Unloading class 0x000000010096a800 'java/lang/invoke/LambdaForm$DMH+0x000000010096a800'
Event: 22.686 Thread 0x0000021e4021f250 Unloading class 0x0000000100969c00 'java/lang/invoke/LambdaForm$DMH+0x0000000100969c00'
Event: 22.686 Thread 0x0000021e4021f250 Unloading class 0x000000010096a000 'java/lang/invoke/LambdaForm$DMH+0x000000010096a000'
Event: 22.686 Thread 0x0000021e4021f250 Unloading class 0x0000000100969000 'java/lang/invoke/LambdaForm$DMH+0x0000000100969000'
Event: 22.686 Thread 0x0000021e4021f250 Unloading class 0x0000000100969400 'java/lang/invoke/LambdaForm$DMH+0x0000000100969400'
Event: 22.686 Thread 0x0000021e4021f250 Unloading class 0x000000010096a400 'java/lang/invoke/LambdaForm$DMH+0x000000010096a400'
Event: 22.686 Thread 0x0000021e4021f250 Unloading class 0x0000000100968c00 'java/lang/invoke/LambdaForm$DMH+0x0000000100968c00'
Event: 22.686 Thread 0x0000021e4021f250 Unloading class 0x0000000100968400 'java/lang/invoke/LambdaForm$DMH+0x0000000100968400'
Event: 22.686 Thread 0x0000021e4021f250 Unloading class 0x0000000100968800 'java/lang/invoke/LambdaForm$DMH+0x0000000100968800'
Event: 22.686 Thread 0x0000021e4021f250 Unloading class 0x0000000100969800 'java/lang/invoke/LambdaForm$DMH+0x0000000100969800'

Classes redefined (0 events):
No events

Internal exceptions (20 events):
Event: 31.853 Thread 0x0000021e40a44760 Exception <a 'java/lang/NoSuchMethodError'{0x00000000aa087268}: static Lorg/gradle/tooling/internal/provider/PhasedBuildActionResult;.<clinit>()V> (0x00000000aa087268) 
thrown [s\open\src\hotspot\share\prims\jni.cpp, line 1111]
Event: 31.854 Thread 0x0000021e40a44760 Exception <a 'java/lang/NoSuchMethodError'{0x00000000aa08f2a8}: static Lorg/gradle/tooling/internal/provider/serialization/SerializedPayload;.<clinit>()V> (0x00000000aa08f2a8) 
thrown [s\open\src\hotspot\share\prims\jni.cpp, line 1111]
Event: 32.036 Thread 0x0000021e47f2b860 Implicit null exception at 0x0000021e343a385c to 0x0000021e343a423a
Event: 32.056 Thread 0x0000021e47f2b860 Exception <a 'java/lang/NoSuchMethodError'{0x00000000a9769308}: 'java.lang.Object java.lang.invoke.DirectMethodHandle$Holder.invokeVirtual(java.lang.Object, java.lang.Object, java.lang.Object, java.lang.Object, java.lang.Object, java.lang.Object, java.lang.Object, java.lang.Object, java.lang.Object, java.lang.Object, java.lang.Object, java.lang.Object, java.lang.Object, java.lang.Object, java.lang.Object, java.lang.Object, java.lang.Object, java.lang.Object, java.lang.Object, java.lang.Object, java.lang.Ob
Event: 32.056 Thread 0x0000021e47f2b860 Exception <a 'java/lang/NoSuchMethodError'{0x00000000a976e968}: 'java.lang.Object java.lang.invoke.DelegatingMethodHandle$Holder.reinvoke_L(java.lang.Object, java.lang.Object, java.lang.Object, java.lang.Object, java.lang.Object, java.lang.Object, java.lang.Object, java.lang.Object, java.lang.Object, java.lang.Object, java.lang.Object, java.lang.Object, java.lang.Object, java.lang.Object, java.lang.Object, java.lang.Object, java.lang.Object, java.lang.Object, java.lang.Object, java.lang.Object, java.lang.O
Event: 32.073 Thread 0x0000021e40a44760 Exception <a 'java/lang/NoSuchMethodError'{0x00000000a9db0fd0}: static Lorg/gradle/internal/build/event/types/DefaultTaskStartedProgressEvent;.<clinit>()V> (0x00000000a9db0fd0) 
thrown [s\open\src\hotspot\share\prims\jni.cpp, line 1111]
Event: 32.074 Thread 0x0000021e40a44760 Exception <a 'java/lang/NoSuchMethodError'{0x00000000a9dba590}: static Lorg/gradle/internal/build/event/types/DefaultTaskDescriptor;.<clinit>()V> (0x00000000a9dba590) 
thrown [s\open\src\hotspot\share\prims\jni.cpp, line 1111]
Event: 32.083 Thread 0x0000021e40a44760 Exception <a 'java/lang/NoSuchMethodError'{0x00000000a967ca38}: static Lorg/gradle/internal/build/event/types/DefaultTaskFinishedProgressEvent;.<clinit>()V> (0x00000000a967ca38) 
thrown [s\open\src\hotspot\share\prims\jni.cpp, line 1111]
Event: 32.085 Thread 0x0000021e40a44760 Exception <a 'java/lang/NoSuchMethodError'{0x00000000a96bcde8}: static Lorg/gradle/internal/build/event/types/DefaultTaskSuccessResult;.<clinit>()V> (0x00000000a96bcde8) 
thrown [s\open\src\hotspot\share\prims\jni.cpp, line 1111]
Event: 32.085 Thread 0x0000021e40a44760 Exception <a 'java/lang/NoSuchMethodError'{0x00000000a96be0a0}: static Lorg/gradle/internal/build/event/types/AbstractTaskResult;.<clinit>()V> (0x00000000a96be0a0) 
thrown [s\open\src\hotspot\share\prims\jni.cpp, line 1111]
Event: 32.101 Thread 0x0000021e40497740 Exception <a 'java/lang/NoSuchMethodError'{0x00000000a9df1c78}: 'java.lang.Object java.lang.invoke.DirectMethodHandle$Holder.invokeStatic(java.lang.Object, int, java.lang.Object)'> (0x00000000a9df1c78) 
thrown [s\open\src\hotspot\share\interpreter\linkResolver.cpp, line 773]
Event: 32.652 Thread 0x0000021e40497740 Implicit null exception at 0x0000021e3444bd3e to 0x0000021e3444be0c
Event: 33.164 Thread 0x0000021e40497740 Implicit null exception at 0x0000021e344847b7 to 0x0000021e344849d4
Event: 33.164 Thread 0x0000021e40497740 Implicit null exception at 0x0000021e34484347 to 0x0000021e34484477
Event: 33.187 Thread 0x0000021e40497740 Implicit null exception at 0x0000021e34487bed to 0x0000021e344880a8
Event: 33.320 Thread 0x0000021e40497740 Implicit null exception at 0x0000021e34495f06 to 0x0000021e3449607c
Event: 33.497 Thread 0x0000021e40497740 Implicit null exception at 0x0000021e344908db to 0x0000021e34490d58
Event: 33.556 Thread 0x0000021e40497740 Exception <a 'java/lang/NoSuchMethodError'{0x00000000acf966d0}: 'java.lang.Object java.lang.invoke.DirectMethodHandle$Holder.invokeVirtual(java.lang.Object, java.lang.Object, java.lang.Object, java.lang.Object, java.lang.Object, java.lang.Object, java.lang.Object, java.lang.Object, java.lang.Object, java.lang.Object, java.lang.Object, java.lang.Object, java.lang.Object, java.lang.Object, java.lang.Object, java.lang.Object)'> (0x00000000acf966d0) 
thrown [s\open\src\hotspot\share\interpreter\linkResolver.cp
Event: 33.893 Thread 0x0000021e40497740 Exception <a 'sun/nio/fs/WindowsException'{0x00000000abd21968}> (0x00000000abd21968) 
thrown [s\open\src\hotspot\share\prims\jni.cpp, line 520]
Event: 34.010 Thread 0x0000021e40497740 Implicit null exception at 0x0000021e341d9c4c to 0x0000021e341d9db8

ZGC Phase Switch (0 events):
No events

VM Operations (20 events):
Event: 32.840 Executing VM operation: HandshakeAllThreads (Deoptimize) done
Event: 33.237 Executing VM operation: HandshakeAllThreads (Deoptimize)
Event: 33.237 Executing VM operation: HandshakeAllThreads (Deoptimize) done
Event: 33.276 Executing VM operation: G1CollectForAllocation (G1 Evacuation Pause)
Event: 33.283 Executing VM operation: G1CollectForAllocation (G1 Evacuation Pause) done
Event: 33.384 Executing VM operation: G1PauseRemark
Event: 33.396 Executing VM operation: G1PauseRemark done
Event: 33.461 Executing VM operation: G1PauseCleanup
Event: 33.461 Executing VM operation: G1PauseCleanup done
Event: 33.900 Executing VM operation: HandshakeAllThreads (Deoptimize)
Event: 33.901 Executing VM operation: HandshakeAllThreads (Deoptimize) done
Event: 33.914 Executing VM operation: HandshakeAllThreads (Deoptimize)
Event: 33.915 Executing VM operation: HandshakeAllThreads (Deoptimize) done
Event: 33.918 Executing VM operation: HandshakeAllThreads (Deoptimize)
Event: 33.918 Executing VM operation: HandshakeAllThreads (Deoptimize) done
Event: 34.194 Executing VM operation: G1CollectForAllocation (G1 Evacuation Pause)
Event: 34.203 Executing VM operation: G1CollectForAllocation (G1 Evacuation Pause) done
Event: 34.660 Executing VM operation: ICBufferFull
Event: 34.660 Executing VM operation: ICBufferFull done
Event: 35.666 Executing VM operation: Cleanup

Events (20 events):
Event: 33.393 Thread 0x0000021e4021f250 flushing nmethod 0x0000021e2d17a690
Event: 33.393 Thread 0x0000021e4021f250 flushing nmethod 0x0000021e2c248d10
Event: 33.393 Thread 0x0000021e4021f250 flushing nmethod 0x0000021e2c289d10
Event: 33.393 Thread 0x0000021e4021f250 flushing nmethod 0x0000021e2c300610
Event: 33.393 Thread 0x0000021e4021f250 flushing nmethod 0x0000021e2c304f10
Event: 33.393 Thread 0x0000021e4021f250 flushing nmethod 0x0000021e2c3b6010
Event: 33.393 Thread 0x0000021e4021f250 flushing nmethod 0x0000021e2c3b7790
Event: 33.393 Thread 0x0000021e4021f250 flushing nmethod 0x0000021e2c3ba410
Event: 33.393 Thread 0x0000021e4021f250 flushing nmethod 0x0000021e2c469010
Event: 33.393 Thread 0x0000021e4021f250 flushing nmethod 0x0000021e2c6d7090
Event: 33.393 Thread 0x0000021e4021f250 flushing nmethod 0x0000021e2c9a5d10
Event: 33.393 Thread 0x0000021e4021f250 flushing nmethod 0x0000021e2cc61490
Event: 33.393 Thread 0x0000021e4021f250 flushing nmethod 0x0000021e2cc96090
Event: 33.393 Thread 0x0000021e4021f250 flushing nmethod 0x0000021e2cded610
Event: 33.393 Thread 0x0000021e4021f250 flushing nmethod 0x0000021e2cdedf90
Event: 33.393 Thread 0x0000021e4021f250 flushing nmethod 0x0000021e2cdee890
Event: 33.393 Thread 0x0000021e4021f250 flushing nmethod 0x0000021e2ce28790
Event: 33.393 Thread 0x0000021e4021f250 flushing nmethod 0x0000021e2d223e90
Event: 33.867 Thread 0x0000021e477ae270 Thread exited: 0x0000021e477ae270
Event: 34.434 Thread 0x0000021e48713b40 Thread added: 0x0000021e48713b40


Dynamic libraries:
0x00007ff63d7d0000 - 0x00007ff63d7e0000 	C:\Program Files\Java\jdk-21\bin\java.exe
0x00007ffe47620000 - 0x00007ffe47888000 	C:\WINDOWS\SYSTEM32\ntdll.dll
0x00007ffe46cc0000 - 0x00007ffe46d89000 	C:\WINDOWS\System32\KERNEL32.DLL
0x00007ffe44c20000 - 0x00007ffe45011000 	C:\WINDOWS\System32\KERNELBASE.dll
0x00007ffe44080000 - 0x00007ffe441cb000 	C:\WINDOWS\System32\ucrtbase.dll
0x00007ffe233b0000 - 0x00007ffe233c9000 	C:\Program Files\Java\jdk-21\bin\jli.dll
0x00007ffe23390000 - 0x00007ffe233ab000 	C:\Program Files\Java\jdk-21\bin\VCRUNTIME140.dll
0x00007ffe46720000 - 0x00007ffe467d4000 	C:\WINDOWS\System32\ADVAPI32.dll
0x00007ffe456d0000 - 0x00007ffe45779000 	C:\WINDOWS\System32\msvcrt.dll
0x00007ffe473c0000 - 0x00007ffe47466000 	C:\WINDOWS\System32\sechost.dll
0x00007ffe47280000 - 0x00007ffe47398000 	C:\WINDOWS\System32\RPCRT4.dll
0x00007ffe453c0000 - 0x00007ffe45586000 	C:\WINDOWS\System32\USER32.dll
0x00007ffe43fc0000 - 0x00007ffe43fe7000 	C:\WINDOWS\System32\win32u.dll
0x00007ffe46da0000 - 0x00007ffe46dcb000 	C:\WINDOWS\System32\GDI32.dll
0x00007ffe441d0000 - 0x00007ffe442fb000 	C:\WINDOWS\System32\gdi32full.dll
0x00007ffe44b70000 - 0x00007ffe44c13000 	C:\WINDOWS\System32\msvcp_win.dll
0x00007ffe43300000 - 0x00007ffe43593000 	C:\WINDOWS\WinSxS\amd64_microsoft.windows.common-controls_6595b64144ccf1df_6.0.26100.7705_none_3e06597ae3363b04\COMCTL32.dll
0x00007ffe3c970000 - 0x00007ffe3c97b000 	C:\WINDOWS\SYSTEM32\VERSION.dll
0x00007ffe458d0000 - 0x00007ffe45901000 	C:\WINDOWS\System32\IMM32.DLL
0x00007ffe274d0000 - 0x00007ffe274dc000 	C:\Program Files\Java\jdk-21\bin\vcruntime140_1.dll
0x00007ffe23300000 - 0x00007ffe2338e000 	C:\Program Files\Java\jdk-21\bin\msvcp140.dll
0x00007ffe220c0000 - 0x00007ffe22ddd000 	C:\Program Files\Java\jdk-21\bin\server\jvm.dll
0x00007ffe45910000 - 0x00007ffe45984000 	C:\WINDOWS\System32\WS2_32.dll
0x00007ffe40f20000 - 0x00007ffe40f55000 	C:\WINDOWS\SYSTEM32\WINMM.dll
0x00007ffe43d60000 - 0x00007ffe43dbe000 	C:\WINDOWS\SYSTEM32\POWRPROF.dll
0x00007ffe43d40000 - 0x00007ffe43d54000 	C:\WINDOWS\SYSTEM32\UMPDC.dll
0x00007ffe423c0000 - 0x00007ffe423db000 	C:\WINDOWS\SYSTEM32\kernel.appcore.dll
0x00007ffe23920000 - 0x00007ffe2392a000 	C:\Program Files\Java\jdk-21\bin\jimage.dll
0x00007ffe436d0000 - 0x00007ffe43912000 	C:\WINDOWS\SYSTEM32\DBGHELP.DLL
0x00007ffe46ef0000 - 0x00007ffe47276000 	C:\WINDOWS\System32\combase.dll
0x00007ffe45780000 - 0x00007ffe45857000 	C:\WINDOWS\System32\OLEAUT32.dll
0x00007ffe435a0000 - 0x00007ffe435db000 	C:\WINDOWS\SYSTEM32\dbgcore.DLL
0x00007ffe45020000 - 0x00007ffe450c5000 	C:\WINDOWS\System32\bcryptPrimitives.dll
0x00007ffe117c0000 - 0x00007ffe117cf000 	C:\Program Files\Java\jdk-21\bin\instrument.dll
0x00007ffe230e0000 - 0x00007ffe230ff000 	C:\Program Files\Java\jdk-21\bin\java.dll
0x00007ffe45f30000 - 0x00007ffe46681000 	C:\WINDOWS\System32\SHELL32.dll
0x00007ffe450d0000 - 0x00007ffe4523a000 	C:\WINDOWS\System32\wintypes.dll
0x00007ffe44300000 - 0x00007ffe44b62000 	C:\WINDOWS\System32\windows.storage.dll
0x00007ffe45e30000 - 0x00007ffe45f26000 	C:\WINDOWS\System32\SHCORE.dll
0x00007ffe45860000 - 0x00007ffe458c7000 	C:\WINDOWS\System32\shlwapi.dll
0x00007ffe43e20000 - 0x00007ffe43e49000 	C:\WINDOWS\SYSTEM32\profapi.dll
0x00007ffe21de0000 - 0x00007ffe21eb7000 	C:\Program Files\Java\jdk-21\bin\jsvml.dll
0x00007ffe21b20000 - 0x00007ffe21b38000 	C:\Program Files\Java\jdk-21\bin\zip.dll
0x00007ffe234a0000 - 0x00007ffe234b0000 	C:\Program Files\Java\jdk-21\bin\net.dll
0x00007ffe39410000 - 0x00007ffe39537000 	C:\WINDOWS\SYSTEM32\WINHTTP.dll
0x00007ffe42ac0000 - 0x00007ffe42b2b000 	C:\WINDOWS\system32\mswsock.dll
0x00007ffe21b40000 - 0x00007ffe21b56000 	C:\Program Files\Java\jdk-21\bin\nio.dll
0x00007ffe1e970000 - 0x00007ffe1e980000 	C:\Program Files\Java\jdk-21\bin\verify.dll
0x00007ffe0d770000 - 0x00007ffe0d797000 	C:\Users\Excel\.gradle\native\c067742578af261105cb4f569cf0c3c89f3d7b1fecec35dd04571415982c5e48\windows-amd64\native-platform.dll
0x00007ffdd7990000 - 0x00007ffdd7ad4000 	C:\Users\Excel\.gradle\native\38dada09dfb8b06ba9b0570ebf7e218e3eb74d4ef43ca46872605cf95ebc2f47\windows-amd64\native-platform-file-events.dll
0x00007ffe278e0000 - 0x00007ffe278ea000 	C:\Program Files\Java\jdk-21\bin\management.dll
0x00007ffe278d0000 - 0x00007ffe278db000 	C:\Program Files\Java\jdk-21\bin\management_ext.dll
0x00007ffe46d90000 - 0x00007ffe46d98000 	C:\WINDOWS\System32\PSAPI.DLL
0x00007ffe43a20000 - 0x00007ffe43a3b000 	C:\WINDOWS\SYSTEM32\CRYPTSP.dll
0x00007ffe42380000 - 0x00007ffe423b9000 	C:\WINDOWS\system32\rsaenh.dll
0x00007ffe42b70000 - 0x00007ffe42b9b000 	C:\WINDOWS\SYSTEM32\USERENV.dll
0x00007ffe43df0000 - 0x00007ffe43e1a000 	C:\WINDOWS\SYSTEM32\bcrypt.dll
0x00007ffe42d80000 - 0x00007ffe42d8c000 	C:\WINDOWS\SYSTEM32\CRYPTBASE.dll
0x00007ffe41dc0000 - 0x00007ffe41df4000 	C:\WINDOWS\SYSTEM32\IPHLPAPI.DLL
0x00007ffe46dd0000 - 0x00007ffe46dda000 	C:\WINDOWS\System32\NSI.dll
0x00007ffe23420000 - 0x00007ffe23429000 	C:\Program Files\Java\jdk-21\bin\extnet.dll
0x00007ffe1e960000 - 0x00007ffe1e96e000 	C:\Program Files\Java\jdk-21\bin\sunmscapi.dll
0x00007ffe45240000 - 0x00007ffe453b7000 	C:\WINDOWS\System32\CRYPT32.dll
0x00007ffe42f00000 - 0x00007ffe42f30000 	C:\WINDOWS\SYSTEM32\ncrypt.dll
0x00007ffe42eb0000 - 0x00007ffe42eef000 	C:\WINDOWS\SYSTEM32\NTASN1.dll
0x00007ffe278f0000 - 0x00007ffe278f8000 	C:\WINDOWS\system32\wshunix.dll

dbghelp: loaded successfully - version: 4.0.5 - missing functions: none
symbol engine: initialized successfully - sym options: 0x614 - pdb path: .;C:\Program Files\Java\jdk-21\bin;C:\WINDOWS\SYSTEM32;C:\WINDOWS\WinSxS\amd64_microsoft.windows.common-controls_6595b64144ccf1df_6.0.26100.7705_none_3e06597ae3363b04;C:\Program Files\Java\jdk-21\bin\server;C:\Users\Excel\.gradle\native\c067742578af261105cb4f569cf0c3c89f3d7b1fecec35dd04571415982c5e48\windows-amd64;C:\Users\Excel\.gradle\native\38dada09dfb8b06ba9b0570ebf7e218e3eb74d4ef43ca46872605cf95ebc2f47\windows-amd64

VM Arguments:
jvm_args: --add-opens=java.base/java.util=ALL-UNNAMED --add-opens=java.base/java.lang=ALL-UNNAMED --add-opens=java.base/java.lang.invoke=ALL-UNNAMED --add-opens=java.prefs/java.util.prefs=ALL-UNNAMED --add-opens=java.base/java.nio.charset=ALL-UNNAMED --add-opens=java.base/java.net=ALL-UNNAMED --add-opens=java.base/java.util.concurrent.atomic=ALL-UNNAMED -Xmx1536m -Dfile.encoding=utf8 -Duser.country=IN -Duser.language=en -Duser.variant -javaagent:C:\Users\Excel\.gradle\wrapper\dists\gradle-8.6-bin\afr5mpiioh2wthjmwnkmdsd5w\gradle-8.6\lib\agents\gradle-instrumentation-agent-8.6.jar 
java_command: org.gradle.launcher.daemon.bootstrap.GradleDaemon 8.6
java_class_path (initial): C:\Users\Excel\.gradle\wrapper\dists\gradle-8.6-bin\afr5mpiioh2wthjmwnkmdsd5w\gradle-8.6\lib\gradle-launcher-8.6.jar
Launcher Type: SUN_STANDARD

[Global flags]
     intx CICompilerCount                          = 4                                         {product} {ergonomic}
     uint ConcGCThreads                            = 3                                         {product} {ergonomic}
     uint G1ConcRefinementThreads                  = 10                                        {product} {ergonomic}
   size_t G1HeapRegionSize                         = 1048576                                   {product} {ergonomic}
    uintx GCDrainStackTargetSize                   = 64                                        {product} {ergonomic}
   size_t InitialHeapSize                          = 98566144                                  {product} {ergonomic}
   size_t MarkStackSize                            = 4194304                                   {product} {ergonomic}
   size_t MaxHeapSize                              = 1610612736                                {product} {command line}
   size_t MaxNewSize                               = 965738496                                 {product} {ergonomic}
   size_t MinHeapDeltaBytes                        = 1048576                                   {product} {ergonomic}
   size_t MinHeapSize                              = 8388608                                   {product} {ergonomic}
    uintx NonNMethodCodeHeapSize                   = 5839372                                {pd product} {ergonomic}
    uintx NonProfiledCodeHeapSize                  = 122909434                              {pd product} {ergonomic}
    uintx ProfiledCodeHeapSize                     = 122909434                              {pd product} {ergonomic}
    uintx ReservedCodeCacheSize                    = 251658240                              {pd product} {ergonomic}
     bool SegmentedCodeCache                       = true                                      {product} {ergonomic}
   size_t SoftMaxHeapSize                          = 1610612736                             {manageable} {ergonomic}
     bool UseCompressedOops                        = true                           {product lp64_product} {ergonomic}
     bool UseG1GC                                  = true                                      {product} {ergonomic}
     bool UseLargePagesIndividualAllocation        = false                                  {pd product} {ergonomic}

Logging:
Log output configuration:
 #0: stdout all=warning uptime,level,tags foldmultilines=false
 #1: stderr all=off uptime,level,tags foldmultilines=false

Environment Variables:
PATH=C:\Program Files\Common Files\Oracle\Java\javapath;C:\WINDOWS\system32;C:\WINDOWS;C:\WINDOWS\System32\Wbem;C:\WINDOWS\System32\WindowsPowerShell\v1.0\;C:\WINDOWS\System32\OpenSSH\;C:\Program Files\dotnet\;C:\Program Files\nodejs\;C:\Program Files\Git\cmd;C:\Program Files\Docker\Docker\resources\bin;C:\Program Files\MySQL\MySQL Shell 8.0\bin\;C:\WINDOWS\system32;C:\WINDOWS;C:\WINDOWS\System32\Wbem;C:\WINDOWS\System32\WindowsPowerShell\v1.0\;C:\WINDOWS\System32\OpenSSH\;C:\Program Files\dotnet\;C:\Program Files\nodejs\;C:\Program Files\Git\cmd;C:\Users\Excel\AppData\Local\Programs\Python\Python310\Scripts\;C:\Users\Excel\AppData\Local\Programs\Python\Python310\;C:\Users\Excel\AppData\Local\Programs\Python\Launcher\;C:\Users\Excel\AppData\Local\Microsoft\WindowsApps;C:\Users\Excel\AppData\Local\Programs\Microsoft VS Code\bin;C:\Users\Excel\AppData\Local\Microsoft\WinGet\Packages\Schniz.fnm_Microsoft.Winget.Source_8wekyb3d8bbwe;C:\Users\Excel\AppData\Roaming\npm;C:\platform-tools;E:\Notes\CSE\Final_Year_Project\Project_Code\platform-tools;C:\ADB;E:\Notes\CSE\Final_Year_Project\Project_Code\platform-tools;C:\flutter\bin;C:\Program Files\Java\jdk-24;C:\maven-mvnd-1.0.2-windows-amd64;C:\Program Files\JetBrains\IntelliJ IDEA 2025.1.3\bin;;C:\Program Files\JetBrains\IntelliJ IDEA Community Edition 2025.1.3\bin;;C:\Users\Excel\AppData\Local\Programs\cursor\resources\app\bin;C:\Users\Excel\AppData\Local\GitHubDesktop\bin;C:\ProgramData\Excel\GitHubDesktop\bin
USERNAME=Excel
OS=Windows_NT
PROCESSOR_IDENTIFIER=AMD64 Family 23 Model 104 Stepping 1, AuthenticAMD
TMP=C:\Users\Excel\AppData\Local\Temp
TEMP=C:\Users\Excel\AppData\Local\Temp




Periodic native trim disabled

---------------  S Y S T E M  ---------------

OS:
 Windows 11 , 64 bit Build 26100 (10.0.26100.7705)
OS uptime: 0 days 9:13 hours
Hyper-V role detected

CPU: total 12 (initial active 12) (12 cores per cpu, 2 threads per core) family 23 model 104 stepping 1 microcode 0x8608102, cx8, cmov, fxsr, ht, mmx, 3dnowpref, sse, sse2, sse3, ssse3, sse4a, sse4.1, sse4.2, popcnt, lzcnt, tsc, tscinvbit, avx, avx2, aes, clmul, bmi1, bmi2, adx, sha, fma, vzeroupper, clflush, clflushopt, hv, rdtscp, rdpid, f16c
Processor Information for all 12 processors :
  Max Mhz: 2100, Current Mhz: 2100, Mhz Limit: 2100

Memory: 4k page, system-wide physical 6005M (777M free)
TotalPageFile size 22389M (AvailPageFile size 1M)
current process WorkingSet (physical memory assigned to process): 367M, peak: 406M
current process commit charge ("private bytes"): 540M, peak: 554M

vm_info: Java HotSpot(TM) 64-Bit Server VM (21.0.8+12-LTS-250) for windows-amd64 JRE (21.0.8+12-LTS-250), built on 2025-06-27T08:11:22Z by "mach5one" with MS VC++ 17.6 (VS2022)

END.
